<?xml version="1.0" encoding="utf-8"?>
<CoverageSession xmlns:xsd="http://www.w3.org/2001/XMLSchema" xmlns:xsi="http://www.w3.org/2001/XMLSchema-instance">
  <Summary numSequencePoints="1543" visitedSequencePoints="1506" numBranchPoints="512" visitedBranchPoints="475" sequenceCoverage="97.60" branchCoverage="92.77" maxCyclomaticComplexity="61" minCyclomaticComplexity="1" visitedClasses="52" numClasses="58" visitedMethods="399" numMethods="432" />
  <Modules>
    <Module skippedDueTo="Filter" hash="E8-5D-0D-DF-48-0E-E1-36-C7-A9-9F-6C-BD-62-D5-34-9F-F0-17-FE">
      <ModulePath>C:\WINDOWS\Microsoft.Net\assembly\GAC_64\mscorlib\v4.0_4.0.0.0__b77a5c561934e089\mscorlib.dll</ModulePath>
      <ModuleTime>2017-02-22T02:17:32.1365185Z</ModuleTime>
      <ModuleName>mscorlib</ModuleName>
      <Classes />
    </Module>
    <Module skippedDueTo="Filter" hash="70-0A-8C-00-26-D7-8E-3A-41-3C-43-6D-01-3C-09-CC-C9-73-85-C0">
      <ModulePath>C:\Users\RonaldRicardo\Source\Repos\Helpful.TextParser\packages\NUnit.ConsoleRunner.3.6.1\tools\nunit3-console.exe</ModulePath>
      <ModuleTime>2017-03-07T00:27:00Z</ModuleTime>
      <ModuleName>nunit3-console</ModuleName>
      <Classes />
    </Module>
    <Module skippedDueTo="Filter" hash="4F-2D-57-51-8C-EB-A3-76-1B-CA-7F-0F-4C-1E-A5-88-77-48-84-05">
      <ModulePath>C:\WINDOWS\Microsoft.Net\assembly\GAC_MSIL\System\v4.0_4.0.0.0__b77a5c561934e089\System.dll</ModulePath>
      <ModuleTime>2017-01-24T02:27:50.5038952Z</ModuleTime>
      <ModuleName>System</ModuleName>
      <Classes />
    </Module>
    <Module skippedDueTo="Filter" hash="90-A5-CB-F1-B1-A1-C2-DE-2A-BF-0B-6F-28-E9-82-CA-41-44-09-3A">
      <ModulePath>C:\Users\RonaldRicardo\Source\Repos\Helpful.TextParser\packages\NUnit.ConsoleRunner.3.6.1\tools\nunit.engine.api.dll</ModulePath>
      <ModuleTime>2017-03-07T00:27:00Z</ModuleTime>
      <ModuleName>nunit.engine.api</ModuleName>
      <Classes />
    </Module>
    <Module skippedDueTo="Filter" hash="96-DE-EF-3F-02-DC-0C-37-07-3E-B9-1D-D2-EF-F9-A2-D3-8E-11-00">
      <ModulePath>C:\Users\RonaldRicardo\Source\Repos\Helpful.TextParser\packages\NUnit.ConsoleRunner.3.6.1\tools\nunit.engine.dll</ModulePath>
      <ModuleTime>2017-03-07T00:27:00Z</ModuleTime>
      <ModuleName>nunit.engine</ModuleName>
      <Classes />
    </Module>
    <Module skippedDueTo="Filter" hash="96-DE-EF-3F-02-DC-0C-37-07-3E-B9-1D-D2-EF-F9-A2-D3-8E-11-00">
      <ModulePath>C:\Users\RonaldRicardo\Source\Repos\Helpful.TextParser\packages\NUnit.ConsoleRunner.3.6.1\tools\nunit.engine.dll</ModulePath>
      <ModuleTime>2017-03-07T00:27:00Z</ModuleTime>
      <ModuleName>nunit.engine</ModuleName>
      <Classes />
    </Module>
    <Module skippedDueTo="Filter" hash="88-45-F0-9C-3C-9F-72-79-CB-6A-82-FA-D7-DB-C3-4A-59-80-3C-6B">
      <ModulePath>C:\WINDOWS\Microsoft.Net\assembly\GAC_MSIL\System.Xml\v4.0_4.0.0.0__b77a5c561934e089\System.Xml.dll</ModulePath>
      <ModuleTime>2016-07-16T11:43:55.4992744Z</ModuleTime>
      <ModuleName>System.Xml</ModuleName>
      <Classes />
    </Module>
    <Module skippedDueTo="Filter" hash="11-98-E7-2B-6C-7D-11-C5-0F-66-CE-47-1E-CA-60-19-D0-EB-15-8B">
      <ModulePath>C:\WINDOWS\Microsoft.Net\assembly\GAC_64\System.Web\v4.0_4.0.0.0__b03f5f7f11d50a3a\System.Web.dll</ModulePath>
      <ModuleTime>2017-02-22T02:17:32.9959633Z</ModuleTime>
      <ModuleName>System.Web</ModuleName>
      <Classes />
    </Module>
    <Module skippedDueTo="Filter" hash="8A-2E-8F-D6-9D-39-02-4A-2F-30-FC-06-42-F7-0F-A8-32-69-07-72">
      <ModulePath>C:\Users\RonaldRicardo\Source\Repos\Helpful.TextParser\packages\NUnit.ConsoleRunner.3.6.1\tools\Mono.Cecil.dll</ModulePath>
      <ModuleTime>2017-03-07T00:27:00Z</ModuleTime>
      <ModuleName>Mono.Cecil</ModuleName>
      <Classes />
    </Module>
    <Module skippedDueTo="Filter" hash="A6-44-D7-5C-2C-AA-24-6D-2E-64-A4-48-13-C2-22-F5-E4-2D-CE-96">
      <ModulePath>C:\WINDOWS\Microsoft.Net\assembly\GAC_MSIL\System.Runtime.Remoting\v4.0_4.0.0.0__b77a5c561934e089\System.Runtime.Remoting.dll</ModulePath>
      <ModuleTime>2016-07-16T11:43:55.4680251Z</ModuleTime>
      <ModuleName>System.Runtime.Remoting</ModuleName>
      <Classes />
    </Module>
    <Module skippedDueTo="Filter" hash="34-A3-5D-67-8E-E7-DB-60-FE-97-F3-BD-D4-E7-40-6B-00-DA-51-C8">
      <ModulePath>C:\WINDOWS\Microsoft.Net\assembly\GAC_MSIL\System.Configuration\v4.0_4.0.0.0__b03f5f7f11d50a3a\System.Configuration.dll</ModulePath>
      <ModuleTime>2016-07-16T11:43:53.9992781Z</ModuleTime>
      <ModuleName>System.Configuration</ModuleName>
      <Classes />
    </Module>
    <Module skippedDueTo="Filter" hash="E8-5D-0D-DF-48-0E-E1-36-C7-A9-9F-6C-BD-62-D5-34-9F-F0-17-FE">
      <ModulePath>C:\WINDOWS\Microsoft.Net\assembly\GAC_64\mscorlib\v4.0_4.0.0.0__b77a5c561934e089\mscorlib.dll</ModulePath>
      <ModuleTime>2017-02-22T02:17:32.1365185Z</ModuleTime>
      <ModuleName>mscorlib</ModuleName>
      <Classes />
    </Module>
    <Module skippedDueTo="Filter" hash="75-5F-1A-C1-0E-E6-C9-A3-EC-A1-F0-6E-89-B4-98-86-0B-A8-B2-AD">
      <ModulePath>C:\Users\RonaldRicardo\Source\Repos\Helpful.TextParser\packages\NUnit.ConsoleRunner.3.6.1\tools\nunit-agent.exe</ModulePath>
      <ModuleTime>2017-03-07T00:27:00Z</ModuleTime>
      <ModuleName>nunit-agent</ModuleName>
      <Classes />
    </Module>
    <Module skippedDueTo="Filter" hash="96-DE-EF-3F-02-DC-0C-37-07-3E-B9-1D-D2-EF-F9-A2-D3-8E-11-00">
      <ModulePath>C:\Users\RonaldRicardo\Source\Repos\Helpful.TextParser\packages\NUnit.ConsoleRunner.3.6.1\tools\nunit.engine.dll</ModulePath>
      <ModuleTime>2017-03-07T00:27:00Z</ModuleTime>
      <ModuleName>nunit.engine</ModuleName>
      <Classes />
    </Module>
    <Module skippedDueTo="Filter" hash="90-A5-CB-F1-B1-A1-C2-DE-2A-BF-0B-6F-28-E9-82-CA-41-44-09-3A">
      <ModulePath>C:\Users\RonaldRicardo\Source\Repos\Helpful.TextParser\packages\NUnit.ConsoleRunner.3.6.1\tools\nunit.engine.api.dll</ModulePath>
      <ModuleTime>2017-03-07T00:27:00Z</ModuleTime>
      <ModuleName>nunit.engine.api</ModuleName>
      <Classes />
    </Module>
    <Module skippedDueTo="Filter" hash="4F-2D-57-51-8C-EB-A3-76-1B-CA-7F-0F-4C-1E-A5-88-77-48-84-05">
      <ModulePath>C:\WINDOWS\Microsoft.Net\assembly\GAC_MSIL\System\v4.0_4.0.0.0__b77a5c561934e089\System.dll</ModulePath>
      <ModuleTime>2017-01-24T02:27:50.5038952Z</ModuleTime>
      <ModuleName>System</ModuleName>
      <Classes />
    </Module>
    <Module skippedDueTo="Filter" hash="A6-44-D7-5C-2C-AA-24-6D-2E-64-A4-48-13-C2-22-F5-E4-2D-CE-96">
      <ModulePath>C:\WINDOWS\Microsoft.Net\assembly\GAC_MSIL\System.Runtime.Remoting\v4.0_4.0.0.0__b77a5c561934e089\System.Runtime.Remoting.dll</ModulePath>
      <ModuleTime>2016-07-16T11:43:55.4680251Z</ModuleTime>
      <ModuleName>System.Runtime.Remoting</ModuleName>
      <Classes />
    </Module>
    <Module skippedDueTo="Filter" hash="88-45-F0-9C-3C-9F-72-79-CB-6A-82-FA-D7-DB-C3-4A-59-80-3C-6B">
      <ModulePath>C:\WINDOWS\Microsoft.Net\assembly\GAC_MSIL\System.Xml\v4.0_4.0.0.0__b77a5c561934e089\System.Xml.dll</ModulePath>
      <ModuleTime>2016-07-16T11:43:55.4992744Z</ModuleTime>
      <ModuleName>System.Xml</ModuleName>
      <Classes />
    </Module>
    <Module skippedDueTo="Filter" hash="11-98-E7-2B-6C-7D-11-C5-0F-66-CE-47-1E-CA-60-19-D0-EB-15-8B">
      <ModulePath>C:\WINDOWS\Microsoft.Net\assembly\GAC_64\System.Web\v4.0_4.0.0.0__b03f5f7f11d50a3a\System.Web.dll</ModulePath>
      <ModuleTime>2017-02-22T02:17:32.9959633Z</ModuleTime>
      <ModuleName>System.Web</ModuleName>
      <Classes />
    </Module>
    <Module skippedDueTo="Filter" hash="8A-2E-8F-D6-9D-39-02-4A-2F-30-FC-06-42-F7-0F-A8-32-69-07-72">
      <ModulePath>C:\Users\RonaldRicardo\Source\Repos\Helpful.TextParser\packages\NUnit.ConsoleRunner.3.6.1\tools\Mono.Cecil.dll</ModulePath>
      <ModuleTime>2017-03-07T00:27:00Z</ModuleTime>
      <ModuleName>Mono.Cecil</ModuleName>
      <Classes />
    </Module>
    <Module skippedDueTo="Filter" hash="34-A3-5D-67-8E-E7-DB-60-FE-97-F3-BD-D4-E7-40-6B-00-DA-51-C8">
      <ModulePath>C:\WINDOWS\Microsoft.Net\assembly\GAC_MSIL\System.Configuration\v4.0_4.0.0.0__b03f5f7f11d50a3a\System.Configuration.dll</ModulePath>
      <ModuleTime>2016-07-16T11:43:53.9992781Z</ModuleTime>
      <ModuleName>System.Configuration</ModuleName>
      <Classes />
    </Module>
    <Module skippedDueTo="Filter" hash="6C-04-8C-57-BA-16-AC-9A-1E-6F-C5-9B-72-58-A4-91-04-FA-A5-1E">
      <ModulePath>C:\Users\RonaldRicardo\Source\Repos\Helpful.TextParser\Helpful.TextParser.Test\bin\Debug\nunit.framework.dll</ModulePath>
      <ModuleTime>2017-02-25T15:53:22Z</ModuleTime>
      <ModuleName>nunit.framework</ModuleName>
      <Classes />
    </Module>
    <Module skippedDueTo="Filter" hash="4F-2D-57-51-8C-EB-A3-76-1B-CA-7F-0F-4C-1E-A5-88-77-48-84-05">
      <ModulePath>C:\WINDOWS\Microsoft.Net\assembly\GAC_MSIL\System\v4.0_4.0.0.0__b77a5c561934e089\System.dll</ModulePath>
      <ModuleTime>2017-01-24T02:27:50.5038952Z</ModuleTime>
      <ModuleName>System</ModuleName>
      <Classes />
    </Module>
    <Module skippedDueTo="Filter" hash="0E-27-EE-48-18-43-E9-5B-DA-5C-9E-39-CB-7D-31-B7-EA-D9-09-31">
      <ModulePath>C:\WINDOWS\Microsoft.Net\assembly\GAC_MSIL\System.Core\v4.0_4.0.0.0__b77a5c561934e089\System.Core.dll</ModulePath>
      <ModuleTime>2017-02-22T02:02:52.7009184Z</ModuleTime>
      <ModuleName>System.Core</ModuleName>
      <Classes />
    </Module>
    <Module skippedDueTo="Filter" hash="11-98-E7-2B-6C-7D-11-C5-0F-66-CE-47-1E-CA-60-19-D0-EB-15-8B">
      <ModulePath>C:\WINDOWS\Microsoft.Net\assembly\GAC_64\System.Web\v4.0_4.0.0.0__b03f5f7f11d50a3a\System.Web.dll</ModulePath>
      <ModuleTime>2017-02-22T02:17:32.9959633Z</ModuleTime>
      <ModuleName>System.Web</ModuleName>
      <Classes />
    </Module>
    <Module hash="B1-8E-FB-11-DB-37-01-19-EB-E4-AE-93-F5-2D-F5-82-25-F2-D1-07">
      <Summary numSequencePoints="1002" visitedSequencePoints="969" numBranchPoints="332" visitedBranchPoints="299" sequenceCoverage="96.71" branchCoverage="90.06" maxCyclomaticComplexity="61" minCyclomaticComplexity="1" visitedClasses="25" numClasses="31" visitedMethods="297" numMethods="330" />
      <ModulePath>C:\Users\RonaldRicardo\Source\Repos\Helpful.TextParser\Helpful.TextParser.Test\bin\Debug\Helpful.TextParser.Test.dll</ModulePath>
      <ModuleTime>2017-04-10T02:28:51.5081352Z</ModuleTime>
      <ModuleName>Helpful.TextParser.Test</ModuleName>
      <Files>
        <File uid="1" fullPath="C:\Users\RonaldRicardo\Source\Repos\Helpful.TextParser\Helpful.TextParser.Test\ValueSetter\ValueSetterTest.cs" />
        <File uid="3" fullPath="C:\Users\RonaldRicardo\Source\Repos\Helpful.TextParser\Helpful.TextParser.Test\Parser\ParserTest.cs" />
        <File uid="8" fullPath="C:\Users\RonaldRicardo\Source\Repos\Helpful.TextParser\Helpful.TextParser.Test\LineValueExtractor\DelimitedLineValueExtractorTest.cs" />
        <File uid="9" fullPath="C:\Users\RonaldRicardo\Source\Repos\Helpful.TextParser\Helpful.TextParser.Test\LineValueExtractor\LineValueExtractorFactoryTest.cs" />
        <File uid="10" fullPath="C:\Users\RonaldRicardo\Source\Repos\Helpful.TextParser\Helpful.TextParser.Test\LineValueExtractor\PositionedLineValueExtractorTest.cs" />
        <File uid="11" fullPath="C:\Users\RonaldRicardo\Source\Repos\Helpful.TextParser\Helpful.TextParser.Test\Fluent\DelimitedDescriptorTest.cs" />
        <File uid="20" fullPath="C:\Users\RonaldRicardo\Source\Repos\Helpful.TextParser\Helpful.TextParser.Test\Fluent\PositionedDescriptorTest.cs" />
      </Files>
      <Classes>
        <Class>
          <Summary numSequencePoints="0" visitedSequencePoints="0" numBranchPoints="0" visitedBranchPoints="0" sequenceCoverage="0" branchCoverage="0" maxCyclomaticComplexity="0" minCyclomaticComplexity="0" visitedClasses="0" numClasses="0" visitedMethods="0" numMethods="0" />
          <FullName>&lt;Module&gt;</FullName>
          <Methods />
        </Class>
        <Class>
          <Summary numSequencePoints="17" visitedSequencePoints="17" numBranchPoints="4" visitedBranchPoints="4" sequenceCoverage="100" branchCoverage="100" maxCyclomaticComplexity="2" minCyclomaticComplexity="1" visitedClasses="1" numClasses="1" visitedMethods="2" numMethods="2" />
          <FullName>Helpful.TextParser.Test.ValueSetter.ValueSetterTest</FullName>
          <Methods>
            <Method visited="true" cyclomaticComplexity="2" nPathComplexity="2" sequenceCoverage="100" branchCoverage="100" isConstructor="false" isStatic="false" isGetter="false" isSetter="false">
              <Summary numSequencePoints="10" visitedSequencePoints="10" numBranchPoints="3" visitedBranchPoints="3" sequenceCoverage="100" branchCoverage="100" maxCyclomaticComplexity="2" minCyclomaticComplexity="2" visitedClasses="0" numClasses="0" visitedMethods="1" numMethods="1" />
              <MetadataToken>100663297</MetadataToken>
              <Name>System.Void Helpful.TextParser.Test.ValueSetter.ValueSetterTest::Set_SetValue_ValueIsSet(System.String,System.String,System.Boolean,System.Object)</Name>
              <FileRef uid="1" />
              <SequencePoints>
                <SequencePoint vc="21" uspid="1" ordinal="0" offset="0" sl="33" sc="9" el="33" ec="10" bec="0" bev="0" fileid="1" />
                <SequencePoint vc="21" uspid="2" ordinal="1" offset="1" sl="34" sc="13" el="34" ec="54" bec="0" bev="0" fileid="1" />
                <SequencePoint vc="21" uspid="3" ordinal="2" offset="7" sl="36" sc="13" el="36" ec="130" bec="0" bev="0" fileid="1" />
                <SequencePoint vc="21" uspid="4" ordinal="3" offset="26" sl="38" sc="13" el="38" ec="46" bec="0" bev="0" fileid="1" />
                <SequencePoint vc="21" uspid="5" ordinal="4" offset="32" sl="40" sc="13" el="40" ec="71" bec="0" bev="0" fileid="1" />
                <SequencePoint vc="21" uspid="6" ordinal="5" offset="48" sl="42" sc="13" el="42" ec="29" bec="2" bev="2" fileid="1" />
                <SequencePoint vc="16" uspid="7" ordinal="6" offset="53" sl="43" sc="13" el="43" ec="14" bec="0" bev="0" fileid="1" />
                <SequencePoint vc="16" uspid="8" ordinal="7" offset="54" sl="44" sc="17" el="44" ec="70" bec="0" bev="0" fileid="1" />
                <SequencePoint vc="16" uspid="9" ordinal="8" offset="69" sl="45" sc="13" el="45" ec="14" bec="0" bev="0" fileid="1" />
                <SequencePoint vc="21" uspid="10" ordinal="9" offset="70" sl="46" sc="9" el="46" ec="10" bec="0" bev="0" fileid="1" />
              </SequencePoints>
              <BranchPoints>
                <BranchPoint vc="16" uspid="11" ordinal="0" offset="51" sl="42" path="0" offsetend="53" fileid="1" />
                <BranchPoint vc="5" uspid="12" ordinal="1" offset="51" sl="42" path="1" offsetend="70" fileid="1" />
              </BranchPoints>
              <MethodPoint xsi:type="SequencePoint" vc="21" uspid="1" ordinal="0" offset="0" sl="33" sc="9" el="33" ec="10" bec="0" bev="0" fileid="1" />
            </Method>
            <Method visited="true" cyclomaticComplexity="1" nPathComplexity="0" sequenceCoverage="100" branchCoverage="100" isConstructor="false" isStatic="false" isGetter="false" isSetter="false">
              <Summary numSequencePoints="7" visitedSequencePoints="7" numBranchPoints="1" visitedBranchPoints="1" sequenceCoverage="100" branchCoverage="100" maxCyclomaticComplexity="1" minCyclomaticComplexity="1" visitedClasses="0" numClasses="0" visitedMethods="1" numMethods="1" />
              <MetadataToken>100663298</MetadataToken>
              <Name>System.Void Helpful.TextParser.Test.ValueSetter.ValueSetterTest::Set_SetValueDateTime_ValueIsSet()</Name>
              <FileRef uid="1" />
              <SequencePoints>
                <SequencePoint vc="1" uspid="13" ordinal="0" offset="0" sl="50" sc="9" el="50" ec="10" bec="0" bev="0" fileid="1" />
                <SequencePoint vc="1" uspid="14" ordinal="1" offset="1" sl="51" sc="13" el="51" ec="54" bec="0" bev="0" fileid="1" />
                <SequencePoint vc="1" uspid="15" ordinal="2" offset="7" sl="53" sc="13" el="53" ec="132" bec="0" bev="0" fileid="1" />
                <SequencePoint vc="1" uspid="16" ordinal="3" offset="30" sl="55" sc="13" el="55" ec="46" bec="0" bev="0" fileid="1" />
                <SequencePoint vc="1" uspid="17" ordinal="4" offset="36" sl="57" sc="13" el="57" ec="71" bec="0" bev="0" fileid="1" />
                <SequencePoint vc="1" uspid="18" ordinal="5" offset="55" sl="59" sc="13" el="59" ec="79" bec="0" bev="0" fileid="1" />
                <SequencePoint vc="1" uspid="19" ordinal="6" offset="85" sl="60" sc="9" el="60" ec="10" bec="0" bev="0" fileid="1" />
              </SequencePoints>
              <BranchPoints />
              <MethodPoint xsi:type="SequencePoint" vc="1" uspid="13" ordinal="0" offset="0" sl="50" sc="9" el="50" ec="10" bec="0" bev="0" fileid="1" />
            </Method>
            <Method visited="true" cyclomaticComplexity="1" nPathComplexity="0" sequenceCoverage="0" branchCoverage="0" isConstructor="true" isStatic="false" isGetter="false" isSetter="false">
              <Summary numSequencePoints="0" visitedSequencePoints="0" numBranchPoints="0" visitedBranchPoints="0" sequenceCoverage="0" branchCoverage="0" maxCyclomaticComplexity="1" minCyclomaticComplexity="1" visitedClasses="0" numClasses="0" visitedMethods="0" numMethods="0" />
              <MetadataToken>100663299</MetadataToken>
              <Name>System.Void Helpful.TextParser.Test.ValueSetter.ValueSetterTest::.ctor()</Name>
              <SequencePoints />
              <BranchPoints />
              <MethodPoint vc="1" uspid="20" ordinal="0" offset="0" />
            </Method>
          </Methods>
        </Class>
        <Class>
          <Summary numSequencePoints="34" visitedSequencePoints="33" numBranchPoints="34" visitedBranchPoints="33" sequenceCoverage="97.06" branchCoverage="97.06" maxCyclomaticComplexity="1" minCyclomaticComplexity="1" visitedClasses="1" numClasses="1" visitedMethods="33" numMethods="34" />
          <FullName>Helpful.TextParser.Test.ValueSetter.DummyWithAllProperties</FullName>
          <Methods>
            <Method visited="true" cyclomaticComplexity="1" nPathComplexity="0" sequenceCoverage="100" branchCoverage="100" isConstructor="false" isStatic="false" isGetter="true" isSetter="false">
              <Summary numSequencePoints="1" visitedSequencePoints="1" numBranchPoints="1" visitedBranchPoints="1" sequenceCoverage="100" branchCoverage="100" maxCyclomaticComplexity="1" minCyclomaticComplexity="1" visitedClasses="0" numClasses="0" visitedMethods="1" numMethods="1" />
              <MetadataToken>100663300</MetadataToken>
              <Name>System.Nullable`1&lt;System.DateTime&gt; Helpful.TextParser.Test.ValueSetter.DummyWithAllProperties::get_NullableDateTime()</Name>
              <FileRef uid="1" />
              <SequencePoints>
                <SequencePoint vc="1" uspid="21" ordinal="0" offset="0" sl="65" sc="45" el="65" ec="49" bec="0" bev="0" fileid="1" />
              </SequencePoints>
              <BranchPoints />
              <MethodPoint xsi:type="SequencePoint" vc="1" uspid="21" ordinal="0" offset="0" sl="65" sc="45" el="65" ec="49" bec="0" bev="0" fileid="1" />
            </Method>
            <Method visited="false" cyclomaticComplexity="1" nPathComplexity="0" sequenceCoverage="0" branchCoverage="0" isConstructor="false" isStatic="false" isGetter="false" isSetter="true">
              <Summary numSequencePoints="1" visitedSequencePoints="0" numBranchPoints="1" visitedBranchPoints="0" sequenceCoverage="0" branchCoverage="0" maxCyclomaticComplexity="1" minCyclomaticComplexity="1" visitedClasses="0" numClasses="0" visitedMethods="0" numMethods="1" />
              <MetadataToken>100663301</MetadataToken>
              <Name>System.Void Helpful.TextParser.Test.ValueSetter.DummyWithAllProperties::set_NullableDateTime(System.Nullable`1&lt;System.DateTime&gt;)</Name>
              <FileRef uid="1" />
              <SequencePoints>
                <SequencePoint vc="0" uspid="22" ordinal="0" offset="0" sl="65" sc="50" el="65" ec="54" bec="0" bev="0" fileid="1" />
              </SequencePoints>
              <BranchPoints />
              <MethodPoint xsi:type="SequencePoint" vc="0" uspid="22" ordinal="0" offset="0" sl="65" sc="50" el="65" ec="54" bec="0" bev="0" fileid="1" />
            </Method>
            <Method visited="true" cyclomaticComplexity="1" nPathComplexity="0" sequenceCoverage="100" branchCoverage="100" isConstructor="false" isStatic="false" isGetter="true" isSetter="false">
              <Summary numSequencePoints="1" visitedSequencePoints="1" numBranchPoints="1" visitedBranchPoints="1" sequenceCoverage="100" branchCoverage="100" maxCyclomaticComplexity="1" minCyclomaticComplexity="1" visitedClasses="0" numClasses="0" visitedMethods="1" numMethods="1" />
              <MetadataToken>100663302</MetadataToken>
              <Name>System.DateTime Helpful.TextParser.Test.ValueSetter.DummyWithAllProperties::get_DateTime()</Name>
              <FileRef uid="1" />
              <SequencePoints>
                <SequencePoint vc="1" uspid="23" ordinal="0" offset="0" sl="67" sc="36" el="67" ec="40" bec="0" bev="0" fileid="1" />
              </SequencePoints>
              <BranchPoints />
              <MethodPoint xsi:type="SequencePoint" vc="1" uspid="23" ordinal="0" offset="0" sl="67" sc="36" el="67" ec="40" bec="0" bev="0" fileid="1" />
            </Method>
            <Method visited="true" cyclomaticComplexity="1" nPathComplexity="0" sequenceCoverage="100" branchCoverage="100" isConstructor="false" isStatic="false" isGetter="false" isSetter="true">
              <Summary numSequencePoints="1" visitedSequencePoints="1" numBranchPoints="1" visitedBranchPoints="1" sequenceCoverage="100" branchCoverage="100" maxCyclomaticComplexity="1" minCyclomaticComplexity="1" visitedClasses="0" numClasses="0" visitedMethods="1" numMethods="1" />
              <MetadataToken>100663303</MetadataToken>
              <Name>System.Void Helpful.TextParser.Test.ValueSetter.DummyWithAllProperties::set_DateTime(System.DateTime)</Name>
              <FileRef uid="1" />
              <SequencePoints>
                <SequencePoint vc="1" uspid="24" ordinal="0" offset="0" sl="67" sc="41" el="67" ec="45" bec="0" bev="0" fileid="1" />
              </SequencePoints>
              <BranchPoints />
              <MethodPoint xsi:type="SequencePoint" vc="1" uspid="24" ordinal="0" offset="0" sl="67" sc="41" el="67" ec="45" bec="0" bev="0" fileid="1" />
            </Method>
            <Method visited="true" cyclomaticComplexity="1" nPathComplexity="0" sequenceCoverage="100" branchCoverage="100" isConstructor="false" isStatic="false" isGetter="true" isSetter="false">
              <Summary numSequencePoints="1" visitedSequencePoints="1" numBranchPoints="1" visitedBranchPoints="1" sequenceCoverage="100" branchCoverage="100" maxCyclomaticComplexity="1" minCyclomaticComplexity="1" visitedClasses="0" numClasses="0" visitedMethods="1" numMethods="1" />
              <MetadataToken>100663304</MetadataToken>
              <Name>System.Boolean Helpful.TextParser.Test.ValueSetter.DummyWithAllProperties::get_Boolean()</Name>
              <FileRef uid="1" />
              <SequencePoints>
                <SequencePoint vc="1" uspid="25" ordinal="0" offset="0" sl="69" sc="31" el="69" ec="35" bec="0" bev="0" fileid="1" />
              </SequencePoints>
              <BranchPoints />
              <MethodPoint xsi:type="SequencePoint" vc="1" uspid="25" ordinal="0" offset="0" sl="69" sc="31" el="69" ec="35" bec="0" bev="0" fileid="1" />
            </Method>
            <Method visited="true" cyclomaticComplexity="1" nPathComplexity="0" sequenceCoverage="100" branchCoverage="100" isConstructor="false" isStatic="false" isGetter="false" isSetter="true">
              <Summary numSequencePoints="1" visitedSequencePoints="1" numBranchPoints="1" visitedBranchPoints="1" sequenceCoverage="100" branchCoverage="100" maxCyclomaticComplexity="1" minCyclomaticComplexity="1" visitedClasses="0" numClasses="0" visitedMethods="1" numMethods="1" />
              <MetadataToken>100663305</MetadataToken>
              <Name>System.Void Helpful.TextParser.Test.ValueSetter.DummyWithAllProperties::set_Boolean(System.Boolean)</Name>
              <FileRef uid="1" />
              <SequencePoints>
                <SequencePoint vc="1" uspid="26" ordinal="0" offset="0" sl="69" sc="36" el="69" ec="40" bec="0" bev="0" fileid="1" />
              </SequencePoints>
              <BranchPoints />
              <MethodPoint xsi:type="SequencePoint" vc="1" uspid="26" ordinal="0" offset="0" sl="69" sc="36" el="69" ec="40" bec="0" bev="0" fileid="1" />
            </Method>
            <Method visited="true" cyclomaticComplexity="1" nPathComplexity="0" sequenceCoverage="100" branchCoverage="100" isConstructor="false" isStatic="false" isGetter="true" isSetter="false">
              <Summary numSequencePoints="1" visitedSequencePoints="1" numBranchPoints="1" visitedBranchPoints="1" sequenceCoverage="100" branchCoverage="100" maxCyclomaticComplexity="1" minCyclomaticComplexity="1" visitedClasses="0" numClasses="0" visitedMethods="1" numMethods="1" />
              <MetadataToken>100663306</MetadataToken>
              <Name>System.Byte Helpful.TextParser.Test.ValueSetter.DummyWithAllProperties::get_Byte()</Name>
              <FileRef uid="1" />
              <SequencePoints>
                <SequencePoint vc="1" uspid="27" ordinal="0" offset="0" sl="71" sc="28" el="71" ec="32" bec="0" bev="0" fileid="1" />
              </SequencePoints>
              <BranchPoints />
              <MethodPoint xsi:type="SequencePoint" vc="1" uspid="27" ordinal="0" offset="0" sl="71" sc="28" el="71" ec="32" bec="0" bev="0" fileid="1" />
            </Method>
            <Method visited="true" cyclomaticComplexity="1" nPathComplexity="0" sequenceCoverage="100" branchCoverage="100" isConstructor="false" isStatic="false" isGetter="false" isSetter="true">
              <Summary numSequencePoints="1" visitedSequencePoints="1" numBranchPoints="1" visitedBranchPoints="1" sequenceCoverage="100" branchCoverage="100" maxCyclomaticComplexity="1" minCyclomaticComplexity="1" visitedClasses="0" numClasses="0" visitedMethods="1" numMethods="1" />
              <MetadataToken>100663307</MetadataToken>
              <Name>System.Void Helpful.TextParser.Test.ValueSetter.DummyWithAllProperties::set_Byte(System.Byte)</Name>
              <FileRef uid="1" />
              <SequencePoints>
                <SequencePoint vc="1" uspid="28" ordinal="0" offset="0" sl="71" sc="33" el="71" ec="37" bec="0" bev="0" fileid="1" />
              </SequencePoints>
              <BranchPoints />
              <MethodPoint xsi:type="SequencePoint" vc="1" uspid="28" ordinal="0" offset="0" sl="71" sc="33" el="71" ec="37" bec="0" bev="0" fileid="1" />
            </Method>
            <Method visited="true" cyclomaticComplexity="1" nPathComplexity="0" sequenceCoverage="100" branchCoverage="100" isConstructor="false" isStatic="false" isGetter="true" isSetter="false">
              <Summary numSequencePoints="1" visitedSequencePoints="1" numBranchPoints="1" visitedBranchPoints="1" sequenceCoverage="100" branchCoverage="100" maxCyclomaticComplexity="1" minCyclomaticComplexity="1" visitedClasses="0" numClasses="0" visitedMethods="1" numMethods="1" />
              <MetadataToken>100663308</MetadataToken>
              <Name>System.SByte Helpful.TextParser.Test.ValueSetter.DummyWithAllProperties::get_SByte()</Name>
              <FileRef uid="1" />
              <SequencePoints>
                <SequencePoint vc="1" uspid="29" ordinal="0" offset="0" sl="73" sc="30" el="73" ec="34" bec="0" bev="0" fileid="1" />
              </SequencePoints>
              <BranchPoints />
              <MethodPoint xsi:type="SequencePoint" vc="1" uspid="29" ordinal="0" offset="0" sl="73" sc="30" el="73" ec="34" bec="0" bev="0" fileid="1" />
            </Method>
            <Method visited="true" cyclomaticComplexity="1" nPathComplexity="0" sequenceCoverage="100" branchCoverage="100" isConstructor="false" isStatic="false" isGetter="false" isSetter="true">
              <Summary numSequencePoints="1" visitedSequencePoints="1" numBranchPoints="1" visitedBranchPoints="1" sequenceCoverage="100" branchCoverage="100" maxCyclomaticComplexity="1" minCyclomaticComplexity="1" visitedClasses="0" numClasses="0" visitedMethods="1" numMethods="1" />
              <MetadataToken>100663309</MetadataToken>
              <Name>System.Void Helpful.TextParser.Test.ValueSetter.DummyWithAllProperties::set_SByte(System.SByte)</Name>
              <FileRef uid="1" />
              <SequencePoints>
                <SequencePoint vc="1" uspid="30" ordinal="0" offset="0" sl="73" sc="35" el="73" ec="39" bec="0" bev="0" fileid="1" />
              </SequencePoints>
              <BranchPoints />
              <MethodPoint xsi:type="SequencePoint" vc="1" uspid="30" ordinal="0" offset="0" sl="73" sc="35" el="73" ec="39" bec="0" bev="0" fileid="1" />
            </Method>
            <Method visited="true" cyclomaticComplexity="1" nPathComplexity="0" sequenceCoverage="100" branchCoverage="100" isConstructor="false" isStatic="false" isGetter="true" isSetter="false">
              <Summary numSequencePoints="1" visitedSequencePoints="1" numBranchPoints="1" visitedBranchPoints="1" sequenceCoverage="100" branchCoverage="100" maxCyclomaticComplexity="1" minCyclomaticComplexity="1" visitedClasses="0" numClasses="0" visitedMethods="1" numMethods="1" />
              <MetadataToken>100663310</MetadataToken>
              <Name>System.Char Helpful.TextParser.Test.ValueSetter.DummyWithAllProperties::get_Char()</Name>
              <FileRef uid="1" />
              <SequencePoints>
                <SequencePoint vc="1" uspid="31" ordinal="0" offset="0" sl="75" sc="28" el="75" ec="32" bec="0" bev="0" fileid="1" />
              </SequencePoints>
              <BranchPoints />
              <MethodPoint xsi:type="SequencePoint" vc="1" uspid="31" ordinal="0" offset="0" sl="75" sc="28" el="75" ec="32" bec="0" bev="0" fileid="1" />
            </Method>
            <Method visited="true" cyclomaticComplexity="1" nPathComplexity="0" sequenceCoverage="100" branchCoverage="100" isConstructor="false" isStatic="false" isGetter="false" isSetter="true">
              <Summary numSequencePoints="1" visitedSequencePoints="1" numBranchPoints="1" visitedBranchPoints="1" sequenceCoverage="100" branchCoverage="100" maxCyclomaticComplexity="1" minCyclomaticComplexity="1" visitedClasses="0" numClasses="0" visitedMethods="1" numMethods="1" />
              <MetadataToken>100663311</MetadataToken>
              <Name>System.Void Helpful.TextParser.Test.ValueSetter.DummyWithAllProperties::set_Char(System.Char)</Name>
              <FileRef uid="1" />
              <SequencePoints>
                <SequencePoint vc="1" uspid="32" ordinal="0" offset="0" sl="75" sc="33" el="75" ec="37" bec="0" bev="0" fileid="1" />
              </SequencePoints>
              <BranchPoints />
              <MethodPoint xsi:type="SequencePoint" vc="1" uspid="32" ordinal="0" offset="0" sl="75" sc="33" el="75" ec="37" bec="0" bev="0" fileid="1" />
            </Method>
            <Method visited="true" cyclomaticComplexity="1" nPathComplexity="0" sequenceCoverage="100" branchCoverage="100" isConstructor="false" isStatic="false" isGetter="true" isSetter="false">
              <Summary numSequencePoints="1" visitedSequencePoints="1" numBranchPoints="1" visitedBranchPoints="1" sequenceCoverage="100" branchCoverage="100" maxCyclomaticComplexity="1" minCyclomaticComplexity="1" visitedClasses="0" numClasses="0" visitedMethods="1" numMethods="1" />
              <MetadataToken>100663312</MetadataToken>
              <Name>System.Decimal Helpful.TextParser.Test.ValueSetter.DummyWithAllProperties::get_Decimal()</Name>
              <FileRef uid="1" />
              <SequencePoints>
                <SequencePoint vc="1" uspid="33" ordinal="0" offset="0" sl="77" sc="34" el="77" ec="38" bec="0" bev="0" fileid="1" />
              </SequencePoints>
              <BranchPoints />
              <MethodPoint xsi:type="SequencePoint" vc="1" uspid="33" ordinal="0" offset="0" sl="77" sc="34" el="77" ec="38" bec="0" bev="0" fileid="1" />
            </Method>
            <Method visited="true" cyclomaticComplexity="1" nPathComplexity="0" sequenceCoverage="100" branchCoverage="100" isConstructor="false" isStatic="false" isGetter="false" isSetter="true">
              <Summary numSequencePoints="1" visitedSequencePoints="1" numBranchPoints="1" visitedBranchPoints="1" sequenceCoverage="100" branchCoverage="100" maxCyclomaticComplexity="1" minCyclomaticComplexity="1" visitedClasses="0" numClasses="0" visitedMethods="1" numMethods="1" />
              <MetadataToken>100663313</MetadataToken>
              <Name>System.Void Helpful.TextParser.Test.ValueSetter.DummyWithAllProperties::set_Decimal(System.Decimal)</Name>
              <FileRef uid="1" />
              <SequencePoints>
                <SequencePoint vc="1" uspid="34" ordinal="0" offset="0" sl="77" sc="39" el="77" ec="43" bec="0" bev="0" fileid="1" />
              </SequencePoints>
              <BranchPoints />
              <MethodPoint xsi:type="SequencePoint" vc="1" uspid="34" ordinal="0" offset="0" sl="77" sc="39" el="77" ec="43" bec="0" bev="0" fileid="1" />
            </Method>
            <Method visited="true" cyclomaticComplexity="1" nPathComplexity="0" sequenceCoverage="100" branchCoverage="100" isConstructor="false" isStatic="false" isGetter="true" isSetter="false">
              <Summary numSequencePoints="1" visitedSequencePoints="1" numBranchPoints="1" visitedBranchPoints="1" sequenceCoverage="100" branchCoverage="100" maxCyclomaticComplexity="1" minCyclomaticComplexity="1" visitedClasses="0" numClasses="0" visitedMethods="1" numMethods="1" />
              <MetadataToken>100663314</MetadataToken>
              <Name>System.Double Helpful.TextParser.Test.ValueSetter.DummyWithAllProperties::get_Double()</Name>
              <FileRef uid="1" />
              <SequencePoints>
                <SequencePoint vc="1" uspid="35" ordinal="0" offset="0" sl="79" sc="32" el="79" ec="36" bec="0" bev="0" fileid="1" />
              </SequencePoints>
              <BranchPoints />
              <MethodPoint xsi:type="SequencePoint" vc="1" uspid="35" ordinal="0" offset="0" sl="79" sc="32" el="79" ec="36" bec="0" bev="0" fileid="1" />
            </Method>
            <Method visited="true" cyclomaticComplexity="1" nPathComplexity="0" sequenceCoverage="100" branchCoverage="100" isConstructor="false" isStatic="false" isGetter="false" isSetter="true">
              <Summary numSequencePoints="1" visitedSequencePoints="1" numBranchPoints="1" visitedBranchPoints="1" sequenceCoverage="100" branchCoverage="100" maxCyclomaticComplexity="1" minCyclomaticComplexity="1" visitedClasses="0" numClasses="0" visitedMethods="1" numMethods="1" />
              <MetadataToken>100663315</MetadataToken>
              <Name>System.Void Helpful.TextParser.Test.ValueSetter.DummyWithAllProperties::set_Double(System.Double)</Name>
              <FileRef uid="1" />
              <SequencePoints>
                <SequencePoint vc="1" uspid="36" ordinal="0" offset="0" sl="79" sc="37" el="79" ec="41" bec="0" bev="0" fileid="1" />
              </SequencePoints>
              <BranchPoints />
              <MethodPoint xsi:type="SequencePoint" vc="1" uspid="36" ordinal="0" offset="0" sl="79" sc="37" el="79" ec="41" bec="0" bev="0" fileid="1" />
            </Method>
            <Method visited="true" cyclomaticComplexity="1" nPathComplexity="0" sequenceCoverage="100" branchCoverage="100" isConstructor="false" isStatic="false" isGetter="true" isSetter="false">
              <Summary numSequencePoints="1" visitedSequencePoints="1" numBranchPoints="1" visitedBranchPoints="1" sequenceCoverage="100" branchCoverage="100" maxCyclomaticComplexity="1" minCyclomaticComplexity="1" visitedClasses="0" numClasses="0" visitedMethods="1" numMethods="1" />
              <MetadataToken>100663316</MetadataToken>
              <Name>System.Single Helpful.TextParser.Test.ValueSetter.DummyWithAllProperties::get_Float()</Name>
              <FileRef uid="1" />
              <SequencePoints>
                <SequencePoint vc="1" uspid="37" ordinal="0" offset="0" sl="81" sc="30" el="81" ec="34" bec="0" bev="0" fileid="1" />
              </SequencePoints>
              <BranchPoints />
              <MethodPoint xsi:type="SequencePoint" vc="1" uspid="37" ordinal="0" offset="0" sl="81" sc="30" el="81" ec="34" bec="0" bev="0" fileid="1" />
            </Method>
            <Method visited="true" cyclomaticComplexity="1" nPathComplexity="0" sequenceCoverage="100" branchCoverage="100" isConstructor="false" isStatic="false" isGetter="false" isSetter="true">
              <Summary numSequencePoints="1" visitedSequencePoints="1" numBranchPoints="1" visitedBranchPoints="1" sequenceCoverage="100" branchCoverage="100" maxCyclomaticComplexity="1" minCyclomaticComplexity="1" visitedClasses="0" numClasses="0" visitedMethods="1" numMethods="1" />
              <MetadataToken>100663317</MetadataToken>
              <Name>System.Void Helpful.TextParser.Test.ValueSetter.DummyWithAllProperties::set_Float(System.Single)</Name>
              <FileRef uid="1" />
              <SequencePoints>
                <SequencePoint vc="1" uspid="38" ordinal="0" offset="0" sl="81" sc="35" el="81" ec="39" bec="0" bev="0" fileid="1" />
              </SequencePoints>
              <BranchPoints />
              <MethodPoint xsi:type="SequencePoint" vc="1" uspid="38" ordinal="0" offset="0" sl="81" sc="35" el="81" ec="39" bec="0" bev="0" fileid="1" />
            </Method>
            <Method visited="true" cyclomaticComplexity="1" nPathComplexity="0" sequenceCoverage="100" branchCoverage="100" isConstructor="false" isStatic="false" isGetter="true" isSetter="false">
              <Summary numSequencePoints="1" visitedSequencePoints="1" numBranchPoints="1" visitedBranchPoints="1" sequenceCoverage="100" branchCoverage="100" maxCyclomaticComplexity="1" minCyclomaticComplexity="1" visitedClasses="0" numClasses="0" visitedMethods="1" numMethods="1" />
              <MetadataToken>100663318</MetadataToken>
              <Name>System.Int32 Helpful.TextParser.Test.ValueSetter.DummyWithAllProperties::get_Int()</Name>
              <FileRef uid="1" />
              <SequencePoints>
                <SequencePoint vc="1" uspid="39" ordinal="0" offset="0" sl="83" sc="26" el="83" ec="30" bec="0" bev="0" fileid="1" />
              </SequencePoints>
              <BranchPoints />
              <MethodPoint xsi:type="SequencePoint" vc="1" uspid="39" ordinal="0" offset="0" sl="83" sc="26" el="83" ec="30" bec="0" bev="0" fileid="1" />
            </Method>
            <Method visited="true" cyclomaticComplexity="1" nPathComplexity="0" sequenceCoverage="100" branchCoverage="100" isConstructor="false" isStatic="false" isGetter="false" isSetter="true">
              <Summary numSequencePoints="1" visitedSequencePoints="1" numBranchPoints="1" visitedBranchPoints="1" sequenceCoverage="100" branchCoverage="100" maxCyclomaticComplexity="1" minCyclomaticComplexity="1" visitedClasses="0" numClasses="0" visitedMethods="1" numMethods="1" />
              <MetadataToken>100663319</MetadataToken>
              <Name>System.Void Helpful.TextParser.Test.ValueSetter.DummyWithAllProperties::set_Int(System.Int32)</Name>
              <FileRef uid="1" />
              <SequencePoints>
                <SequencePoint vc="1" uspid="40" ordinal="0" offset="0" sl="83" sc="31" el="83" ec="35" bec="0" bev="0" fileid="1" />
              </SequencePoints>
              <BranchPoints />
              <MethodPoint xsi:type="SequencePoint" vc="1" uspid="40" ordinal="0" offset="0" sl="83" sc="31" el="83" ec="35" bec="0" bev="0" fileid="1" />
            </Method>
            <Method visited="true" cyclomaticComplexity="1" nPathComplexity="0" sequenceCoverage="100" branchCoverage="100" isConstructor="false" isStatic="false" isGetter="true" isSetter="false">
              <Summary numSequencePoints="1" visitedSequencePoints="1" numBranchPoints="1" visitedBranchPoints="1" sequenceCoverage="100" branchCoverage="100" maxCyclomaticComplexity="1" minCyclomaticComplexity="1" visitedClasses="0" numClasses="0" visitedMethods="1" numMethods="1" />
              <MetadataToken>100663320</MetadataToken>
              <Name>System.UInt32 Helpful.TextParser.Test.ValueSetter.DummyWithAllProperties::get_UInt()</Name>
              <FileRef uid="1" />
              <SequencePoints>
                <SequencePoint vc="1" uspid="41" ordinal="0" offset="0" sl="85" sc="28" el="85" ec="32" bec="0" bev="0" fileid="1" />
              </SequencePoints>
              <BranchPoints />
              <MethodPoint xsi:type="SequencePoint" vc="1" uspid="41" ordinal="0" offset="0" sl="85" sc="28" el="85" ec="32" bec="0" bev="0" fileid="1" />
            </Method>
            <Method visited="true" cyclomaticComplexity="1" nPathComplexity="0" sequenceCoverage="100" branchCoverage="100" isConstructor="false" isStatic="false" isGetter="false" isSetter="true">
              <Summary numSequencePoints="1" visitedSequencePoints="1" numBranchPoints="1" visitedBranchPoints="1" sequenceCoverage="100" branchCoverage="100" maxCyclomaticComplexity="1" minCyclomaticComplexity="1" visitedClasses="0" numClasses="0" visitedMethods="1" numMethods="1" />
              <MetadataToken>100663321</MetadataToken>
              <Name>System.Void Helpful.TextParser.Test.ValueSetter.DummyWithAllProperties::set_UInt(System.UInt32)</Name>
              <FileRef uid="1" />
              <SequencePoints>
                <SequencePoint vc="1" uspid="42" ordinal="0" offset="0" sl="85" sc="33" el="85" ec="37" bec="0" bev="0" fileid="1" />
              </SequencePoints>
              <BranchPoints />
              <MethodPoint xsi:type="SequencePoint" vc="1" uspid="42" ordinal="0" offset="0" sl="85" sc="33" el="85" ec="37" bec="0" bev="0" fileid="1" />
            </Method>
            <Method visited="true" cyclomaticComplexity="1" nPathComplexity="0" sequenceCoverage="100" branchCoverage="100" isConstructor="false" isStatic="false" isGetter="true" isSetter="false">
              <Summary numSequencePoints="1" visitedSequencePoints="1" numBranchPoints="1" visitedBranchPoints="1" sequenceCoverage="100" branchCoverage="100" maxCyclomaticComplexity="1" minCyclomaticComplexity="1" visitedClasses="0" numClasses="0" visitedMethods="1" numMethods="1" />
              <MetadataToken>100663322</MetadataToken>
              <Name>System.Int64 Helpful.TextParser.Test.ValueSetter.DummyWithAllProperties::get_Long()</Name>
              <FileRef uid="1" />
              <SequencePoints>
                <SequencePoint vc="1" uspid="43" ordinal="0" offset="0" sl="87" sc="28" el="87" ec="32" bec="0" bev="0" fileid="1" />
              </SequencePoints>
              <BranchPoints />
              <MethodPoint xsi:type="SequencePoint" vc="1" uspid="43" ordinal="0" offset="0" sl="87" sc="28" el="87" ec="32" bec="0" bev="0" fileid="1" />
            </Method>
            <Method visited="true" cyclomaticComplexity="1" nPathComplexity="0" sequenceCoverage="100" branchCoverage="100" isConstructor="false" isStatic="false" isGetter="false" isSetter="true">
              <Summary numSequencePoints="1" visitedSequencePoints="1" numBranchPoints="1" visitedBranchPoints="1" sequenceCoverage="100" branchCoverage="100" maxCyclomaticComplexity="1" minCyclomaticComplexity="1" visitedClasses="0" numClasses="0" visitedMethods="1" numMethods="1" />
              <MetadataToken>100663323</MetadataToken>
              <Name>System.Void Helpful.TextParser.Test.ValueSetter.DummyWithAllProperties::set_Long(System.Int64)</Name>
              <FileRef uid="1" />
              <SequencePoints>
                <SequencePoint vc="1" uspid="44" ordinal="0" offset="0" sl="87" sc="33" el="87" ec="37" bec="0" bev="0" fileid="1" />
              </SequencePoints>
              <BranchPoints />
              <MethodPoint xsi:type="SequencePoint" vc="1" uspid="44" ordinal="0" offset="0" sl="87" sc="33" el="87" ec="37" bec="0" bev="0" fileid="1" />
            </Method>
            <Method visited="true" cyclomaticComplexity="1" nPathComplexity="0" sequenceCoverage="100" branchCoverage="100" isConstructor="false" isStatic="false" isGetter="true" isSetter="false">
              <Summary numSequencePoints="1" visitedSequencePoints="1" numBranchPoints="1" visitedBranchPoints="1" sequenceCoverage="100" branchCoverage="100" maxCyclomaticComplexity="1" minCyclomaticComplexity="1" visitedClasses="0" numClasses="0" visitedMethods="1" numMethods="1" />
              <MetadataToken>100663324</MetadataToken>
              <Name>System.UInt64 Helpful.TextParser.Test.ValueSetter.DummyWithAllProperties::get_ULong()</Name>
              <FileRef uid="1" />
              <SequencePoints>
                <SequencePoint vc="1" uspid="45" ordinal="0" offset="0" sl="89" sc="30" el="89" ec="34" bec="0" bev="0" fileid="1" />
              </SequencePoints>
              <BranchPoints />
              <MethodPoint xsi:type="SequencePoint" vc="1" uspid="45" ordinal="0" offset="0" sl="89" sc="30" el="89" ec="34" bec="0" bev="0" fileid="1" />
            </Method>
            <Method visited="true" cyclomaticComplexity="1" nPathComplexity="0" sequenceCoverage="100" branchCoverage="100" isConstructor="false" isStatic="false" isGetter="false" isSetter="true">
              <Summary numSequencePoints="1" visitedSequencePoints="1" numBranchPoints="1" visitedBranchPoints="1" sequenceCoverage="100" branchCoverage="100" maxCyclomaticComplexity="1" minCyclomaticComplexity="1" visitedClasses="0" numClasses="0" visitedMethods="1" numMethods="1" />
              <MetadataToken>100663325</MetadataToken>
              <Name>System.Void Helpful.TextParser.Test.ValueSetter.DummyWithAllProperties::set_ULong(System.UInt64)</Name>
              <FileRef uid="1" />
              <SequencePoints>
                <SequencePoint vc="1" uspid="46" ordinal="0" offset="0" sl="89" sc="35" el="89" ec="39" bec="0" bev="0" fileid="1" />
              </SequencePoints>
              <BranchPoints />
              <MethodPoint xsi:type="SequencePoint" vc="1" uspid="46" ordinal="0" offset="0" sl="89" sc="35" el="89" ec="39" bec="0" bev="0" fileid="1" />
            </Method>
            <Method visited="true" cyclomaticComplexity="1" nPathComplexity="0" sequenceCoverage="100" branchCoverage="100" isConstructor="false" isStatic="false" isGetter="true" isSetter="false">
              <Summary numSequencePoints="1" visitedSequencePoints="1" numBranchPoints="1" visitedBranchPoints="1" sequenceCoverage="100" branchCoverage="100" maxCyclomaticComplexity="1" minCyclomaticComplexity="1" visitedClasses="0" numClasses="0" visitedMethods="1" numMethods="1" />
              <MetadataToken>100663326</MetadataToken>
              <Name>System.Object Helpful.TextParser.Test.ValueSetter.DummyWithAllProperties::get_Object()</Name>
              <FileRef uid="1" />
              <SequencePoints>
                <SequencePoint vc="1" uspid="47" ordinal="0" offset="0" sl="91" sc="32" el="91" ec="36" bec="0" bev="0" fileid="1" />
              </SequencePoints>
              <BranchPoints />
              <MethodPoint xsi:type="SequencePoint" vc="1" uspid="47" ordinal="0" offset="0" sl="91" sc="32" el="91" ec="36" bec="0" bev="0" fileid="1" />
            </Method>
            <Method visited="true" cyclomaticComplexity="1" nPathComplexity="0" sequenceCoverage="100" branchCoverage="100" isConstructor="false" isStatic="false" isGetter="false" isSetter="true">
              <Summary numSequencePoints="1" visitedSequencePoints="1" numBranchPoints="1" visitedBranchPoints="1" sequenceCoverage="100" branchCoverage="100" maxCyclomaticComplexity="1" minCyclomaticComplexity="1" visitedClasses="0" numClasses="0" visitedMethods="1" numMethods="1" />
              <MetadataToken>100663327</MetadataToken>
              <Name>System.Void Helpful.TextParser.Test.ValueSetter.DummyWithAllProperties::set_Object(System.Object)</Name>
              <FileRef uid="1" />
              <SequencePoints>
                <SequencePoint vc="1" uspid="48" ordinal="0" offset="0" sl="91" sc="37" el="91" ec="41" bec="0" bev="0" fileid="1" />
              </SequencePoints>
              <BranchPoints />
              <MethodPoint xsi:type="SequencePoint" vc="1" uspid="48" ordinal="0" offset="0" sl="91" sc="37" el="91" ec="41" bec="0" bev="0" fileid="1" />
            </Method>
            <Method visited="true" cyclomaticComplexity="1" nPathComplexity="0" sequenceCoverage="100" branchCoverage="100" isConstructor="false" isStatic="false" isGetter="true" isSetter="false">
              <Summary numSequencePoints="1" visitedSequencePoints="1" numBranchPoints="1" visitedBranchPoints="1" sequenceCoverage="100" branchCoverage="100" maxCyclomaticComplexity="1" minCyclomaticComplexity="1" visitedClasses="0" numClasses="0" visitedMethods="1" numMethods="1" />
              <MetadataToken>100663328</MetadataToken>
              <Name>System.Int16 Helpful.TextParser.Test.ValueSetter.DummyWithAllProperties::get_Short()</Name>
              <FileRef uid="1" />
              <SequencePoints>
                <SequencePoint vc="1" uspid="49" ordinal="0" offset="0" sl="93" sc="30" el="93" ec="34" bec="0" bev="0" fileid="1" />
              </SequencePoints>
              <BranchPoints />
              <MethodPoint xsi:type="SequencePoint" vc="1" uspid="49" ordinal="0" offset="0" sl="93" sc="30" el="93" ec="34" bec="0" bev="0" fileid="1" />
            </Method>
            <Method visited="true" cyclomaticComplexity="1" nPathComplexity="0" sequenceCoverage="100" branchCoverage="100" isConstructor="false" isStatic="false" isGetter="false" isSetter="true">
              <Summary numSequencePoints="1" visitedSequencePoints="1" numBranchPoints="1" visitedBranchPoints="1" sequenceCoverage="100" branchCoverage="100" maxCyclomaticComplexity="1" minCyclomaticComplexity="1" visitedClasses="0" numClasses="0" visitedMethods="1" numMethods="1" />
              <MetadataToken>100663329</MetadataToken>
              <Name>System.Void Helpful.TextParser.Test.ValueSetter.DummyWithAllProperties::set_Short(System.Int16)</Name>
              <FileRef uid="1" />
              <SequencePoints>
                <SequencePoint vc="1" uspid="50" ordinal="0" offset="0" sl="93" sc="35" el="93" ec="39" bec="0" bev="0" fileid="1" />
              </SequencePoints>
              <BranchPoints />
              <MethodPoint xsi:type="SequencePoint" vc="1" uspid="50" ordinal="0" offset="0" sl="93" sc="35" el="93" ec="39" bec="0" bev="0" fileid="1" />
            </Method>
            <Method visited="true" cyclomaticComplexity="1" nPathComplexity="0" sequenceCoverage="100" branchCoverage="100" isConstructor="false" isStatic="false" isGetter="true" isSetter="false">
              <Summary numSequencePoints="1" visitedSequencePoints="1" numBranchPoints="1" visitedBranchPoints="1" sequenceCoverage="100" branchCoverage="100" maxCyclomaticComplexity="1" minCyclomaticComplexity="1" visitedClasses="0" numClasses="0" visitedMethods="1" numMethods="1" />
              <MetadataToken>100663330</MetadataToken>
              <Name>System.UInt16 Helpful.TextParser.Test.ValueSetter.DummyWithAllProperties::get_UShort()</Name>
              <FileRef uid="1" />
              <SequencePoints>
                <SequencePoint vc="1" uspid="51" ordinal="0" offset="0" sl="95" sc="32" el="95" ec="36" bec="0" bev="0" fileid="1" />
              </SequencePoints>
              <BranchPoints />
              <MethodPoint xsi:type="SequencePoint" vc="1" uspid="51" ordinal="0" offset="0" sl="95" sc="32" el="95" ec="36" bec="0" bev="0" fileid="1" />
            </Method>
            <Method visited="true" cyclomaticComplexity="1" nPathComplexity="0" sequenceCoverage="100" branchCoverage="100" isConstructor="false" isStatic="false" isGetter="false" isSetter="true">
              <Summary numSequencePoints="1" visitedSequencePoints="1" numBranchPoints="1" visitedBranchPoints="1" sequenceCoverage="100" branchCoverage="100" maxCyclomaticComplexity="1" minCyclomaticComplexity="1" visitedClasses="0" numClasses="0" visitedMethods="1" numMethods="1" />
              <MetadataToken>100663331</MetadataToken>
              <Name>System.Void Helpful.TextParser.Test.ValueSetter.DummyWithAllProperties::set_UShort(System.UInt16)</Name>
              <FileRef uid="1" />
              <SequencePoints>
                <SequencePoint vc="1" uspid="52" ordinal="0" offset="0" sl="95" sc="37" el="95" ec="41" bec="0" bev="0" fileid="1" />
              </SequencePoints>
              <BranchPoints />
              <MethodPoint xsi:type="SequencePoint" vc="1" uspid="52" ordinal="0" offset="0" sl="95" sc="37" el="95" ec="41" bec="0" bev="0" fileid="1" />
            </Method>
            <Method visited="true" cyclomaticComplexity="1" nPathComplexity="0" sequenceCoverage="100" branchCoverage="100" isConstructor="false" isStatic="false" isGetter="true" isSetter="false">
              <Summary numSequencePoints="1" visitedSequencePoints="1" numBranchPoints="1" visitedBranchPoints="1" sequenceCoverage="100" branchCoverage="100" maxCyclomaticComplexity="1" minCyclomaticComplexity="1" visitedClasses="0" numClasses="0" visitedMethods="1" numMethods="1" />
              <MetadataToken>100663332</MetadataToken>
              <Name>System.String Helpful.TextParser.Test.ValueSetter.DummyWithAllProperties::get_String()</Name>
              <FileRef uid="1" />
              <SequencePoints>
                <SequencePoint vc="1" uspid="53" ordinal="0" offset="0" sl="97" sc="32" el="97" ec="36" bec="0" bev="0" fileid="1" />
              </SequencePoints>
              <BranchPoints />
              <MethodPoint xsi:type="SequencePoint" vc="1" uspid="53" ordinal="0" offset="0" sl="97" sc="32" el="97" ec="36" bec="0" bev="0" fileid="1" />
            </Method>
            <Method visited="true" cyclomaticComplexity="1" nPathComplexity="0" sequenceCoverage="100" branchCoverage="100" isConstructor="false" isStatic="false" isGetter="false" isSetter="true">
              <Summary numSequencePoints="1" visitedSequencePoints="1" numBranchPoints="1" visitedBranchPoints="1" sequenceCoverage="100" branchCoverage="100" maxCyclomaticComplexity="1" minCyclomaticComplexity="1" visitedClasses="0" numClasses="0" visitedMethods="1" numMethods="1" />
              <MetadataToken>100663333</MetadataToken>
              <Name>System.Void Helpful.TextParser.Test.ValueSetter.DummyWithAllProperties::set_String(System.String)</Name>
              <FileRef uid="1" />
              <SequencePoints>
                <SequencePoint vc="1" uspid="54" ordinal="0" offset="0" sl="97" sc="37" el="97" ec="41" bec="0" bev="0" fileid="1" />
              </SequencePoints>
              <BranchPoints />
              <MethodPoint xsi:type="SequencePoint" vc="1" uspid="54" ordinal="0" offset="0" sl="97" sc="37" el="97" ec="41" bec="0" bev="0" fileid="1" />
            </Method>
            <Method visited="true" cyclomaticComplexity="1" nPathComplexity="0" sequenceCoverage="0" branchCoverage="0" isConstructor="true" isStatic="false" isGetter="false" isSetter="false">
              <Summary numSequencePoints="0" visitedSequencePoints="0" numBranchPoints="0" visitedBranchPoints="0" sequenceCoverage="0" branchCoverage="0" maxCyclomaticComplexity="1" minCyclomaticComplexity="1" visitedClasses="0" numClasses="0" visitedMethods="0" numMethods="0" />
              <MetadataToken>100663334</MetadataToken>
              <Name>System.Void Helpful.TextParser.Test.ValueSetter.DummyWithAllProperties::.ctor()</Name>
              <SequencePoints />
              <BranchPoints />
              <MethodPoint vc="22" uspid="55" ordinal="0" offset="0" />
            </Method>
          </Methods>
        </Class>
        <Class>
          <Summary numSequencePoints="290" visitedSequencePoints="290" numBranchPoints="14" visitedBranchPoints="14" sequenceCoverage="100" branchCoverage="100" maxCyclomaticComplexity="2" minCyclomaticComplexity="1" visitedClasses="1" numClasses="1" visitedMethods="14" numMethods="14" />
          <FullName>Helpful.TextParser.Test.Parser.ParserTest</FullName>
          <Methods>
            <Method visited="true" cyclomaticComplexity="2" nPathComplexity="0" sequenceCoverage="100" branchCoverage="100" isConstructor="false" isStatic="false" isGetter="false" isSetter="false">
              <Summary numSequencePoints="11" visitedSequencePoints="11" numBranchPoints="1" visitedBranchPoints="1" sequenceCoverage="100" branchCoverage="100" maxCyclomaticComplexity="2" minCyclomaticComplexity="2" visitedClasses="0" numClasses="0" visitedMethods="1" numMethods="1" />
              <MetadataToken>100663335</MetadataToken>
              <Name>System.Void Helpful.TextParser.Test.Parser.ParserTest::Parser_DelimitedWithoutTagParse_WithErrors()</Name>
              <FileRef uid="3" />
              <SequencePoints>
                <SequencePoint vc="1" uspid="56" ordinal="0" offset="0" sl="15" sc="9" el="15" ec="10" bec="0" bev="0" fileid="3" />
                <SequencePoint vc="1" uspid="57" ordinal="1" offset="1" sl="16" sc="13" el="23" ec="20" bec="0" bev="0" fileid="3" />
                <SequencePoint vc="1" uspid="58" ordinal="2" offset="44" sl="25" sc="13" el="31" ec="20" bec="0" bev="0" fileid="3" />
                <SequencePoint vc="1" uspid="59" ordinal="3" offset="97" sl="33" sc="13" el="41" ec="24" bec="0" bev="0" fileid="3" />
                <SequencePoint vc="1" uspid="60" ordinal="4" offset="158" sl="43" sc="13" el="43" ec="45" bec="0" bev="0" fileid="3" />
                <SequencePoint vc="1" uspid="61" ordinal="5" offset="176" sl="45" sc="13" el="45" ec="83" bec="0" bev="0" fileid="3" />
                <SequencePoint vc="1" uspid="62" ordinal="6" offset="199" sl="46" sc="13" el="46" ec="83" bec="0" bev="0" fileid="3" />
                <SequencePoint vc="1" uspid="63" ordinal="7" offset="222" sl="47" sc="13" el="47" ec="83" bec="0" bev="0" fileid="3" />
                <SequencePoint vc="1" uspid="64" ordinal="8" offset="245" sl="48" sc="13" el="48" ec="83" bec="0" bev="0" fileid="3" />
                <SequencePoint vc="1" uspid="65" ordinal="9" offset="268" sl="49" sc="13" el="49" ec="94" bec="0" bev="0" fileid="3" />
                <SequencePoint vc="1" uspid="66" ordinal="10" offset="291" sl="50" sc="9" el="50" ec="10" bec="0" bev="0" fileid="3" />
              </SequencePoints>
              <BranchPoints />
              <MethodPoint xsi:type="SequencePoint" vc="1" uspid="56" ordinal="0" offset="0" sl="15" sc="9" el="15" ec="10" bec="0" bev="0" fileid="3" />
            </Method>
            <Method visited="true" cyclomaticComplexity="2" nPathComplexity="0" sequenceCoverage="100" branchCoverage="100" isConstructor="false" isStatic="false" isGetter="false" isSetter="false">
              <Summary numSequencePoints="31" visitedSequencePoints="31" numBranchPoints="1" visitedBranchPoints="1" sequenceCoverage="100" branchCoverage="100" maxCyclomaticComplexity="2" minCyclomaticComplexity="2" visitedClasses="0" numClasses="0" visitedMethods="1" numMethods="1" />
              <MetadataToken>100663336</MetadataToken>
              <Name>System.Void Helpful.TextParser.Test.Parser.ParserTest::Parser_DelimitedWithoutTagParse_Success()</Name>
              <FileRef uid="3" />
              <SequencePoints>
                <SequencePoint vc="1" uspid="69" ordinal="0" offset="0" sl="54" sc="9" el="54" ec="10" bec="0" bev="0" fileid="3" />
                <SequencePoint vc="1" uspid="70" ordinal="1" offset="1" sl="55" sc="13" el="62" ec="20" bec="0" bev="0" fileid="3" />
                <SequencePoint vc="1" uspid="71" ordinal="2" offset="44" sl="64" sc="13" el="73" ec="20" bec="0" bev="0" fileid="3" />
                <SequencePoint vc="1" uspid="72" ordinal="3" offset="97" sl="75" sc="13" el="81" ec="24" bec="0" bev="0" fileid="3" />
                <SequencePoint vc="1" uspid="73" ordinal="4" offset="142" sl="83" sc="13" el="83" ec="45" bec="0" bev="0" fileid="3" />
                <SequencePoint vc="1" uspid="74" ordinal="5" offset="160" sl="85" sc="13" el="85" ec="46" bec="0" bev="0" fileid="3" />
                <SequencePoint vc="1" uspid="75" ordinal="6" offset="178" sl="87" sc="13" el="87" ec="64" bec="0" bev="0" fileid="3" />
                <SequencePoint vc="1" uspid="76" ordinal="7" offset="206" sl="88" sc="13" el="88" ec="64" bec="0" bev="0" fileid="3" />
                <SequencePoint vc="1" uspid="77" ordinal="8" offset="234" sl="89" sc="13" el="89" ec="68" bec="0" bev="0" fileid="3" />
                <SequencePoint vc="1" uspid="78" ordinal="9" offset="271" sl="90" sc="13" el="90" ec="78" bec="0" bev="0" fileid="3" />
                <SequencePoint vc="1" uspid="79" ordinal="10" offset="306" sl="91" sc="13" el="91" ec="64" bec="0" bev="0" fileid="3" />
                <SequencePoint vc="1" uspid="80" ordinal="11" offset="334" sl="92" sc="13" el="92" ec="56" bec="0" bev="0" fileid="3" />
                <SequencePoint vc="1" uspid="81" ordinal="12" offset="357" sl="94" sc="13" el="94" ec="64" bec="0" bev="0" fileid="3" />
                <SequencePoint vc="1" uspid="82" ordinal="13" offset="385" sl="95" sc="13" el="95" ec="63" bec="0" bev="0" fileid="3" />
                <SequencePoint vc="1" uspid="83" ordinal="14" offset="408" sl="96" sc="13" el="96" ec="67" bec="0" bev="0" fileid="3" />
                <SequencePoint vc="1" uspid="84" ordinal="15" offset="445" sl="97" sc="13" el="97" ec="78" bec="0" bev="0" fileid="3" />
                <SequencePoint vc="1" uspid="85" ordinal="16" offset="480" sl="98" sc="13" el="98" ec="64" bec="0" bev="0" fileid="3" />
                <SequencePoint vc="1" uspid="86" ordinal="17" offset="508" sl="99" sc="13" el="99" ec="56" bec="0" bev="0" fileid="3" />
                <SequencePoint vc="1" uspid="87" ordinal="18" offset="531" sl="101" sc="13" el="101" ec="64" bec="0" bev="0" fileid="3" />
                <SequencePoint vc="1" uspid="88" ordinal="19" offset="559" sl="102" sc="13" el="102" ec="64" bec="0" bev="0" fileid="3" />
                <SequencePoint vc="1" uspid="89" ordinal="20" offset="587" sl="103" sc="13" el="103" ec="70" bec="0" bev="0" fileid="3" />
                <SequencePoint vc="1" uspid="90" ordinal="21" offset="624" sl="104" sc="13" el="104" ec="78" bec="0" bev="0" fileid="3" />
                <SequencePoint vc="1" uspid="91" ordinal="22" offset="660" sl="105" sc="13" el="105" ec="63" bec="0" bev="0" fileid="3" />
                <SequencePoint vc="1" uspid="92" ordinal="23" offset="683" sl="106" sc="13" el="106" ec="56" bec="0" bev="0" fileid="3" />
                <SequencePoint vc="1" uspid="93" ordinal="24" offset="706" sl="108" sc="13" el="108" ec="64" bec="0" bev="0" fileid="3" />
                <SequencePoint vc="1" uspid="94" ordinal="25" offset="734" sl="109" sc="13" el="109" ec="64" bec="0" bev="0" fileid="3" />
                <SequencePoint vc="1" uspid="95" ordinal="26" offset="762" sl="110" sc="13" el="110" ec="66" bec="0" bev="0" fileid="3" />
                <SequencePoint vc="1" uspid="96" ordinal="27" offset="799" sl="111" sc="13" el="111" ec="78" bec="0" bev="0" fileid="3" />
                <SequencePoint vc="1" uspid="97" ordinal="28" offset="835" sl="112" sc="13" el="112" ec="64" bec="0" bev="0" fileid="3" />
                <SequencePoint vc="1" uspid="98" ordinal="29" offset="863" sl="113" sc="13" el="113" ec="54" bec="0" bev="0" fileid="3" />
                <SequencePoint vc="1" uspid="99" ordinal="30" offset="893" sl="114" sc="9" el="114" ec="10" bec="0" bev="0" fileid="3" />
              </SequencePoints>
              <BranchPoints />
              <MethodPoint xsi:type="SequencePoint" vc="1" uspid="69" ordinal="0" offset="0" sl="54" sc="9" el="54" ec="10" bec="0" bev="0" fileid="3" />
            </Method>
            <Method visited="true" cyclomaticComplexity="2" nPathComplexity="0" sequenceCoverage="100" branchCoverage="100" isConstructor="false" isStatic="false" isGetter="false" isSetter="false">
              <Summary numSequencePoints="9" visitedSequencePoints="9" numBranchPoints="1" visitedBranchPoints="1" sequenceCoverage="100" branchCoverage="100" maxCyclomaticComplexity="2" minCyclomaticComplexity="2" visitedClasses="0" numClasses="0" visitedMethods="1" numMethods="1" />
              <MetadataToken>100663337</MetadataToken>
              <Name>System.Void Helpful.TextParser.Test.Parser.ParserTest::Parser_DelimitedWithTagParse_TagNotValid(System.Int32,System.String)</Name>
              <FileRef uid="3" />
              <SequencePoints>
                <SequencePoint vc="4" uspid="102" ordinal="0" offset="0" sl="122" sc="9" el="122" ec="10" bec="0" bev="0" fileid="3" />
                <SequencePoint vc="4" uspid="103" ordinal="1" offset="1" sl="123" sc="13" el="130" ec="20" bec="0" bev="0" fileid="3" />
                <SequencePoint vc="4" uspid="104" ordinal="2" offset="44" sl="132" sc="13" el="138" ec="20" bec="0" bev="0" fileid="3" />
                <SequencePoint vc="4" uspid="105" ordinal="3" offset="108" sl="140" sc="13" el="146" ec="15" bec="0" bev="0" fileid="3" />
                <SequencePoint vc="4" uspid="106" ordinal="4" offset="147" sl="148" sc="13" el="148" ec="38" bec="0" bev="0" fileid="3" />
                <SequencePoint vc="4" uspid="107" ordinal="5" offset="151" sl="150" sc="13" el="150" ec="46" bec="0" bev="0" fileid="3" />
                <SequencePoint vc="4" uspid="108" ordinal="6" offset="159" sl="152" sc="13" el="152" ec="45" bec="0" bev="0" fileid="3" />
                <SequencePoint vc="4" uspid="109" ordinal="7" offset="177" sl="154" sc="13" el="154" ec="92" bec="0" bev="0" fileid="3" />
                <SequencePoint vc="4" uspid="110" ordinal="8" offset="211" sl="155" sc="9" el="155" ec="10" bec="0" bev="0" fileid="3" />
              </SequencePoints>
              <BranchPoints />
              <MethodPoint xsi:type="SequencePoint" vc="4" uspid="102" ordinal="0" offset="0" sl="122" sc="9" el="122" ec="10" bec="0" bev="0" fileid="3" />
            </Method>
            <Method visited="true" cyclomaticComplexity="2" nPathComplexity="0" sequenceCoverage="100" branchCoverage="100" isConstructor="false" isStatic="false" isGetter="false" isSetter="false">
              <Summary numSequencePoints="9" visitedSequencePoints="9" numBranchPoints="1" visitedBranchPoints="1" sequenceCoverage="100" branchCoverage="100" maxCyclomaticComplexity="2" minCyclomaticComplexity="2" visitedClasses="0" numClasses="0" visitedMethods="1" numMethods="1" />
              <MetadataToken>100663338</MetadataToken>
              <Name>System.Void Helpful.TextParser.Test.Parser.ParserTest::Parser_DelimitedWithTagParse_ChildrenTagNotValid(System.Int32,System.String)</Name>
              <FileRef uid="3" />
              <SequencePoints>
                <SequencePoint vc="4" uspid="113" ordinal="0" offset="0" sl="163" sc="9" el="163" ec="10" bec="0" bev="0" fileid="3" />
                <SequencePoint vc="4" uspid="114" ordinal="1" offset="1" sl="164" sc="13" el="171" ec="20" bec="0" bev="0" fileid="3" />
                <SequencePoint vc="4" uspid="115" ordinal="2" offset="44" sl="173" sc="13" el="187" ec="20" bec="0" bev="0" fileid="3" />
                <SequencePoint vc="4" uspid="116" ordinal="3" offset="108" sl="189" sc="13" el="200" ec="15" bec="0" bev="0" fileid="3" />
                <SequencePoint vc="4" uspid="117" ordinal="4" offset="188" sl="202" sc="13" el="202" ec="38" bec="0" bev="0" fileid="3" />
                <SequencePoint vc="4" uspid="118" ordinal="5" offset="192" sl="204" sc="13" el="204" ec="46" bec="0" bev="0" fileid="3" />
                <SequencePoint vc="4" uspid="119" ordinal="6" offset="200" sl="206" sc="13" el="206" ec="45" bec="0" bev="0" fileid="3" />
                <SequencePoint vc="4" uspid="120" ordinal="7" offset="218" sl="208" sc="13" el="208" ec="92" bec="0" bev="0" fileid="3" />
                <SequencePoint vc="4" uspid="121" ordinal="8" offset="252" sl="209" sc="9" el="209" ec="10" bec="0" bev="0" fileid="3" />
              </SequencePoints>
              <BranchPoints />
              <MethodPoint xsi:type="SequencePoint" vc="4" uspid="113" ordinal="0" offset="0" sl="163" sc="9" el="163" ec="10" bec="0" bev="0" fileid="3" />
            </Method>
            <Method visited="true" cyclomaticComplexity="2" nPathComplexity="0" sequenceCoverage="100" branchCoverage="100" isConstructor="false" isStatic="false" isGetter="false" isSetter="false">
              <Summary numSequencePoints="9" visitedSequencePoints="9" numBranchPoints="1" visitedBranchPoints="1" sequenceCoverage="100" branchCoverage="100" maxCyclomaticComplexity="2" minCyclomaticComplexity="2" visitedClasses="0" numClasses="0" visitedMethods="1" numMethods="1" />
              <MetadataToken>100663339</MetadataToken>
              <Name>System.Void Helpful.TextParser.Test.Parser.ParserTest::Parser_DelimitedWithTagParse_GrandChildrenTagNotValid(System.Int32,System.String)</Name>
              <FileRef uid="3" />
              <SequencePoints>
                <SequencePoint vc="4" uspid="124" ordinal="0" offset="0" sl="217" sc="9" el="217" ec="10" bec="0" bev="0" fileid="3" />
                <SequencePoint vc="4" uspid="125" ordinal="1" offset="1" sl="218" sc="13" el="225" ec="20" bec="0" bev="0" fileid="3" />
                <SequencePoint vc="4" uspid="126" ordinal="2" offset="44" sl="227" sc="13" el="249" ec="20" bec="0" bev="0" fileid="3" />
                <SequencePoint vc="4" uspid="127" ordinal="3" offset="108" sl="251" sc="13" el="272" ec="15" bec="0" bev="0" fileid="3" />
                <SequencePoint vc="4" uspid="128" ordinal="4" offset="278" sl="274" sc="13" el="274" ec="38" bec="0" bev="0" fileid="3" />
                <SequencePoint vc="4" uspid="129" ordinal="5" offset="282" sl="276" sc="13" el="276" ec="46" bec="0" bev="0" fileid="3" />
                <SequencePoint vc="4" uspid="130" ordinal="6" offset="290" sl="278" sc="13" el="278" ec="45" bec="0" bev="0" fileid="3" />
                <SequencePoint vc="4" uspid="131" ordinal="7" offset="308" sl="280" sc="13" el="280" ec="92" bec="0" bev="0" fileid="3" />
                <SequencePoint vc="4" uspid="132" ordinal="8" offset="342" sl="281" sc="9" el="281" ec="10" bec="0" bev="0" fileid="3" />
              </SequencePoints>
              <BranchPoints />
              <MethodPoint xsi:type="SequencePoint" vc="4" uspid="124" ordinal="0" offset="0" sl="217" sc="9" el="217" ec="10" bec="0" bev="0" fileid="3" />
            </Method>
            <Method visited="true" cyclomaticComplexity="2" nPathComplexity="0" sequenceCoverage="100" branchCoverage="100" isConstructor="false" isStatic="false" isGetter="false" isSetter="false">
              <Summary numSequencePoints="15" visitedSequencePoints="15" numBranchPoints="1" visitedBranchPoints="1" sequenceCoverage="100" branchCoverage="100" maxCyclomaticComplexity="2" minCyclomaticComplexity="2" visitedClasses="0" numClasses="0" visitedMethods="1" numMethods="1" />
              <MetadataToken>100663340</MetadataToken>
              <Name>System.Void Helpful.TextParser.Test.Parser.ParserTest::Parser_DelimitedWithTagParse_WithErrors()</Name>
              <FileRef uid="3" />
              <SequencePoints>
                <SequencePoint vc="1" uspid="135" ordinal="0" offset="0" sl="285" sc="9" el="285" ec="10" bec="0" bev="0" fileid="3" />
                <SequencePoint vc="1" uspid="136" ordinal="1" offset="1" sl="286" sc="13" el="293" ec="20" bec="0" bev="0" fileid="3" />
                <SequencePoint vc="1" uspid="137" ordinal="2" offset="44" sl="295" sc="13" el="317" ec="20" bec="0" bev="0" fileid="3" />
                <SequencePoint vc="1" uspid="138" ordinal="3" offset="108" sl="319" sc="13" el="340" ec="15" bec="0" bev="0" fileid="3" />
                <SequencePoint vc="1" uspid="139" ordinal="4" offset="278" sl="342" sc="13" el="342" ec="46" bec="0" bev="0" fileid="3" />
                <SequencePoint vc="1" uspid="140" ordinal="5" offset="286" sl="344" sc="13" el="344" ec="45" bec="0" bev="0" fileid="3" />
                <SequencePoint vc="1" uspid="141" ordinal="6" offset="304" sl="346" sc="13" el="346" ec="83" bec="0" bev="0" fileid="3" />
                <SequencePoint vc="1" uspid="142" ordinal="7" offset="327" sl="347" sc="13" el="347" ec="94" bec="0" bev="0" fileid="3" />
                <SequencePoint vc="1" uspid="143" ordinal="8" offset="350" sl="348" sc="13" el="348" ec="83" bec="0" bev="0" fileid="3" />
                <SequencePoint vc="1" uspid="144" ordinal="9" offset="373" sl="349" sc="13" el="349" ec="83" bec="0" bev="0" fileid="3" />
                <SequencePoint vc="1" uspid="145" ordinal="10" offset="396" sl="350" sc="13" el="350" ec="94" bec="0" bev="0" fileid="3" />
                <SequencePoint vc="1" uspid="146" ordinal="11" offset="419" sl="351" sc="13" el="351" ec="95" bec="0" bev="0" fileid="3" />
                <SequencePoint vc="1" uspid="147" ordinal="12" offset="442" sl="352" sc="13" el="352" ec="84" bec="0" bev="0" fileid="3" />
                <SequencePoint vc="1" uspid="148" ordinal="13" offset="465" sl="353" sc="13" el="353" ec="84" bec="0" bev="0" fileid="3" />
                <SequencePoint vc="1" uspid="149" ordinal="14" offset="488" sl="354" sc="9" el="354" ec="10" bec="0" bev="0" fileid="3" />
              </SequencePoints>
              <BranchPoints />
              <MethodPoint xsi:type="SequencePoint" vc="1" uspid="135" ordinal="0" offset="0" sl="285" sc="9" el="285" ec="10" bec="0" bev="0" fileid="3" />
            </Method>
            <Method visited="true" cyclomaticComplexity="2" nPathComplexity="0" sequenceCoverage="100" branchCoverage="100" isConstructor="false" isStatic="false" isGetter="false" isSetter="false">
              <Summary numSequencePoints="61" visitedSequencePoints="61" numBranchPoints="1" visitedBranchPoints="1" sequenceCoverage="100" branchCoverage="100" maxCyclomaticComplexity="2" minCyclomaticComplexity="2" visitedClasses="0" numClasses="0" visitedMethods="1" numMethods="1" />
              <MetadataToken>100663341</MetadataToken>
              <Name>System.Void Helpful.TextParser.Test.Parser.ParserTest::Parser_DelimitedWithTagParse_Success()</Name>
              <FileRef uid="3" />
              <SequencePoints>
                <SequencePoint vc="1" uspid="152" ordinal="0" offset="0" sl="358" sc="9" el="358" ec="10" bec="0" bev="0" fileid="3" />
                <SequencePoint vc="1" uspid="153" ordinal="1" offset="1" sl="359" sc="13" el="366" ec="20" bec="0" bev="0" fileid="3" />
                <SequencePoint vc="1" uspid="154" ordinal="2" offset="44" sl="368" sc="13" el="399" ec="20" bec="0" bev="0" fileid="3" />
                <SequencePoint vc="1" uspid="155" ordinal="3" offset="108" sl="401" sc="13" el="411" ec="15" bec="0" bev="0" fileid="3" />
                <SequencePoint vc="1" uspid="156" ordinal="4" offset="179" sl="413" sc="13" el="413" ec="46" bec="0" bev="0" fileid="3" />
                <SequencePoint vc="1" uspid="157" ordinal="5" offset="187" sl="415" sc="13" el="415" ec="45" bec="0" bev="0" fileid="3" />
                <SequencePoint vc="1" uspid="158" ordinal="6" offset="205" sl="417" sc="13" el="417" ec="56" bec="0" bev="0" fileid="3" />
                <SequencePoint vc="1" uspid="159" ordinal="7" offset="228" sl="418" sc="13" el="418" ec="60" bec="0" bev="0" fileid="3" />
                <SequencePoint vc="1" uspid="160" ordinal="8" offset="256" sl="419" sc="13" el="419" ec="60" bec="0" bev="0" fileid="3" />
                <SequencePoint vc="1" uspid="161" ordinal="9" offset="284" sl="420" sc="13" el="420" ec="65" bec="0" bev="0" fileid="3" />
                <SequencePoint vc="1" uspid="162" ordinal="10" offset="321" sl="421" sc="13" el="421" ec="78" bec="0" bev="0" fileid="3" />
                <SequencePoint vc="1" uspid="163" ordinal="11" offset="356" sl="422" sc="13" el="422" ec="60" bec="0" bev="0" fileid="3" />
                <SequencePoint vc="1" uspid="164" ordinal="12" offset="384" sl="423" sc="13" el="423" ec="54" bec="0" bev="0" fileid="3" />
                <SequencePoint vc="1" uspid="165" ordinal="13" offset="414" sl="425" sc="13" el="425" ec="59" bec="0" bev="0" fileid="3" />
                <SequencePoint vc="1" uspid="166" ordinal="14" offset="443" sl="426" sc="13" el="426" ec="60" bec="0" bev="0" fileid="3" />
                <SequencePoint vc="1" uspid="167" ordinal="15" offset="471" sl="427" sc="13" el="427" ec="60" bec="0" bev="0" fileid="3" />
                <SequencePoint vc="1" uspid="168" ordinal="16" offset="499" sl="428" sc="13" el="428" ec="68" bec="0" bev="0" fileid="3" />
                <SequencePoint vc="1" uspid="169" ordinal="17" offset="536" sl="429" sc="13" el="429" ec="78" bec="0" bev="0" fileid="3" />
                <SequencePoint vc="1" uspid="170" ordinal="18" offset="571" sl="430" sc="13" el="430" ec="60" bec="0" bev="0" fileid="3" />
                <SequencePoint vc="1" uspid="171" ordinal="19" offset="599" sl="431" sc="13" el="431" ec="56" bec="0" bev="0" fileid="3" />
                <SequencePoint vc="1" uspid="172" ordinal="20" offset="622" sl="433" sc="13" el="433" ec="69" bec="0" bev="0" fileid="3" />
                <SequencePoint vc="1" uspid="173" ordinal="21" offset="656" sl="434" sc="13" el="434" ec="76" bec="0" bev="0" fileid="3" />
                <SequencePoint vc="1" uspid="174" ordinal="22" offset="695" sl="435" sc="13" el="435" ec="76" bec="0" bev="0" fileid="3" />
                <SequencePoint vc="1" uspid="175" ordinal="23" offset="734" sl="436" sc="13" el="436" ec="79" bec="0" bev="0" fileid="3" />
                <SequencePoint vc="1" uspid="176" ordinal="24" offset="782" sl="437" sc="13" el="437" ec="91" bec="0" bev="0" fileid="3" />
                <SequencePoint vc="1" uspid="177" ordinal="25" offset="828" sl="438" sc="13" el="438" ec="76" bec="0" bev="0" fileid="3" />
                <SequencePoint vc="1" uspid="178" ordinal="26" offset="867" sl="439" sc="13" el="439" ec="67" bec="0" bev="0" fileid="3" />
                <SequencePoint vc="1" uspid="179" ordinal="27" offset="908" sl="441" sc="13" el="441" ec="69" bec="0" bev="0" fileid="3" />
                <SequencePoint vc="1" uspid="180" ordinal="28" offset="942" sl="442" sc="13" el="442" ec="76" bec="0" bev="0" fileid="3" />
                <SequencePoint vc="1" uspid="181" ordinal="29" offset="981" sl="443" sc="13" el="443" ec="76" bec="0" bev="0" fileid="3" />
                <SequencePoint vc="1" uspid="182" ordinal="30" offset="1020" sl="444" sc="13" el="444" ec="82" bec="0" bev="0" fileid="3" />
                <SequencePoint vc="1" uspid="183" ordinal="31" offset="1068" sl="445" sc="13" el="445" ec="91" bec="0" bev="0" fileid="3" />
                <SequencePoint vc="1" uspid="184" ordinal="32" offset="1114" sl="446" sc="13" el="446" ec="76" bec="0" bev="0" fileid="3" />
                <SequencePoint vc="1" uspid="185" ordinal="33" offset="1153" sl="447" sc="13" el="447" ec="67" bec="0" bev="0" fileid="3" />
                <SequencePoint vc="1" uspid="186" ordinal="34" offset="1194" sl="449" sc="13" el="449" ec="59" bec="0" bev="0" fileid="3" />
                <SequencePoint vc="1" uspid="187" ordinal="35" offset="1223" sl="450" sc="13" el="450" ec="60" bec="0" bev="0" fileid="3" />
[...]
                <SequencePoint vc="11" uspid="2019" ordinal="3" offset="25" sl="26" sc="13" el="29" ec="15" bec="0" bev="0" fileid="87" />
                <SequencePoint vc="11" uspid="2020" ordinal="4" offset="44" sl="31" sc="13" el="31" ec="50" bec="0" bev="0" fileid="87" />
                <SequencePoint vc="11" uspid="2021" ordinal="5" offset="62" sl="33" sc="13" el="33" ec="25" bec="0" bev="0" fileid="87" />
                <SequencePoint vc="11" uspid="2022" ordinal="6" offset="66" sl="34" sc="9" el="34" ec="10" bec="0" bev="0" fileid="87" />
              </SequencePoints>
              <BranchPoints />
              <MethodPoint xsi:type="SequencePoint" vc="11" uspid="2016" ordinal="0" offset="0" sl="21" sc="9" el="21" ec="10" bec="0" bev="0" fileid="87" />
            </Method>
            <Method visited="true" cyclomaticComplexity="1" nPathComplexity="0" sequenceCoverage="100" branchCoverage="100" isConstructor="false" isStatic="false" isGetter="false" isSetter="false">
              <Summary numSequencePoints="6" visitedSequencePoints="6" numBranchPoints="1" visitedBranchPoints="1" sequenceCoverage="100" branchCoverage="100" maxCyclomaticComplexity="1" minCyclomaticComplexity="1" visitedClasses="0" numClasses="0" visitedMethods="1" numMethods="1" />
              <MetadataToken>100663431</MetadataToken>
              <Name>Helpful.TextParser.Fluent.Interface.IDelimitedPropertyOnlyRequiredDescriptor Helpful.TextParser.Fluent.Impl.DelimitedPropertyOnlyDescriptor`1::Position(System.Int32)</Name>
              <FileRef uid="87" />
              <SequencePoints>
                <SequencePoint vc="11" uspid="2023" ordinal="0" offset="0" sl="37" sc="9" el="37" ec="10" bec="0" bev="0" fileid="87" />
                <SequencePoint vc="11" uspid="2024" ordinal="1" offset="1" sl="38" sc="13" el="38" ec="58" bec="0" bev="0" fileid="87" />
                <SequencePoint vc="11" uspid="2025" ordinal="2" offset="18" sl="40" sc="13" el="40" ec="56" bec="0" bev="0" fileid="87" />
                <SequencePoint vc="11" uspid="2026" ordinal="3" offset="26" sl="41" sc="13" el="41" ec="57" bec="0" bev="0" fileid="87" />
                <SequencePoint vc="11" uspid="2027" ordinal="4" offset="44" sl="43" sc="13" el="43" ec="25" bec="0" bev="0" fileid="87" />
                <SequencePoint vc="11" uspid="2028" ordinal="5" offset="48" sl="44" sc="9" el="44" ec="10" bec="0" bev="0" fileid="87" />
              </SequencePoints>
              <BranchPoints />
              <MethodPoint xsi:type="SequencePoint" vc="11" uspid="2023" ordinal="0" offset="0" sl="37" sc="9" el="37" ec="10" bec="0" bev="0" fileid="87" />
            </Method>
            <Method visited="true" cyclomaticComplexity="1" nPathComplexity="0" sequenceCoverage="100" branchCoverage="100" isConstructor="false" isStatic="false" isGetter="false" isSetter="false">
              <Summary numSequencePoints="4" visitedSequencePoints="4" numBranchPoints="1" visitedBranchPoints="1" sequenceCoverage="100" branchCoverage="100" maxCyclomaticComplexity="1" minCyclomaticComplexity="1" visitedClasses="0" numClasses="0" visitedMethods="1" numMethods="1" />
              <MetadataToken>100663432</MetadataToken>
              <Name>System.Void Helpful.TextParser.Fluent.Impl.DelimitedPropertyOnlyDescriptor`1::Required()</Name>
              <FileRef uid="87" />
              <SequencePoints>
                <SequencePoint vc="7" uspid="2029" ordinal="0" offset="0" sl="47" sc="9" el="47" ec="10" bec="0" bev="0" fileid="87" />
                <SequencePoint vc="7" uspid="2030" ordinal="1" offset="1" sl="48" sc="13" el="48" ec="58" bec="0" bev="0" fileid="87" />
                <SequencePoint vc="7" uspid="2031" ordinal="2" offset="18" sl="50" sc="13" el="50" ec="37" bec="0" bev="0" fileid="87" />
                <SequencePoint vc="7" uspid="2032" ordinal="3" offset="26" sl="51" sc="9" el="51" ec="10" bec="0" bev="0" fileid="87" />
              </SequencePoints>
              <BranchPoints />
              <MethodPoint xsi:type="SequencePoint" vc="7" uspid="2029" ordinal="0" offset="0" sl="47" sc="9" el="47" ec="10" bec="0" bev="0" fileid="87" />
            </Method>
            <Method visited="true" cyclomaticComplexity="1" nPathComplexity="0" sequenceCoverage="100" branchCoverage="100" isConstructor="false" isStatic="false" isGetter="false" isSetter="false">
              <Summary numSequencePoints="4" visitedSequencePoints="4" numBranchPoints="1" visitedBranchPoints="1" sequenceCoverage="100" branchCoverage="100" maxCyclomaticComplexity="1" minCyclomaticComplexity="1" visitedClasses="0" numClasses="0" visitedMethods="1" numMethods="1" />
              <MetadataToken>100663433</MetadataToken>
              <Name>System.Void Helpful.TextParser.Fluent.Impl.DelimitedPropertyOnlyDescriptor`1::NotRequired()</Name>
              <FileRef uid="87" />
              <SequencePoints>
                <SequencePoint vc="4" uspid="2033" ordinal="0" offset="0" sl="54" sc="9" el="54" ec="10" bec="0" bev="0" fileid="87" />
                <SequencePoint vc="4" uspid="2034" ordinal="1" offset="1" sl="55" sc="13" el="55" ec="58" bec="0" bev="0" fileid="87" />
                <SequencePoint vc="4" uspid="2035" ordinal="2" offset="18" sl="57" sc="13" el="57" ec="38" bec="0" bev="0" fileid="87" />
                <SequencePoint vc="4" uspid="2036" ordinal="3" offset="26" sl="58" sc="9" el="58" ec="10" bec="0" bev="0" fileid="87" />
              </SequencePoints>
              <BranchPoints />
              <MethodPoint xsi:type="SequencePoint" vc="4" uspid="2033" ordinal="0" offset="0" sl="54" sc="9" el="54" ec="10" bec="0" bev="0" fileid="87" />
            </Method>
          </Methods>
        </Class>
        <Class>
          <Summary numSequencePoints="17" visitedSequencePoints="17" numBranchPoints="5" visitedBranchPoints="5" sequenceCoverage="100" branchCoverage="100" maxCyclomaticComplexity="2" minCyclomaticComplexity="1" visitedClasses="1" numClasses="1" visitedMethods="3" numMethods="3" />
          <FullName>Helpful.TextParser.Fluent.Impl.PositionedPropertyPositionDescriptor`1</FullName>
          <Methods>
            <Method visited="true" cyclomaticComplexity="1" nPathComplexity="0" sequenceCoverage="100" branchCoverage="100" isConstructor="true" isStatic="false" isGetter="false" isSetter="false">
              <Summary numSequencePoints="4" visitedSequencePoints="4" numBranchPoints="1" visitedBranchPoints="1" sequenceCoverage="100" branchCoverage="100" maxCyclomaticComplexity="1" minCyclomaticComplexity="1" visitedClasses="0" numClasses="0" visitedMethods="1" numMethods="1" />
              <MetadataToken>100663434</MetadataToken>
              <Name>System.Void Helpful.TextParser.Fluent.Impl.PositionedPropertyPositionDescriptor`1::.ctor(Helpful.TextParser.Model.Element)</Name>
              <FileRef uid="88" />
              <SequencePoints>
                <SequencePoint vc="22" uspid="2037" ordinal="0" offset="0" sl="13" sc="9" el="13" ec="69" bec="0" bev="0" fileid="88" />
                <SequencePoint vc="22" uspid="2038" ordinal="1" offset="7" sl="14" sc="9" el="14" ec="10" bec="0" bev="0" fileid="88" />
                <SequencePoint vc="22" uspid="2039" ordinal="2" offset="8" sl="15" sc="13" el="15" ec="32" bec="0" bev="0" fileid="88" />
                <SequencePoint vc="22" uspid="2040" ordinal="3" offset="15" sl="16" sc="9" el="16" ec="10" bec="0" bev="0" fileid="88" />
              </SequencePoints>
              <BranchPoints />
              <MethodPoint xsi:type="SequencePoint" vc="22" uspid="2037" ordinal="0" offset="0" sl="13" sc="9" el="13" ec="69" bec="0" bev="0" fileid="88" />
            </Method>
            <Method visited="true" cyclomaticComplexity="2" nPathComplexity="2" sequenceCoverage="100" branchCoverage="100" isConstructor="false" isStatic="false" isGetter="false" isSetter="false">
              <Summary numSequencePoints="8" visitedSequencePoints="8" numBranchPoints="3" visitedBranchPoints="3" sequenceCoverage="100" branchCoverage="100" maxCyclomaticComplexity="2" minCyclomaticComplexity="2" visitedClasses="0" numClasses="0" visitedMethods="1" numMethods="1" />
              <MetadataToken>100663435</MetadataToken>
              <Name>Helpful.TextParser.Fluent.Interface.IPositionedPropertyPropertiesDescriptor`1&lt;TClass&gt; Helpful.TextParser.Fluent.Impl.PositionedPropertyPositionDescriptor`1::Position(System.Int32,System.Int32)</Name>
              <FileRef uid="88" />
              <SequencePoints>
                <SequencePoint vc="22" uspid="2041" ordinal="0" offset="0" sl="19" sc="9" el="19" ec="10" bec="0" bev="0" fileid="88" />
                <SequencePoint vc="22" uspid="2042" ordinal="1" offset="1" sl="20" sc="13" el="20" ec="46" bec="2" bev="2" fileid="88" />
                <SequencePoint vc="3" uspid="2043" ordinal="2" offset="12" sl="21" sc="13" el="21" ec="14" bec="0" bev="0" fileid="88" />
                <SequencePoint vc="3" uspid="2044" ordinal="3" offset="13" sl="22" sc="17" el="22" ec="150" bec="0" bev="0" fileid="88" />
                <SequencePoint vc="19" uspid="2045" ordinal="4" offset="56" sl="25" sc="13" el="25" ec="68" bec="0" bev="0" fileid="88" />
                <SequencePoint vc="19" uspid="2046" ordinal="5" offset="79" sl="26" sc="13" el="26" ec="64" bec="0" bev="0" fileid="88" />
                <SequencePoint vc="19" uspid="2047" ordinal="6" offset="102" sl="28" sc="13" el="28" ec="25" bec="0" bev="0" fileid="88" />
                <SequencePoint vc="19" uspid="2048" ordinal="7" offset="106" sl="29" sc="9" el="29" ec="10" bec="0" bev="0" fileid="88" />
              </SequencePoints>
              <BranchPoints>
                <BranchPoint vc="3" uspid="2049" ordinal="0" offset="10" sl="20" path="0" offsetend="12" fileid="88" />
                <BranchPoint vc="19" uspid="2050" ordinal="1" offset="10" sl="20" path="1" offsetend="56" fileid="88" />
              </BranchPoints>
              <MethodPoint xsi:type="SequencePoint" vc="22" uspid="2041" ordinal="0" offset="0" sl="19" sc="9" el="19" ec="10" bec="0" bev="0" fileid="88" />
            </Method>
            <Method visited="true" cyclomaticComplexity="1" nPathComplexity="0" sequenceCoverage="100" branchCoverage="100" isConstructor="false" isStatic="false" isGetter="false" isSetter="false">
              <Summary numSequencePoints="5" visitedSequencePoints="5" numBranchPoints="1" visitedBranchPoints="1" sequenceCoverage="100" branchCoverage="100" maxCyclomaticComplexity="1" minCyclomaticComplexity="1" visitedClasses="0" numClasses="0" visitedMethods="1" numMethods="1" />
              <MetadataToken>100663436</MetadataToken>
              <Name>System.Void Helpful.TextParser.Fluent.Impl.PositionedPropertyPositionDescriptor`1::Properties(System.Action`1&lt;Helpful.TextParser.Fluent.Interface.IPositionedPropertyDescriptor`1&lt;TClass&gt;&gt;)</Name>
              <FileRef uid="88" />
              <SequencePoints>
                <SequencePoint vc="18" uspid="2051" ordinal="0" offset="0" sl="32" sc="9" el="32" ec="10" bec="0" bev="0" fileid="88" />
                <SequencePoint vc="18" uspid="2052" ordinal="1" offset="1" sl="33" sc="13" el="33" ec="34" bec="0" bev="0" fileid="88" />
                <SequencePoint vc="18" uspid="2053" ordinal="2" offset="8" sl="35" sc="13" el="35" ec="98" bec="0" bev="0" fileid="88" />
                <SequencePoint vc="18" uspid="2054" ordinal="3" offset="20" sl="37" sc="13" el="37" ec="50" bec="0" bev="0" fileid="88" />
                <SequencePoint vc="18" uspid="2055" ordinal="4" offset="33" sl="38" sc="9" el="38" ec="10" bec="0" bev="0" fileid="88" />
              </SequencePoints>
              <BranchPoints />
              <MethodPoint xsi:type="SequencePoint" vc="18" uspid="2051" ordinal="0" offset="0" sl="32" sc="9" el="32" ec="10" bec="0" bev="0" fileid="88" />
            </Method>
          </Methods>
        </Class>
        <Class>
          <Summary numSequencePoints="13" visitedSequencePoints="13" numBranchPoints="3" visitedBranchPoints="3" sequenceCoverage="100" branchCoverage="100" maxCyclomaticComplexity="1" minCyclomaticComplexity="1" visitedClasses="1" numClasses="1" visitedMethods="3" numMethods="3" />
          <FullName>Helpful.TextParser.Fluent.Impl.DelimitedPropertyPositionDescriptor`1</FullName>
          <Methods>
            <Method visited="true" cyclomaticComplexity="1" nPathComplexity="0" sequenceCoverage="100" branchCoverage="100" isConstructor="true" isStatic="false" isGetter="false" isSetter="false">
              <Summary numSequencePoints="4" visitedSequencePoints="4" numBranchPoints="1" visitedBranchPoints="1" sequenceCoverage="100" branchCoverage="100" maxCyclomaticComplexity="1" minCyclomaticComplexity="1" visitedClasses="0" numClasses="0" visitedMethods="1" numMethods="1" />
              <MetadataToken>100663437</MetadataToken>
              <Name>System.Void Helpful.TextParser.Fluent.Impl.DelimitedPropertyPositionDescriptor`1::.ctor(Helpful.TextParser.Model.Element)</Name>
              <FileRef uid="89" />
              <SequencePoints>
                <SequencePoint vc="19" uspid="2056" ordinal="0" offset="0" sl="13" sc="9" el="13" ec="68" bec="0" bev="0" fileid="89" />
                <SequencePoint vc="19" uspid="2057" ordinal="1" offset="7" sl="14" sc="9" el="14" ec="10" bec="0" bev="0" fileid="89" />
                <SequencePoint vc="19" uspid="2058" ordinal="2" offset="8" sl="15" sc="13" el="15" ec="32" bec="0" bev="0" fileid="89" />
                <SequencePoint vc="19" uspid="2059" ordinal="3" offset="15" sl="16" sc="9" el="16" ec="10" bec="0" bev="0" fileid="89" />
              </SequencePoints>
              <BranchPoints />
              <MethodPoint xsi:type="SequencePoint" vc="19" uspid="2056" ordinal="0" offset="0" sl="13" sc="9" el="13" ec="68" bec="0" bev="0" fileid="89" />
            </Method>
            <Method visited="true" cyclomaticComplexity="1" nPathComplexity="0" sequenceCoverage="100" branchCoverage="100" isConstructor="false" isStatic="false" isGetter="false" isSetter="false">
              <Summary numSequencePoints="4" visitedSequencePoints="4" numBranchPoints="1" visitedBranchPoints="1" sequenceCoverage="100" branchCoverage="100" maxCyclomaticComplexity="1" minCyclomaticComplexity="1" visitedClasses="0" numClasses="0" visitedMethods="1" numMethods="1" />
              <MetadataToken>100663438</MetadataToken>
              <Name>Helpful.TextParser.Fluent.Interface.IDelimitedPropertyPropertiesDescriptor`1&lt;TClass&gt; Helpful.TextParser.Fluent.Impl.DelimitedPropertyPositionDescriptor`1::Position(System.Int32)</Name>
              <FileRef uid="89" />
              <SequencePoints>
                <SequencePoint vc="19" uspid="2060" ordinal="0" offset="0" sl="19" sc="9" el="19" ec="10" bec="0" bev="0" fileid="89" />
                <SequencePoint vc="19" uspid="2061" ordinal="1" offset="1" sl="20" sc="13" el="20" ec="58" bec="0" bev="0" fileid="89" />
                <SequencePoint vc="19" uspid="2062" ordinal="2" offset="24" sl="22" sc="13" el="22" ec="25" bec="0" bev="0" fileid="89" />
                <SequencePoint vc="19" uspid="2063" ordinal="3" offset="28" sl="23" sc="9" el="23" ec="10" bec="0" bev="0" fileid="89" />
              </SequencePoints>
              <BranchPoints />
              <MethodPoint xsi:type="SequencePoint" vc="19" uspid="2060" ordinal="0" offset="0" sl="19" sc="9" el="19" ec="10" bec="0" bev="0" fileid="89" />
            </Method>
            <Method visited="true" cyclomaticComplexity="1" nPathComplexity="0" sequenceCoverage="100" branchCoverage="100" isConstructor="false" isStatic="false" isGetter="false" isSetter="false">
              <Summary numSequencePoints="5" visitedSequencePoints="5" numBranchPoints="1" visitedBranchPoints="1" sequenceCoverage="100" branchCoverage="100" maxCyclomaticComplexity="1" minCyclomaticComplexity="1" visitedClasses="0" numClasses="0" visitedMethods="1" numMethods="1" />
              <MetadataToken>100663439</MetadataToken>
              <Name>System.Void Helpful.TextParser.Fluent.Impl.DelimitedPropertyPositionDescriptor`1::Properties(System.Action`1&lt;Helpful.TextParser.Fluent.Interface.IDelimitedPropertyDescriptor`1&lt;TClass&gt;&gt;)</Name>
              <FileRef uid="89" />
              <SequencePoints>
                <SequencePoint vc="18" uspid="2064" ordinal="0" offset="0" sl="26" sc="9" el="26" ec="10" bec="0" bev="0" fileid="89" />
                <SequencePoint vc="18" uspid="2065" ordinal="1" offset="1" sl="27" sc="13" el="27" ec="34" bec="0" bev="0" fileid="89" />
                <SequencePoint vc="18" uspid="2066" ordinal="2" offset="8" sl="29" sc="13" el="29" ec="97" bec="0" bev="0" fileid="89" />
                <SequencePoint vc="18" uspid="2067" ordinal="3" offset="20" sl="31" sc="13" el="31" ec="50" bec="0" bev="0" fileid="89" />
                <SequencePoint vc="18" uspid="2068" ordinal="4" offset="33" sl="32" sc="9" el="32" ec="10" bec="0" bev="0" fileid="89" />
              </SequencePoints>
              <BranchPoints />
              <MethodPoint xsi:type="SequencePoint" vc="18" uspid="2064" ordinal="0" offset="0" sl="26" sc="9" el="26" ec="10" bec="0" bev="0" fileid="89" />
            </Method>
          </Methods>
        </Class>
      </Classes>
    </Module>
    <Module skippedDueTo="Filter" hash="88-45-F0-9C-3C-9F-72-79-CB-6A-82-FA-D7-DB-C3-4A-59-80-3C-6B">
      <ModulePath>C:\WINDOWS\Microsoft.Net\assembly\GAC_MSIL\System.Xml\v4.0_4.0.0.0__b77a5c561934e089\System.Xml.dll</ModulePath>
      <ModuleTime>2016-07-16T11:43:55.4992744Z</ModuleTime>
      <ModuleName>System.Xml</ModuleName>
      <Classes />
    </Module>
    <Module skippedDueTo="Filter" hash="34-9C-B1-D6-36-C6-B5-9F-A6-6E-83-F4-85-9A-0F-37-A7-F0-8D-02">
      <ModulePath>C:\Users\RonaldRicardo\Source\Repos\Helpful.TextParser\Helpful.TextParser.Test\bin\Debug\Moq.dll</ModulePath>
      <ModuleTime>2017-03-27T00:59:10Z</ModuleTime>
      <ModuleName>Moq</ModuleName>
      <Classes />
    </Module>
    <Module skippedDueTo="Filter" hash="75-89-DB-0A-A4-AC-9C-22-21-F2-A6-FE-5C-75-4A-49-28-CE-5B-B3">
      <ModulePath>C:\Users\RonaldRicardo\Source\Repos\Helpful.TextParser\Helpful.TextParser.Test\bin\Debug\Shouldly.dll</ModulePath>
      <ModuleTime>2016-08-13T07:02:38Z</ModuleTime>
      <ModuleName>Shouldly</ModuleName>
      <Classes />
    </Module>
    <Module skippedDueTo="Filter" hash="">
      <ModulePath>RefEmit_InMemoryManifestModule</ModulePath>
      <ModuleTime>0001-01-01T00:00:00</ModuleTime>
      <ModuleName>Anonymously Hosted DynamicMethods Assembly</ModuleName>
      <Classes />
    </Module>
    <Module skippedDueTo="Filter" hash="A3-09-9D-C9-2F-8D-F7-55-B0-7D-76-E4-D8-07-6F-8D-70-0A-35-14">
      <ModulePath>C:\Users\RonaldRicardo\Source\Repos\Helpful.TextParser\Helpful.TextParser.Test\bin\Debug\Castle.Core.dll</ModulePath>
      <ModuleTime>2017-01-24T22:26:06Z</ModuleTime>
      <ModuleName>Castle.Core</ModuleName>
      <Classes />
    </Module>
    <Module skippedDueTo="Filter" hash="34-A3-5D-67-8E-E7-DB-60-FE-97-F3-BD-D4-E7-40-6B-00-DA-51-C8">
      <ModulePath>C:\WINDOWS\Microsoft.Net\assembly\GAC_MSIL\System.Configuration\v4.0_4.0.0.0__b03f5f7f11d50a3a\System.Configuration.dll</ModulePath>
      <ModuleTime>2016-07-16T11:43:53.9992781Z</ModuleTime>
      <ModuleName>System.Configuration</ModuleName>
      <Classes />
    </Module>
    <Module skippedDueTo="Filter" hash="">
      <ModulePath>RefEmit_InMemoryManifestModule</ModulePath>
      <ModuleTime>0001-01-01T00:00:00</ModuleTime>
      <ModuleName>DynamicProxyGenAssembly2</ModuleName>
      <Classes />
    </Module>
    <Module skippedDueTo="Filter" hash="">
      <ModulePath>RefEmit_InMemoryManifestModule</ModulePath>
      <ModuleTime>0001-01-01T00:00:00</ModuleTime>
      <ModuleName>DynamicProxyGenAssembly2</ModuleName>
      <Classes />
    </Module>
  </Modules>
</CoverageSession>