<?xml version="1.0" encoding="utf-8"?>
<CoverageSession xmlns:xsd="http://www.w3.org/2001/XMLSchema" xmlns:xsi="http://www.w3.org/2001/XMLSchema-instance">
  <Summary numSequencePoints="979" visitedSequencePoints="728" numBranchPoints="402" visitedBranchPoints="283" sequenceCoverage="74.36" branchCoverage="70.40" maxCyclomaticComplexity="61" minCyclomaticComplexity="1" visitedClasses="31" numClasses="45" visitedMethods="265" numMethods="332" />
  <Modules>
    <Module skippedDueTo="Filter" hash="E8-5D-0D-DF-48-0E-E1-36-C7-A9-9F-6C-BD-62-D5-34-9F-F0-17-FE">
      <ModulePath>C:\WINDOWS\Microsoft.Net\assembly\GAC_64\mscorlib\v4.0_4.0.0.0__b77a5c561934e089\mscorlib.dll</ModulePath>
      <ModuleTime>2017-02-22T02:17:32.1365185Z</ModuleTime>
      <ModuleName>mscorlib</ModuleName>
      <Classes />
    </Module>
    <Module skippedDueTo="Filter" hash="70-0A-8C-00-26-D7-8E-3A-41-3C-43-6D-01-3C-09-CC-C9-73-85-C0">
      <ModulePath>C:\Users\RonaldRicardo\Source\Repos\Helpful.TextParser\packages\NUnit.ConsoleRunner.3.6.1\tools\nunit3-console.exe</ModulePath>
      <ModuleTime>2017-03-07T00:27:00Z</ModuleTime>
      <ModuleName>nunit3-console</ModuleName>
      <Classes />
    </Module>
    <Module skippedDueTo="Filter" hash="4F-2D-57-51-8C-EB-A3-76-1B-CA-7F-0F-4C-1E-A5-88-77-48-84-05">
      <ModulePath>C:\WINDOWS\Microsoft.Net\assembly\GAC_MSIL\System\v4.0_4.0.0.0__b77a5c561934e089\System.dll</ModulePath>
      <ModuleTime>2017-01-24T02:27:50.5038952Z</ModuleTime>
      <ModuleName>System</ModuleName>
      <Classes />
    </Module>
    <Module skippedDueTo="Filter" hash="90-A5-CB-F1-B1-A1-C2-DE-2A-BF-0B-6F-28-E9-82-CA-41-44-09-3A">
      <ModulePath>C:\Users\RonaldRicardo\Source\Repos\Helpful.TextParser\packages\NUnit.ConsoleRunner.3.6.1\tools\nunit.engine.api.dll</ModulePath>
      <ModuleTime>2017-03-07T00:27:00Z</ModuleTime>
      <ModuleName>nunit.engine.api</ModuleName>
      <Classes />
    </Module>
    <Module skippedDueTo="Filter" hash="96-DE-EF-3F-02-DC-0C-37-07-3E-B9-1D-D2-EF-F9-A2-D3-8E-11-00">
      <ModulePath>C:\Users\RonaldRicardo\Source\Repos\Helpful.TextParser\packages\NUnit.ConsoleRunner.3.6.1\tools\nunit.engine.dll</ModulePath>
      <ModuleTime>2017-03-07T00:27:00Z</ModuleTime>
      <ModuleName>nunit.engine</ModuleName>
      <Classes />
    </Module>
    <Module skippedDueTo="Filter" hash="96-DE-EF-3F-02-DC-0C-37-07-3E-B9-1D-D2-EF-F9-A2-D3-8E-11-00">
      <ModulePath>C:\Users\RonaldRicardo\Source\Repos\Helpful.TextParser\packages\NUnit.ConsoleRunner.3.6.1\tools\nunit.engine.dll</ModulePath>
      <ModuleTime>2017-03-07T00:27:00Z</ModuleTime>
      <ModuleName>nunit.engine</ModuleName>
      <Classes />
    </Module>
    <Module skippedDueTo="Filter" hash="88-45-F0-9C-3C-9F-72-79-CB-6A-82-FA-D7-DB-C3-4A-59-80-3C-6B">
      <ModulePath>C:\WINDOWS\Microsoft.Net\assembly\GAC_MSIL\System.Xml\v4.0_4.0.0.0__b77a5c561934e089\System.Xml.dll</ModulePath>
      <ModuleTime>2016-07-16T11:43:55.4992744Z</ModuleTime>
      <ModuleName>System.Xml</ModuleName>
      <Classes />
    </Module>
    <Module skippedDueTo="Filter" hash="11-98-E7-2B-6C-7D-11-C5-0F-66-CE-47-1E-CA-60-19-D0-EB-15-8B">
      <ModulePath>C:\WINDOWS\Microsoft.Net\assembly\GAC_64\System.Web\v4.0_4.0.0.0__b03f5f7f11d50a3a\System.Web.dll</ModulePath>
      <ModuleTime>2017-02-22T02:17:32.9959633Z</ModuleTime>
      <ModuleName>System.Web</ModuleName>
      <Classes />
    </Module>
    <Module skippedDueTo="Filter" hash="8A-2E-8F-D6-9D-39-02-4A-2F-30-FC-06-42-F7-0F-A8-32-69-07-72">
      <ModulePath>C:\Users\RonaldRicardo\Source\Repos\Helpful.TextParser\packages\NUnit.ConsoleRunner.3.6.1\tools\Mono.Cecil.dll</ModulePath>
      <ModuleTime>2017-03-07T00:27:00Z</ModuleTime>
      <ModuleName>Mono.Cecil</ModuleName>
      <Classes />
    </Module>
    <Module skippedDueTo="Filter" hash="A6-44-D7-5C-2C-AA-24-6D-2E-64-A4-48-13-C2-22-F5-E4-2D-CE-96">
      <ModulePath>C:\WINDOWS\Microsoft.Net\assembly\GAC_MSIL\System.Runtime.Remoting\v4.0_4.0.0.0__b77a5c561934e089\System.Runtime.Remoting.dll</ModulePath>
      <ModuleTime>2016-07-16T11:43:55.4680251Z</ModuleTime>
      <ModuleName>System.Runtime.Remoting</ModuleName>
      <Classes />
    </Module>
    <Module skippedDueTo="Filter" hash="34-A3-5D-67-8E-E7-DB-60-FE-97-F3-BD-D4-E7-40-6B-00-DA-51-C8">
      <ModulePath>C:\WINDOWS\Microsoft.Net\assembly\GAC_MSIL\System.Configuration\v4.0_4.0.0.0__b03f5f7f11d50a3a\System.Configuration.dll</ModulePath>
      <ModuleTime>2016-07-16T11:43:53.9992781Z</ModuleTime>
      <ModuleName>System.Configuration</ModuleName>
      <Classes />
    </Module>
    <Module skippedDueTo="Filter" hash="E8-5D-0D-DF-48-0E-E1-36-C7-A9-9F-6C-BD-62-D5-34-9F-F0-17-FE">
      <ModulePath>C:\WINDOWS\Microsoft.Net\assembly\GAC_64\mscorlib\v4.0_4.0.0.0__b77a5c561934e089\mscorlib.dll</ModulePath>
      <ModuleTime>2017-02-22T02:17:32.1365185Z</ModuleTime>
      <ModuleName>mscorlib</ModuleName>
      <Classes />
    </Module>
    <Module skippedDueTo="Filter" hash="75-5F-1A-C1-0E-E6-C9-A3-EC-A1-F0-6E-89-B4-98-86-0B-A8-B2-AD">
      <ModulePath>C:\Users\RonaldRicardo\Source\Repos\Helpful.TextParser\packages\NUnit.ConsoleRunner.3.6.1\tools\nunit-agent.exe</ModulePath>
      <ModuleTime>2017-03-07T00:27:00Z</ModuleTime>
      <ModuleName>nunit-agent</ModuleName>
      <Classes />
    </Module>
    <Module skippedDueTo="Filter" hash="96-DE-EF-3F-02-DC-0C-37-07-3E-B9-1D-D2-EF-F9-A2-D3-8E-11-00">
      <ModulePath>C:\Users\RonaldRicardo\Source\Repos\Helpful.TextParser\packages\NUnit.ConsoleRunner.3.6.1\tools\nunit.engine.dll</ModulePath>
      <ModuleTime>2017-03-07T00:27:00Z</ModuleTime>
      <ModuleName>nunit.engine</ModuleName>
      <Classes />
    </Module>
    <Module skippedDueTo="Filter" hash="90-A5-CB-F1-B1-A1-C2-DE-2A-BF-0B-6F-28-E9-82-CA-41-44-09-3A">
      <ModulePath>C:\Users\RonaldRicardo\Source\Repos\Helpful.TextParser\packages\NUnit.ConsoleRunner.3.6.1\tools\nunit.engine.api.dll</ModulePath>
      <ModuleTime>2017-03-07T00:27:00Z</ModuleTime>
      <ModuleName>nunit.engine.api</ModuleName>
      <Classes />
    </Module>
    <Module skippedDueTo="Filter" hash="4F-2D-57-51-8C-EB-A3-76-1B-CA-7F-0F-4C-1E-A5-88-77-48-84-05">
      <ModulePath>C:\WINDOWS\Microsoft.Net\assembly\GAC_MSIL\System\v4.0_4.0.0.0__b77a5c561934e089\System.dll</ModulePath>
      <ModuleTime>2017-01-24T02:27:50.5038952Z</ModuleTime>
      <ModuleName>System</ModuleName>
      <Classes />
    </Module>
    <Module skippedDueTo="Filter" hash="A6-44-D7-5C-2C-AA-24-6D-2E-64-A4-48-13-C2-22-F5-E4-2D-CE-96">
      <ModulePath>C:\WINDOWS\Microsoft.Net\assembly\GAC_MSIL\System.Runtime.Remoting\v4.0_4.0.0.0__b77a5c561934e089\System.Runtime.Remoting.dll</ModulePath>
      <ModuleTime>2016-07-16T11:43:55.4680251Z</ModuleTime>
      <ModuleName>System.Runtime.Remoting</ModuleName>
      <Classes />
    </Module>
    <Module skippedDueTo="Filter" hash="88-45-F0-9C-3C-9F-72-79-CB-6A-82-FA-D7-DB-C3-4A-59-80-3C-6B">
      <ModulePath>C:\WINDOWS\Microsoft.Net\assembly\GAC_MSIL\System.Xml\v4.0_4.0.0.0__b77a5c561934e089\System.Xml.dll</ModulePath>
      <ModuleTime>2016-07-16T11:43:55.4992744Z</ModuleTime>
      <ModuleName>System.Xml</ModuleName>
      <Classes />
    </Module>
    <Module skippedDueTo="Filter" hash="11-98-E7-2B-6C-7D-11-C5-0F-66-CE-47-1E-CA-60-19-D0-EB-15-8B">
      <ModulePath>C:\WINDOWS\Microsoft.Net\assembly\GAC_64\System.Web\v4.0_4.0.0.0__b03f5f7f11d50a3a\System.Web.dll</ModulePath>
      <ModuleTime>2017-02-22T02:17:32.9959633Z</ModuleTime>
      <ModuleName>System.Web</ModuleName>
      <Classes />
    </Module>
    <Module skippedDueTo="Filter" hash="8A-2E-8F-D6-9D-39-02-4A-2F-30-FC-06-42-F7-0F-A8-32-69-07-72">
      <ModulePath>C:\Users\RonaldRicardo\Source\Repos\Helpful.TextParser\packages\NUnit.ConsoleRunner.3.6.1\tools\Mono.Cecil.dll</ModulePath>
      <ModuleTime>2017-03-07T00:27:00Z</ModuleTime>
      <ModuleName>Mono.Cecil</ModuleName>
      <Classes />
    </Module>
    <Module skippedDueTo="Filter" hash="34-A3-5D-67-8E-E7-DB-60-FE-97-F3-BD-D4-E7-40-6B-00-DA-51-C8">
      <ModulePath>C:\WINDOWS\Microsoft.Net\assembly\GAC_MSIL\System.Configuration\v4.0_4.0.0.0__b03f5f7f11d50a3a\System.Configuration.dll</ModulePath>
      <ModuleTime>2016-07-16T11:43:53.9992781Z</ModuleTime>
      <ModuleName>System.Configuration</ModuleName>
      <Classes />
    </Module>
    <Module skippedDueTo="Filter" hash="6C-04-8C-57-BA-16-AC-9A-1E-6F-C5-9B-72-58-A4-91-04-FA-A5-1E">
      <ModulePath>C:\Users\RonaldRicardo\Source\Repos\Helpful.TextParser\Helpful.TextParser.Test\bin\Debug\nunit.framework.dll</ModulePath>
      <ModuleTime>2017-02-25T15:53:22Z</ModuleTime>
      <ModuleName>nunit.framework</ModuleName>
      <Classes />
    </Module>
    <Module skippedDueTo="Filter" hash="4F-2D-57-51-8C-EB-A3-76-1B-CA-7F-0F-4C-1E-A5-88-77-48-84-05">
      <ModulePath>C:\WINDOWS\Microsoft.Net\assembly\GAC_MSIL\System\v4.0_4.0.0.0__b77a5c561934e089\System.dll</ModulePath>
      <ModuleTime>2017-01-24T02:27:50.5038952Z</ModuleTime>
      <ModuleName>System</ModuleName>
      <Classes />
    </Module>
    <Module skippedDueTo="Filter" hash="0E-27-EE-48-18-43-E9-5B-DA-5C-9E-39-CB-7D-31-B7-EA-D9-09-31">
      <ModulePath>C:\WINDOWS\Microsoft.Net\assembly\GAC_MSIL\System.Core\v4.0_4.0.0.0__b77a5c561934e089\System.Core.dll</ModulePath>
      <ModuleTime>2017-02-22T02:02:52.7009184Z</ModuleTime>
      <ModuleName>System.Core</ModuleName>
      <Classes />
    </Module>
    <Module skippedDueTo="Filter" hash="11-98-E7-2B-6C-7D-11-C5-0F-66-CE-47-1E-CA-60-19-D0-EB-15-8B">
      <ModulePath>C:\WINDOWS\Microsoft.Net\assembly\GAC_64\System.Web\v4.0_4.0.0.0__b03f5f7f11d50a3a\System.Web.dll</ModulePath>
      <ModuleTime>2017-02-22T02:17:32.9959633Z</ModuleTime>
      <ModuleName>System.Web</ModuleName>
      <Classes />
    </Module>
    <Module hash="22-1F-6E-19-1F-30-04-D3-44-F5-49-61-17-6A-6A-1F-A7-BC-2D-3B">
      <Summary numSequencePoints="447" visitedSequencePoints="415" numBranchPoints="227" visitedBranchPoints="195" sequenceCoverage="92.84" branchCoverage="85.90" maxCyclomaticComplexity="61" minCyclomaticComplexity="1" visitedClasses="12" numClasses="18" visitedMethods="193" numMethods="225" />
      <ModulePath>C:\Users\RonaldRicardo\Source\Repos\Helpful.TextParser\Helpful.TextParser.Test\bin\Debug\Helpful.TextParser.Test.dll</ModulePath>
      <ModuleTime>2017-04-03T01:58:50.8621361Z</ModuleTime>
      <ModuleName>Helpful.TextParser.Test</ModuleName>
      <Files>
        <File uid="1" fullPath="C:\Users\RonaldRicardo\Source\Repos\Helpful.TextParser\Helpful.TextParser.Test\ValueSetter\ValueSetterTest.cs" />
        <File uid="3" fullPath="C:\Users\RonaldRicardo\Source\Repos\Helpful.TextParser\Helpful.TextParser.Test\LineValueExtractor\DelimitedLineValueExtractorTest.cs" />
        <File uid="4" fullPath="C:\Users\RonaldRicardo\Source\Repos\Helpful.TextParser\Helpful.TextParser.Test\LineValueExtractor\LineValueExtractorFactoryTest.cs" />
        <File uid="5" fullPath="C:\Users\RonaldRicardo\Source\Repos\Helpful.TextParser\Helpful.TextParser.Test\LineValueExtractor\PositionedLineValueExtractorTest.cs" />
        <File uid="6" fullPath="C:\Users\RonaldRicardo\Source\Repos\Helpful.TextParser\Helpful.TextParser.Test\Fluent\DelimitedDescriptorTest.cs" />
        <File uid="13" fullPath="C:\Users\RonaldRicardo\Source\Repos\Helpful.TextParser\Helpful.TextParser.Test\Fluent\PositionedDescriptorTest.cs" />
      </Files>
      <Classes>
        <Class>
          <Summary numSequencePoints="0" visitedSequencePoints="0" numBranchPoints="0" visitedBranchPoints="0" sequenceCoverage="0" branchCoverage="0" maxCyclomaticComplexity="0" minCyclomaticComplexity="0" visitedClasses="0" numClasses="0" visitedMethods="0" numMethods="0" />
          <FullName>&lt;Module&gt;</FullName>
          <Methods />
        </Class>
        <Class>
          <Summary numSequencePoints="17" visitedSequencePoints="17" numBranchPoints="4" visitedBranchPoints="4" sequenceCoverage="100" branchCoverage="100" maxCyclomaticComplexity="2" minCyclomaticComplexity="1" visitedClasses="1" numClasses="1" visitedMethods="2" numMethods="2" />
          <FullName>Helpful.TextParser.Test.ValueSetter.ValueSetterTest</FullName>
          <Methods>
            <Method visited="true" cyclomaticComplexity="2" nPathComplexity="2" sequenceCoverage="100" branchCoverage="100" isConstructor="false" isStatic="false" isGetter="false" isSetter="false">
              <Summary numSequencePoints="10" visitedSequencePoints="10" numBranchPoints="3" visitedBranchPoints="3" sequenceCoverage="100" branchCoverage="100" maxCyclomaticComplexity="2" minCyclomaticComplexity="2" visitedClasses="0" numClasses="0" visitedMethods="1" numMethods="1" />
              <MetadataToken>100663297</MetadataToken>
              <Name>System.Void Helpful.TextParser.Test.ValueSetter.ValueSetterTest::Set_SetValue_ValueIsSet(System.String,System.String,System.Boolean,System.Object)</Name>
              <FileRef uid="1" />
              <SequencePoints>
                <SequencePoint vc="19" uspid="1" ordinal="0" offset="0" sl="31" sc="9" el="31" ec="10" bec="0" bev="0" fileid="1" />
                <SequencePoint vc="19" uspid="2" ordinal="1" offset="1" sl="32" sc="13" el="32" ec="54" bec="0" bev="0" fileid="1" />
                <SequencePoint vc="19" uspid="3" ordinal="2" offset="7" sl="34" sc="13" el="34" ec="130" bec="0" bev="0" fileid="1" />
                <SequencePoint vc="19" uspid="4" ordinal="3" offset="26" sl="36" sc="13" el="36" ec="46" bec="0" bev="0" fileid="1" />
                <SequencePoint vc="19" uspid="5" ordinal="4" offset="32" sl="38" sc="13" el="38" ec="71" bec="0" bev="0" fileid="1" />
                <SequencePoint vc="19" uspid="6" ordinal="5" offset="48" sl="40" sc="13" el="40" ec="29" bec="2" bev="2" fileid="1" />
                <SequencePoint vc="15" uspid="7" ordinal="6" offset="53" sl="41" sc="13" el="41" ec="14" bec="0" bev="0" fileid="1" />
                <SequencePoint vc="15" uspid="8" ordinal="7" offset="54" sl="42" sc="17" el="42" ec="70" bec="0" bev="0" fileid="1" />
                <SequencePoint vc="15" uspid="9" ordinal="8" offset="69" sl="43" sc="13" el="43" ec="14" bec="0" bev="0" fileid="1" />
                <SequencePoint vc="19" uspid="10" ordinal="9" offset="70" sl="44" sc="9" el="44" ec="10" bec="0" bev="0" fileid="1" />
              </SequencePoints>
              <BranchPoints>
                <BranchPoint vc="15" uspid="11" ordinal="0" offset="51" sl="40" path="0" offsetend="53" fileid="1" />
                <BranchPoint vc="4" uspid="12" ordinal="1" offset="51" sl="40" path="1" offsetend="70" fileid="1" />
              </BranchPoints>
              <MethodPoint xsi:type="SequencePoint" vc="19" uspid="1" ordinal="0" offset="0" sl="31" sc="9" el="31" ec="10" bec="0" bev="0" fileid="1" />
            </Method>
            <Method visited="true" cyclomaticComplexity="1" nPathComplexity="0" sequenceCoverage="100" branchCoverage="100" isConstructor="false" isStatic="false" isGetter="false" isSetter="false">
              <Summary numSequencePoints="7" visitedSequencePoints="7" numBranchPoints="1" visitedBranchPoints="1" sequenceCoverage="100" branchCoverage="100" maxCyclomaticComplexity="1" minCyclomaticComplexity="1" visitedClasses="0" numClasses="0" visitedMethods="1" numMethods="1" />
              <MetadataToken>100663298</MetadataToken>
              <Name>System.Void Helpful.TextParser.Test.ValueSetter.ValueSetterTest::Set_SetValueDateTime_ValueIsSet()</Name>
              <FileRef uid="1" />
              <SequencePoints>
                <SequencePoint vc="1" uspid="13" ordinal="0" offset="0" sl="48" sc="9" el="48" ec="10" bec="0" bev="0" fileid="1" />
                <SequencePoint vc="1" uspid="14" ordinal="1" offset="1" sl="49" sc="13" el="49" ec="54" bec="0" bev="0" fileid="1" />
                <SequencePoint vc="1" uspid="15" ordinal="2" offset="7" sl="51" sc="13" el="51" ec="132" bec="0" bev="0" fileid="1" />
                <SequencePoint vc="1" uspid="16" ordinal="3" offset="30" sl="53" sc="13" el="53" ec="46" bec="0" bev="0" fileid="1" />
                <SequencePoint vc="1" uspid="17" ordinal="4" offset="36" sl="55" sc="13" el="55" ec="71" bec="0" bev="0" fileid="1" />
                <SequencePoint vc="1" uspid="18" ordinal="5" offset="55" sl="57" sc="13" el="57" ec="79" bec="0" bev="0" fileid="1" />
                <SequencePoint vc="1" uspid="19" ordinal="6" offset="85" sl="58" sc="9" el="58" ec="10" bec="0" bev="0" fileid="1" />
              </SequencePoints>
              <BranchPoints />
              <MethodPoint xsi:type="SequencePoint" vc="1" uspid="13" ordinal="0" offset="0" sl="48" sc="9" el="48" ec="10" bec="0" bev="0" fileid="1" />
            </Method>
            <Method visited="true" cyclomaticComplexity="1" nPathComplexity="0" sequenceCoverage="0" branchCoverage="0" isConstructor="true" isStatic="false" isGetter="false" isSetter="false">
              <Summary numSequencePoints="0" visitedSequencePoints="0" numBranchPoints="0" visitedBranchPoints="0" sequenceCoverage="0" branchCoverage="0" maxCyclomaticComplexity="1" minCyclomaticComplexity="1" visitedClasses="0" numClasses="0" visitedMethods="0" numMethods="0" />
              <MetadataToken>100663299</MetadataToken>
              <Name>System.Void Helpful.TextParser.Test.ValueSetter.ValueSetterTest::.ctor()</Name>
              <SequencePoints />
              <BranchPoints />
              <MethodPoint vc="1" uspid="20" ordinal="0" offset="0" />
            </Method>
          </Methods>
        </Class>
        <Class>
          <Summary numSequencePoints="32" visitedSequencePoints="32" numBranchPoints="32" visitedBranchPoints="32" sequenceCoverage="100" branchCoverage="100" maxCyclomaticComplexity="1" minCyclomaticComplexity="1" visitedClasses="1" numClasses="1" visitedMethods="32" numMethods="32" />
          <FullName>Helpful.TextParser.Test.ValueSetter.DummyWithAllProperties</FullName>
          <Methods>
            <Method visited="true" cyclomaticComplexity="1" nPathComplexity="0" sequenceCoverage="100" branchCoverage="100" isConstructor="false" isStatic="false" isGetter="true" isSetter="false">
              <Summary numSequencePoints="1" visitedSequencePoints="1" numBranchPoints="1" visitedBranchPoints="1" sequenceCoverage="100" branchCoverage="100" maxCyclomaticComplexity="1" minCyclomaticComplexity="1" visitedClasses="0" numClasses="0" visitedMethods="1" numMethods="1" />
              <MetadataToken>100663300</MetadataToken>
              <Name>System.DateTime Helpful.TextParser.Test.ValueSetter.DummyWithAllProperties::get_DateTime()</Name>
              <FileRef uid="1" />
              <SequencePoints>
                <SequencePoint vc="1" uspid="21" ordinal="0" offset="0" sl="63" sc="36" el="63" ec="40" bec="0" bev="0" fileid="1" />
              </SequencePoints>
              <BranchPoints />
              <MethodPoint xsi:type="SequencePoint" vc="1" uspid="21" ordinal="0" offset="0" sl="63" sc="36" el="63" ec="40" bec="0" bev="0" fileid="1" />
            </Method>
            <Method visited="true" cyclomaticComplexity="1" nPathComplexity="0" sequenceCoverage="100" branchCoverage="100" isConstructor="false" isStatic="false" isGetter="false" isSetter="true">
              <Summary numSequencePoints="1" visitedSequencePoints="1" numBranchPoints="1" visitedBranchPoints="1" sequenceCoverage="100" branchCoverage="100" maxCyclomaticComplexity="1" minCyclomaticComplexity="1" visitedClasses="0" numClasses="0" visitedMethods="1" numMethods="1" />
              <MetadataToken>100663301</MetadataToken>
              <Name>System.Void Helpful.TextParser.Test.ValueSetter.DummyWithAllProperties::set_DateTime(System.DateTime)</Name>
              <FileRef uid="1" />
              <SequencePoints>
                <SequencePoint vc="1" uspid="22" ordinal="0" offset="0" sl="63" sc="41" el="63" ec="45" bec="0" bev="0" fileid="1" />
              </SequencePoints>
              <BranchPoints />
              <MethodPoint xsi:type="SequencePoint" vc="1" uspid="22" ordinal="0" offset="0" sl="63" sc="41" el="63" ec="45" bec="0" bev="0" fileid="1" />
            </Method>
            <Method visited="true" cyclomaticComplexity="1" nPathComplexity="0" sequenceCoverage="100" branchCoverage="100" isConstructor="false" isStatic="false" isGetter="true" isSetter="false">
              <Summary numSequencePoints="1" visitedSequencePoints="1" numBranchPoints="1" visitedBranchPoints="1" sequenceCoverage="100" branchCoverage="100" maxCyclomaticComplexity="1" minCyclomaticComplexity="1" visitedClasses="0" numClasses="0" visitedMethods="1" numMethods="1" />
              <MetadataToken>100663302</MetadataToken>
              <Name>System.Boolean Helpful.TextParser.Test.ValueSetter.DummyWithAllProperties::get_Boolean()</Name>
              <FileRef uid="1" />
              <SequencePoints>
                <SequencePoint vc="1" uspid="23" ordinal="0" offset="0" sl="65" sc="31" el="65" ec="35" bec="0" bev="0" fileid="1" />
              </SequencePoints>
              <BranchPoints />
              <MethodPoint xsi:type="SequencePoint" vc="1" uspid="23" ordinal="0" offset="0" sl="65" sc="31" el="65" ec="35" bec="0" bev="0" fileid="1" />
            </Method>
            <Method visited="true" cyclomaticComplexity="1" nPathComplexity="0" sequenceCoverage="100" branchCoverage="100" isConstructor="false" isStatic="false" isGetter="false" isSetter="true">
              <Summary numSequencePoints="1" visitedSequencePoints="1" numBranchPoints="1" visitedBranchPoints="1" sequenceCoverage="100" branchCoverage="100" maxCyclomaticComplexity="1" minCyclomaticComplexity="1" visitedClasses="0" numClasses="0" visitedMethods="1" numMethods="1" />
              <MetadataToken>100663303</MetadataToken>
              <Name>System.Void Helpful.TextParser.Test.ValueSetter.DummyWithAllProperties::set_Boolean(System.Boolean)</Name>
              <FileRef uid="1" />
              <SequencePoints>
                <SequencePoint vc="1" uspid="24" ordinal="0" offset="0" sl="65" sc="36" el="65" ec="40" bec="0" bev="0" fileid="1" />
              </SequencePoints>
              <BranchPoints />
              <MethodPoint xsi:type="SequencePoint" vc="1" uspid="24" ordinal="0" offset="0" sl="65" sc="36" el="65" ec="40" bec="0" bev="0" fileid="1" />
            </Method>
            <Method visited="true" cyclomaticComplexity="1" nPathComplexity="0" sequenceCoverage="100" branchCoverage="100" isConstructor="false" isStatic="false" isGetter="true" isSetter="false">
              <Summary numSequencePoints="1" visitedSequencePoints="1" numBranchPoints="1" visitedBranchPoints="1" sequenceCoverage="100" branchCoverage="100" maxCyclomaticComplexity="1" minCyclomaticComplexity="1" visitedClasses="0" numClasses="0" visitedMethods="1" numMethods="1" />
              <MetadataToken>100663304</MetadataToken>
              <Name>System.Byte Helpful.TextParser.Test.ValueSetter.DummyWithAllProperties::get_Byte()</Name>
              <FileRef uid="1" />
              <SequencePoints>
                <SequencePoint vc="1" uspid="25" ordinal="0" offset="0" sl="67" sc="28" el="67" ec="32" bec="0" bev="0" fileid="1" />
              </SequencePoints>
              <BranchPoints />
              <MethodPoint xsi:type="SequencePoint" vc="1" uspid="25" ordinal="0" offset="0" sl="67" sc="28" el="67" ec="32" bec="0" bev="0" fileid="1" />
            </Method>
            <Method visited="true" cyclomaticComplexity="1" nPathComplexity="0" sequenceCoverage="100" branchCoverage="100" isConstructor="false" isStatic="false" isGetter="false" isSetter="true">
              <Summary numSequencePoints="1" visitedSequencePoints="1" numBranchPoints="1" visitedBranchPoints="1" sequenceCoverage="100" branchCoverage="100" maxCyclomaticComplexity="1" minCyclomaticComplexity="1" visitedClasses="0" numClasses="0" visitedMethods="1" numMethods="1" />
              <MetadataToken>100663305</MetadataToken>
              <Name>System.Void Helpful.TextParser.Test.ValueSetter.DummyWithAllProperties::set_Byte(System.Byte)</Name>
              <FileRef uid="1" />
              <SequencePoints>
                <SequencePoint vc="1" uspid="26" ordinal="0" offset="0" sl="67" sc="33" el="67" ec="37" bec="0" bev="0" fileid="1" />
              </SequencePoints>
              <BranchPoints />
              <MethodPoint xsi:type="SequencePoint" vc="1" uspid="26" ordinal="0" offset="0" sl="67" sc="33" el="67" ec="37" bec="0" bev="0" fileid="1" />
            </Method>
            <Method visited="true" cyclomaticComplexity="1" nPathComplexity="0" sequenceCoverage="100" branchCoverage="100" isConstructor="false" isStatic="false" isGetter="true" isSetter="false">
              <Summary numSequencePoints="1" visitedSequencePoints="1" numBranchPoints="1" visitedBranchPoints="1" sequenceCoverage="100" branchCoverage="100" maxCyclomaticComplexity="1" minCyclomaticComplexity="1" visitedClasses="0" numClasses="0" visitedMethods="1" numMethods="1" />
              <MetadataToken>100663306</MetadataToken>
              <Name>System.SByte Helpful.TextParser.Test.ValueSetter.DummyWithAllProperties::get_SByte()</Name>
              <FileRef uid="1" />
              <SequencePoints>
                <SequencePoint vc="1" uspid="27" ordinal="0" offset="0" sl="69" sc="30" el="69" ec="34" bec="0" bev="0" fileid="1" />
              </SequencePoints>
              <BranchPoints />
              <MethodPoint xsi:type="SequencePoint" vc="1" uspid="27" ordinal="0" offset="0" sl="69" sc="30" el="69" ec="34" bec="0" bev="0" fileid="1" />
            </Method>
            <Method visited="true" cyclomaticComplexity="1" nPathComplexity="0" sequenceCoverage="100" branchCoverage="100" isConstructor="false" isStatic="false" isGetter="false" isSetter="true">
              <Summary numSequencePoints="1" visitedSequencePoints="1" numBranchPoints="1" visitedBranchPoints="1" sequenceCoverage="100" branchCoverage="100" maxCyclomaticComplexity="1" minCyclomaticComplexity="1" visitedClasses="0" numClasses="0" visitedMethods="1" numMethods="1" />
              <MetadataToken>100663307</MetadataToken>
              <Name>System.Void Helpful.TextParser.Test.ValueSetter.DummyWithAllProperties::set_SByte(System.SByte)</Name>
              <FileRef uid="1" />
              <SequencePoints>
                <SequencePoint vc="1" uspid="28" ordinal="0" offset="0" sl="69" sc="35" el="69" ec="39" bec="0" bev="0" fileid="1" />
              </SequencePoints>
              <BranchPoints />
              <MethodPoint xsi:type="SequencePoint" vc="1" uspid="28" ordinal="0" offset="0" sl="69" sc="35" el="69" ec="39" bec="0" bev="0" fileid="1" />
            </Method>
            <Method visited="true" cyclomaticComplexity="1" nPathComplexity="0" sequenceCoverage="100" branchCoverage="100" isConstructor="false" isStatic="false" isGetter="true" isSetter="false">
              <Summary numSequencePoints="1" visitedSequencePoints="1" numBranchPoints="1" visitedBranchPoints="1" sequenceCoverage="100" branchCoverage="100" maxCyclomaticComplexity="1" minCyclomaticComplexity="1" visitedClasses="0" numClasses="0" visitedMethods="1" numMethods="1" />
              <MetadataToken>100663308</MetadataToken>
              <Name>System.Char Helpful.TextParser.Test.ValueSetter.DummyWithAllProperties::get_Char()</Name>
              <FileRef uid="1" />
              <SequencePoints>
                <SequencePoint vc="1" uspid="29" ordinal="0" offset="0" sl="71" sc="28" el="71" ec="32" bec="0" bev="0" fileid="1" />
              </SequencePoints>
              <BranchPoints />
              <MethodPoint xsi:type="SequencePoint" vc="1" uspid="29" ordinal="0" offset="0" sl="71" sc="28" el="71" ec="32" bec="0" bev="0" fileid="1" />
            </Method>
            <Method visited="true" cyclomaticComplexity="1" nPathComplexity="0" sequenceCoverage="100" branchCoverage="100" isConstructor="false" isStatic="false" isGetter="false" isSetter="true">
              <Summary numSequencePoints="1" visitedSequencePoints="1" numBranchPoints="1" visitedBranchPoints="1" sequenceCoverage="100" branchCoverage="100" maxCyclomaticComplexity="1" minCyclomaticComplexity="1" visitedClasses="0" numClasses="0" visitedMethods="1" numMethods="1" />
              <MetadataToken>100663309</MetadataToken>
              <Name>System.Void Helpful.TextParser.Test.ValueSetter.DummyWithAllProperties::set_Char(System.Char)</Name>
              <FileRef uid="1" />
              <SequencePoints>
                <SequencePoint vc="1" uspid="30" ordinal="0" offset="0" sl="71" sc="33" el="71" ec="37" bec="0" bev="0" fileid="1" />
              </SequencePoints>
              <BranchPoints />
              <MethodPoint xsi:type="SequencePoint" vc="1" uspid="30" ordinal="0" offset="0" sl="71" sc="33" el="71" ec="37" bec="0" bev="0" fileid="1" />
            </Method>
            <Method visited="true" cyclomaticComplexity="1" nPathComplexity="0" sequenceCoverage="100" branchCoverage="100" isConstructor="false" isStatic="false" isGetter="true" isSetter="false">
              <Summary numSequencePoints="1" visitedSequencePoints="1" numBranchPoints="1" visitedBranchPoints="1" sequenceCoverage="100" branchCoverage="100" maxCyclomaticComplexity="1" minCyclomaticComplexity="1" visitedClasses="0" numClasses="0" visitedMethods="1" numMethods="1" />
              <MetadataToken>100663310</MetadataToken>
              <Name>System.Decimal Helpful.TextParser.Test.ValueSetter.DummyWithAllProperties::get_Decimal()</Name>
              <FileRef uid="1" />
              <SequencePoints>
                <SequencePoint vc="1" uspid="31" ordinal="0" offset="0" sl="73" sc="34" el="73" ec="38" bec="0" bev="0" fileid="1" />
              </SequencePoints>
              <BranchPoints />
              <MethodPoint xsi:type="SequencePoint" vc="1" uspid="31" ordinal="0" offset="0" sl="73" sc="34" el="73" ec="38" bec="0" bev="0" fileid="1" />
            </Method>
            <Method visited="true" cyclomaticComplexity="1" nPathComplexity="0" sequenceCoverage="100" branchCoverage="100" isConstructor="false" isStatic="false" isGetter="false" isSetter="true">
              <Summary numSequencePoints="1" visitedSequencePoints="1" numBranchPoints="1" visitedBranchPoints="1" sequenceCoverage="100" branchCoverage="100" maxCyclomaticComplexity="1" minCyclomaticComplexity="1" visitedClasses="0" numClasses="0" visitedMethods="1" numMethods="1" />
              <MetadataToken>100663311</MetadataToken>
              <Name>System.Void Helpful.TextParser.Test.ValueSetter.DummyWithAllProperties::set_Decimal(System.Decimal)</Name>
              <FileRef uid="1" />
              <SequencePoints>
                <SequencePoint vc="1" uspid="32" ordinal="0" offset="0" sl="73" sc="39" el="73" ec="43" bec="0" bev="0" fileid="1" />
              </SequencePoints>
              <BranchPoints />
              <MethodPoint xsi:type="SequencePoint" vc="1" uspid="32" ordinal="0" offset="0" sl="73" sc="39" el="73" ec="43" bec="0" bev="0" fileid="1" />
            </Method>
            <Method visited="true" cyclomaticComplexity="1" nPathComplexity="0" sequenceCoverage="100" branchCoverage="100" isConstructor="false" isStatic="false" isGetter="true" isSetter="false">
              <Summary numSequencePoints="1" visitedSequencePoints="1" numBranchPoints="1" visitedBranchPoints="1" sequenceCoverage="100" branchCoverage="100" maxCyclomaticComplexity="1" minCyclomaticComplexity="1" visitedClasses="0" numClasses="0" visitedMethods="1" numMethods="1" />
              <MetadataToken>100663312</MetadataToken>
              <Name>System.Double Helpful.TextParser.Test.ValueSetter.DummyWithAllProperties::get_Double()</Name>
              <FileRef uid="1" />
              <SequencePoints>
                <SequencePoint vc="1" uspid="33" ordinal="0" offset="0" sl="75" sc="32" el="75" ec="36" bec="0" bev="0" fileid="1" />
              </SequencePoints>
              <BranchPoints />
              <MethodPoint xsi:type="SequencePoint" vc="1" uspid="33" ordinal="0" offset="0" sl="75" sc="32" el="75" ec="36" bec="0" bev="0" fileid="1" />
            </Method>
            <Method visited="true" cyclomaticComplexity="1" nPathComplexity="0" sequenceCoverage="100" branchCoverage="100" isConstructor="false" isStatic="false" isGetter="false" isSetter="true">
              <Summary numSequencePoints="1" visitedSequencePoints="1" numBranchPoints="1" visitedBranchPoints="1" sequenceCoverage="100" branchCoverage="100" maxCyclomaticComplexity="1" minCyclomaticComplexity="1" visitedClasses="0" numClasses="0" visitedMethods="1" numMethods="1" />
              <MetadataToken>100663313</MetadataToken>
              <Name>System.Void Helpful.TextParser.Test.ValueSetter.DummyWithAllProperties::set_Double(System.Double)</Name>
              <FileRef uid="1" />
              <SequencePoints>
                <SequencePoint vc="1" uspid="34" ordinal="0" offset="0" sl="75" sc="37" el="75" ec="41" bec="0" bev="0" fileid="1" />
              </SequencePoints>
              <BranchPoints />
              <MethodPoint xsi:type="SequencePoint" vc="1" uspid="34" ordinal="0" offset="0" sl="75" sc="37" el="75" ec="41" bec="0" bev="0" fileid="1" />
            </Method>
            <Method visited="true" cyclomaticComplexity="1" nPathComplexity="0" sequenceCoverage="100" branchCoverage="100" isConstructor="false" isStatic="false" isGetter="true" isSetter="false">
              <Summary numSequencePoints="1" visitedSequencePoints="1" numBranchPoints="1" visitedBranchPoints="1" sequenceCoverage="100" branchCoverage="100" maxCyclomaticComplexity="1" minCyclomaticComplexity="1" visitedClasses="0" numClasses="0" visitedMethods="1" numMethods="1" />
              <MetadataToken>100663314</MetadataToken>
              <Name>System.Single Helpful.TextParser.Test.ValueSetter.DummyWithAllProperties::get_Float()</Name>
              <FileRef uid="1" />
              <SequencePoints>
                <SequencePoint vc="1" uspid="35" ordinal="0" offset="0" sl="77" sc="30" el="77" ec="34" bec="0" bev="0" fileid="1" />
              </SequencePoints>
              <BranchPoints />
              <MethodPoint xsi:type="SequencePoint" vc="1" uspid="35" ordinal="0" offset="0" sl="77" sc="30" el="77" ec="34" bec="0" bev="0" fileid="1" />
            </Method>
            <Method visited="true" cyclomaticComplexity="1" nPathComplexity="0" sequenceCoverage="100" branchCoverage="100" isConstructor="false" isStatic="false" isGetter="false" isSetter="true">
              <Summary numSequencePoints="1" visitedSequencePoints="1" numBranchPoints="1" visitedBranchPoints="1" sequenceCoverage="100" branchCoverage="100" maxCyclomaticComplexity="1" minCyclomaticComplexity="1" visitedClasses="0" numClasses="0" visitedMethods="1" numMethods="1" />
              <MetadataToken>100663315</MetadataToken>
              <Name>System.Void Helpful.TextParser.Test.ValueSetter.DummyWithAllProperties::set_Float(System.Single)</Name>
              <FileRef uid="1" />
              <SequencePoints>
                <SequencePoint vc="1" uspid="36" ordinal="0" offset="0" sl="77" sc="35" el="77" ec="39" bec="0" bev="0" fileid="1" />
              </SequencePoints>
              <BranchPoints />
              <MethodPoint xsi:type="SequencePoint" vc="1" uspid="36" ordinal="0" offset="0" sl="77" sc="35" el="77" ec="39" bec="0" bev="0" fileid="1" />
            </Method>
            <Method visited="true" cyclomaticComplexity="1" nPathComplexity="0" sequenceCoverage="100" branchCoverage="100" isConstructor="false" isStatic="false" isGetter="true" isSetter="false">
              <Summary numSequencePoints="1" visitedSequencePoints="1" numBranchPoints="1" visitedBranchPoints="1" sequenceCoverage="100" branchCoverage="100" maxCyclomaticComplexity="1" minCyclomaticComplexity="1" visitedClasses="0" numClasses="0" visitedMethods="1" numMethods="1" />
              <MetadataToken>100663316</MetadataToken>
              <Name>System.Int32 Helpful.TextParser.Test.ValueSetter.DummyWithAllProperties::get_Int()</Name>
              <FileRef uid="1" />
              <SequencePoints>
                <SequencePoint vc="1" uspid="37" ordinal="0" offset="0" sl="79" sc="26" el="79" ec="30" bec="0" bev="0" fileid="1" />
              </SequencePoints>
              <BranchPoints />
              <MethodPoint xsi:type="SequencePoint" vc="1" uspid="37" ordinal="0" offset="0" sl="79" sc="26" el="79" ec="30" bec="0" bev="0" fileid="1" />
            </Method>
            <Method visited="true" cyclomaticComplexity="1" nPathComplexity="0" sequenceCoverage="100" branchCoverage="100" isConstructor="false" isStatic="false" isGetter="false" isSetter="true">
              <Summary numSequencePoints="1" visitedSequencePoints="1" numBranchPoints="1" visitedBranchPoints="1" sequenceCoverage="100" branchCoverage="100" maxCyclomaticComplexity="1" minCyclomaticComplexity="1" visitedClasses="0" numClasses="0" visitedMethods="1" numMethods="1" />
              <MetadataToken>100663317</MetadataToken>
              <Name>System.Void Helpful.TextParser.Test.ValueSetter.DummyWithAllProperties::set_Int(System.Int32)</Name>
              <FileRef uid="1" />
              <SequencePoints>
                <SequencePoint vc="1" uspid="38" ordinal="0" offset="0" sl="79" sc="31" el="79" ec="35" bec="0" bev="0" fileid="1" />
              </SequencePoints>
              <BranchPoints />
              <MethodPoint xsi:type="SequencePoint" vc="1" uspid="38" ordinal="0" offset="0" sl="79" sc="31" el="79" ec="35" bec="0" bev="0" fileid="1" />
            </Method>
            <Method visited="true" cyclomaticComplexity="1" nPathComplexity="0" sequenceCoverage="100" branchCoverage="100" isConstructor="false" isStatic="false" isGetter="true" isSetter="false">
              <Summary numSequencePoints="1" visitedSequencePoints="1" numBranchPoints="1" visitedBranchPoints="1" sequenceCoverage="100" branchCoverage="100" maxCyclomaticComplexity="1" minCyclomaticComplexity="1" visitedClasses="0" numClasses="0" visitedMethods="1" numMethods="1" />
              <MetadataToken>100663318</MetadataToken>
              <Name>System.UInt32 Helpful.TextParser.Test.ValueSetter.DummyWithAllProperties::get_UInt()</Name>
              <FileRef uid="1" />
              <SequencePoints>
                <SequencePoint vc="1" uspid="39" ordinal="0" offset="0" sl="81" sc="28" el="81" ec="32" bec="0" bev="0" fileid="1" />
              </SequencePoints>
              <BranchPoints />
              <MethodPoint xsi:type="SequencePoint" vc="1" uspid="39" ordinal="0" offset="0" sl="81" sc="28" el="81" ec="32" bec="0" bev="0" fileid="1" />
            </Method>
            <Method visited="true" cyclomaticComplexity="1" nPathComplexity="0" sequenceCoverage="100" branchCoverage="100" isConstructor="false" isStatic="false" isGetter="false" isSetter="true">
              <Summary numSequencePoints="1" visitedSequencePoints="1" numBranchPoints="1" visitedBranchPoints="1" sequenceCoverage="100" branchCoverage="100" maxCyclomaticComplexity="1" minCyclomaticComplexity="1" visitedClasses="0" numClasses="0" visitedMethods="1" numMethods="1" />
              <MetadataToken>100663319</MetadataToken>
              <Name>System.Void Helpful.TextParser.Test.ValueSetter.DummyWithAllProperties::set_UInt(System.UInt32)</Name>
              <FileRef uid="1" />
              <SequencePoints>
                <SequencePoint vc="1" uspid="40" ordinal="0" offset="0" sl="81" sc="33" el="81" ec="37" bec="0" bev="0" fileid="1" />
              </SequencePoints>
              <BranchPoints />
              <MethodPoint xsi:type="SequencePoint" vc="1" uspid="40" ordinal="0" offset="0" sl="81" sc="33" el="81" ec="37" bec="0" bev="0" fileid="1" />
            </Method>
            <Method visited="true" cyclomaticComplexity="1" nPathComplexity="0" sequenceCoverage="100" branchCoverage="100" isConstructor="false" isStatic="false" isGetter="true" isSetter="false">
              <Summary numSequencePoints="1" visitedSequencePoints="1" numBranchPoints="1" visitedBranchPoints="1" sequenceCoverage="100" branchCoverage="100" maxCyclomaticComplexity="1" minCyclomaticComplexity="1" visitedClasses="0" numClasses="0" visitedMethods="1" numMethods="1" />
              <MetadataToken>100663320</MetadataToken>
              <Name>System.Int64 Helpful.TextParser.Test.ValueSetter.DummyWithAllProperties::get_Long()</Name>
              <FileRef uid="1" />
              <SequencePoints>
                <SequencePoint vc="1" uspid="41" ordinal="0" offset="0" sl="83" sc="28" el="83" ec="32" bec="0" bev="0" fileid="1" />
              </SequencePoints>
              <BranchPoints />
              <MethodPoint xsi:type="SequencePoint" vc="1" uspid="41" ordinal="0" offset="0" sl="83" sc="28" el="83" ec="32" bec="0" bev="0" fileid="1" />
            </Method>
            <Method visited="true" cyclomaticComplexity="1" nPathComplexity="0" sequenceCoverage="100" branchCoverage="100" isConstructor="false" isStatic="false" isGetter="false" isSetter="true">
              <Summary numSequencePoints="1" visitedSequencePoints="1" numBranchPoints="1" visitedBranchPoints="1" sequenceCoverage="100" branchCoverage="100" maxCyclomaticComplexity="1" minCyclomaticComplexity="1" visitedClasses="0" numClasses="0" visitedMethods="1" numMethods="1" />
              <MetadataToken>100663321</MetadataToken>
              <Name>System.Void Helpful.TextParser.Test.ValueSetter.DummyWithAllProperties::set_Long(System.Int64)</Name>
              <FileRef uid="1" />
              <SequencePoints>
                <SequencePoint vc="1" uspid="42" ordinal="0" offset="0" sl="83" sc="33" el="83" ec="37" bec="0" bev="0" fileid="1" />
              </SequencePoints>
              <BranchPoints />
              <MethodPoint xsi:type="SequencePoint" vc="1" uspid="42" ordinal="0" offset="0" sl="83" sc="33" el="83" ec="37" bec="0" bev="0" fileid="1" />
            </Method>
            <Method visited="true" cyclomaticComplexity="1" nPathComplexity="0" sequenceCoverage="100" branchCoverage="100" isConstructor="false" isStatic="false" isGetter="true" isSetter="false">
              <Summary numSequencePoints="1" visitedSequencePoints="1" numBranchPoints="1" visitedBranchPoints="1" sequenceCoverage="100" branchCoverage="100" maxCyclomaticComplexity="1" minCyclomaticComplexity="1" visitedClasses="0" numClasses="0" visitedMethods="1" numMethods="1" />
              <MetadataToken>100663322</MetadataToken>
              <Name>System.UInt64 Helpful.TextParser.Test.ValueSetter.DummyWithAllProperties::get_ULong()</Name>
              <FileRef uid="1" />
              <SequencePoints>
                <SequencePoint vc="1" uspid="43" ordinal="0" offset="0" sl="85" sc="30" el="85" ec="34" bec="0" bev="0" fileid="1" />
              </SequencePoints>
              <BranchPoints />
              <MethodPoint xsi:type="SequencePoint" vc="1" uspid="43" ordinal="0" offset="0" sl="85" sc="30" el="85" ec="34" bec="0" bev="0" fileid="1" />
            </Method>
            <Method visited="true" cyclomaticComplexity="1" nPathComplexity="0" sequenceCoverage="100" branchCoverage="100" isConstructor="false" isStatic="false" isGetter="false" isSetter="true">
              <Summary numSequencePoints="1" visitedSequencePoints="1" numBranchPoints="1" visitedBranchPoints="1" sequenceCoverage="100" branchCoverage="100" maxCyclomaticComplexity="1" minCyclomaticComplexity="1" visitedClasses="0" numClasses="0" visitedMethods="1" numMethods="1" />
              <MetadataToken>100663323</MetadataToken>
              <Name>System.Void Helpful.TextParser.Test.ValueSetter.DummyWithAllProperties::set_ULong(System.UInt64)</Name>
              <FileRef uid="1" />
              <SequencePoints>
                <SequencePoint vc="1" uspid="44" ordinal="0" offset="0" sl="85" sc="35" el="85" ec="39" bec="0" bev="0" fileid="1" />
              </SequencePoints>
              <BranchPoints />
              <MethodPoint xsi:type="SequencePoint" vc="1" uspid="44" ordinal="0" offset="0" sl="85" sc="35" el="85" ec="39" bec="0" bev="0" fileid="1" />
            </Method>
            <Method visited="true" cyclomaticComplexity="1" nPathComplexity="0" sequenceCoverage="100" branchCoverage="100" isConstructor="false" isStatic="false" isGetter="true" isSetter="false">
              <Summary numSequencePoints="1" visitedSequencePoints="1" numBranchPoints="1" visitedBranchPoints="1" sequenceCoverage="100" branchCoverage="100" maxCyclomaticComplexity="1" minCyclomaticComplexity="1" visitedClasses="0" numClasses="0" visitedMethods="1" numMethods="1" />
              <MetadataToken>100663324</MetadataToken>
              <Name>System.Object Helpful.TextParser.Test.ValueSetter.DummyWithAllProperties::get_Object()</Name>
              <FileRef uid="1" />
              <SequencePoints>
                <SequencePoint vc="1" uspid="45" ordinal="0" offset="0" sl="87" sc="32" el="87" ec="36" bec="0" bev="0" fileid="1" />
              </SequencePoints>
              <BranchPoints />
              <MethodPoint xsi:type="SequencePoint" vc="1" uspid="45" ordinal="0" offset="0" sl="87" sc="32" el="87" ec="36" bec="0" bev="0" fileid="1" />
            </Method>
            <Method visited="true" cyclomaticComplexity="1" nPathComplexity="0" sequenceCoverage="100" branchCoverage="100" isConstructor="false" isStatic="false" isGetter="false" isSetter="true">
              <Summary numSequencePoints="1" visitedSequencePoints="1" numBranchPoints="1" visitedBranchPoints="1" sequenceCoverage="100" branchCoverage="100" maxCyclomaticComplexity="1" minCyclomaticComplexity="1" visitedClasses="0" numClasses="0" visitedMethods="1" numMethods="1" />
              <MetadataToken>100663325</MetadataToken>
              <Name>System.Void Helpful.TextParser.Test.ValueSetter.DummyWithAllProperties::set_Object(System.Object)</Name>
              <FileRef uid="1" />
              <SequencePoints>
                <SequencePoint vc="1" uspid="46" ordinal="0" offset="0" sl="87" sc="37" el="87" ec="41" bec="0" bev="0" fileid="1" />
              </SequencePoints>
              <BranchPoints />
              <MethodPoint xsi:type="SequencePoint" vc="1" uspid="46" ordinal="0" offset="0" sl="87" sc="37" el="87" ec="41" bec="0" bev="0" fileid="1" />
            </Method>
            <Method visited="true" cyclomaticComplexity="1" nPathComplexity="0" sequenceCoverage="100" branchCoverage="100" isConstructor="false" isStatic="false" isGetter="true" isSetter="false">
              <Summary numSequencePoints="1" visitedSequencePoints="1" numBranchPoints="1" visitedBranchPoints="1" sequenceCoverage="100" branchCoverage="100" maxCyclomaticComplexity="1" minCyclomaticComplexity="1" visitedClasses="0" numClasses="0" visitedMethods="1" numMethods="1" />
              <MetadataToken>100663326</MetadataToken>
              <Name>System.Int16 Helpful.TextParser.Test.ValueSetter.DummyWithAllProperties::get_Short()</Name>
              <FileRef uid="1" />
              <SequencePoints>
                <SequencePoint vc="1" uspid="47" ordinal="0" offset="0" sl="89" sc="30" el="89" ec="34" bec="0" bev="0" fileid="1" />
              </SequencePoints>
              <BranchPoints />
              <MethodPoint xsi:type="SequencePoint" vc="1" uspid="47" ordinal="0" offset="0" sl="89" sc="30" el="89" ec="34" bec="0" bev="0" fileid="1" />
            </Method>
            <Method visited="true" cyclomaticComplexity="1" nPathComplexity="0" sequenceCoverage="100" branchCoverage="100" isConstructor="false" isStatic="false" isGetter="false" isSetter="true">
              <Summary numSequencePoints="1" visitedSequencePoints="1" numBranchPoints="1" visitedBranchPoints="1" sequenceCoverage="100" branchCoverage="100" maxCyclomaticComplexity="1" minCyclomaticComplexity="1" visitedClasses="0" numClasses="0" visitedMethods="1" numMethods="1" />
              <MetadataToken>100663327</MetadataToken>
              <Name>System.Void Helpful.TextParser.Test.ValueSetter.DummyWithAllProperties::set_Short(System.Int16)</Name>
              <FileRef uid="1" />
              <SequencePoints>
                <SequencePoint vc="1" uspid="48" ordinal="0" offset="0" sl="89" sc="35" el="89" ec="39" bec="0" bev="0" fileid="1" />
              </SequencePoints>
              <BranchPoints />
              <MethodPoint xsi:type="SequencePoint" vc="1" uspid="48" ordinal="0" offset="0" sl="89" sc="35" el="89" ec="39" bec="0" bev="0" fileid="1" />
            </Method>
            <Method visited="true" cyclomaticComplexity="1" nPathComplexity="0" sequenceCoverage="100" branchCoverage="100" isConstructor="false" isStatic="false" isGetter="true" isSetter="false">
              <Summary numSequencePoints="1" visitedSequencePoints="1" numBranchPoints="1" visitedBranchPoints="1" sequenceCoverage="100" branchCoverage="100" maxCyclomaticComplexity="1" minCyclomaticComplexity="1" visitedClasses="0" numClasses="0" visitedMethods="1" numMethods="1" />
              <MetadataToken>100663328</MetadataToken>
              <Name>System.UInt16 Helpful.TextParser.Test.ValueSetter.DummyWithAllProperties::get_UShort()</Name>
              <FileRef uid="1" />
              <SequencePoints>
                <SequencePoint vc="1" uspid="49" ordinal="0" offset="0" sl="91" sc="32" el="91" ec="36" bec="0" bev="0" fileid="1" />
              </SequencePoints>
              <BranchPoints />
              <MethodPoint xsi:type="SequencePoint" vc="1" uspid="49" ordinal="0" offset="0" sl="91" sc="32" el="91" ec="36" bec="0" bev="0" fileid="1" />
            </Method>
            <Method visited="true" cyclomaticComplexity="1" nPathComplexity="0" sequenceCoverage="100" branchCoverage="100" isConstructor="false" isStatic="false" isGetter="false" isSetter="true">
              <Summary numSequencePoints="1" visitedSequencePoints="1" numBranchPoints="1" visitedBranchPoints="1" sequenceCoverage="100" branchCoverage="100" maxCyclomaticComplexity="1" minCyclomaticComplexity="1" visitedClasses="0" numClasses="0" visitedMethods="1" numMethods="1" />
              <MetadataToken>100663329</MetadataToken>
              <Name>System.Void Helpful.TextParser.Test.ValueSetter.DummyWithAllProperties::set_UShort(System.UInt16)</Name>
              <FileRef uid="1" />
              <SequencePoints>
                <SequencePoint vc="1" uspid="50" ordinal="0" offset="0" sl="91" sc="37" el="91" ec="41" bec="0" bev="0" fileid="1" />
              </SequencePoints>
              <BranchPoints />
              <MethodPoint xsi:type="SequencePoint" vc="1" uspid="50" ordinal="0" offset="0" sl="91" sc="37" el="91" ec="41" bec="0" bev="0" fileid="1" />
            </Method>
            <Method visited="true" cyclomaticComplexity="1" nPathComplexity="0" sequenceCoverage="100" branchCoverage="100" isConstructor="false" isStatic="false" isGetter="true" isSetter="false">
              <Summary numSequencePoints="1" visitedSequencePoints="1" numBranchPoints="1" visitedBranchPoints="1" sequenceCoverage="100" branchCoverage="100" maxCyclomaticComplexity="1" minCyclomaticComplexity="1" visitedClasses="0" numClasses="0" visitedMethods="1" numMethods="1" />
              <MetadataToken>100663330</MetadataToken>
              <Name>System.String Helpful.TextParser.Test.ValueSetter.DummyWithAllProperties::get_String()</Name>
              <FileRef uid="1" />
              <SequencePoints>
                <SequencePoint vc="1" uspid="51" ordinal="0" offset="0" sl="93" sc="32" el="93" ec="36" bec="0" bev="0" fileid="1" />
              </SequencePoints>
              <BranchPoints />
              <MethodPoint xsi:type="SequencePoint" vc="1" uspid="51" ordinal="0" offset="0" sl="93" sc="32" el="93" ec="36" bec="0" bev="0" fileid="1" />
            </Method>
            <Method visited="true" cyclomaticComplexity="1" nPathComplexity="0" sequenceCoverage="100" branchCoverage="100" isConstructor="false" isStatic="false" isGetter="false" isSetter="true">
              <Summary numSequencePoints="1" visitedSequencePoints="1" numBranchPoints="1" visitedBranchPoints="1" sequenceCoverage="100" branchCoverage="100" maxCyclomaticComplexity="1" minCyclomaticComplexity="1" visitedClasses="0" numClasses="0" visitedMethods="1" numMethods="1" />
              <MetadataToken>100663331</MetadataToken>
              <Name>System.Void Helpful.TextParser.Test.ValueSetter.DummyWithAllProperties::set_String(System.String)</Name>
              <FileRef uid="1" />
              <SequencePoints>
                <SequencePoint vc="1" uspid="52" ordinal="0" offset="0" sl="93" sc="37" el="93" ec="41" bec="0" bev="0" fileid="1" />
              </SequencePoints>
              <BranchPoints />
              <MethodPoint xsi:type="SequencePoint" vc="1" uspid="52" ordinal="0" offset="0" sl="93" sc="37" el="93" ec="41" bec="0" bev="0" fileid="1" />
            </Method>
            <Method visited="true" cyclomaticComplexity="1" nPathComplexity="0" sequenceCoverage="0" branchCoverage="0" isConstructor="true" isStatic="false" isGetter="false" isSetter="false">
              <Summary numSequencePoints="0" visitedSequencePoints="0" numBranchPoints="0" visitedBranchPoints="0" sequenceCoverage="0" branchCoverage="0" maxCyclomaticComplexity="1" minCyclomaticComplexity="1" visitedClasses="0" numClasses="0" visitedMethods="0" numMethods="0" />
              <MetadataToken>100663332</MetadataToken>
              <Name>System.Void Helpful.TextParser.Test.ValueSetter.DummyWithAllProperties::.ctor()</Name>
              <SequencePoints />
              <BranchPoints />
              <MethodPoint vc="20" uspid="53" ordinal="0" offset="0" />
            </Method>
          </Methods>
        </Class>
        <Class>
          <Summary numSequencePoints="19" visitedSequencePoints="19" numBranchPoints="2" visitedBranchPoints="2" sequenceCoverage="100" branchCoverage="100" maxCyclomaticComplexity="1" minCyclomaticComplexity="1" visitedClasses="1" numClasses="1" visitedMethods="2" numMethods="2" />
          <FullName>Helpful.TextParser.Test.LineValueExtractor.DelimitedLineValueExtractorTest</FullName>
          <Methods>
            <Method visited="true" cyclomaticComplexity="1" nPathComplexity="0" sequenceCoverage="100" branchCoverage="100" isConstructor="false" isStatic="false" isGetter="false" isSetter="false">
              <Summary numSequencePoints="9" visitedSequencePoints="9" numBranchPoints="1" visitedBranchPoints="1" sequenceCoverage="100" branchCoverage="100" maxCyclomaticComplexity="1" minCyclomaticComplexity="1" visitedClasses="0" numClasses="0" visitedMethods="1" numMethods="1" />
              <MetadataToken>100663333</MetadataToken>
              <Name>System.Void Helpful.TextParser.Test.LineValueExtractor.DelimitedLineValueExtractorTest::Extract_WithLines_ReturnsResult(System.String,System.String,System.Int32,System.Boolean,System.String)</Name>
              <FileRef uid="3" />
              <SequencePoints>
                <SequencePoint vc="4" uspid="54" ordinal="0" offset="0" sl="16" sc="9" el="16" ec="10" bec="0" bev="0" fileid="3" />
                <SequencePoint vc="4" uspid="55" ordinal="1" offset="1" sl="17" sc="13" el="17" ec="41" bec="0" bev="0" fileid="3" />
                <SequencePoint vc="4" uspid="56" ordinal="2" offset="7" sl="19" sc="13" el="19" ec="57" bec="0" bev="0" fileid="3" />
                <SequencePoint vc="4" uspid="57" ordinal="3" offset="25" sl="20" sc="13" el="20" ec="74" bec="0" bev="0" fileid="3" />
                <SequencePoint vc="4" uspid="58" ordinal="4" offset="43" sl="22" sc="13" el="22" ec="57" bec="0" bev="0" fileid="3" />
                <SequencePoint vc="4" uspid="59" ordinal="5" offset="49" sl="24" sc="13" el="24" ec="53" bec="0" bev="0" fileid="3" />
                <SequencePoint vc="4" uspid="60" ordinal="6" offset="59" sl="26" sc="13" el="26" ec="46" bec="0" bev="0" fileid="3" />
                <SequencePoint vc="4" uspid="61" ordinal="7" offset="73" sl="27" sc="13" el="27" ec="50" bec="0" bev="0" fileid="3" />
                <SequencePoint vc="4" uspid="62" ordinal="8" offset="87" sl="28" sc="9" el="28" ec="10" bec="0" bev="0" fileid="3" />
              </SequencePoints>
              <BranchPoints />
              <MethodPoint xsi:type="SequencePoint" vc="4" uspid="54" ordinal="0" offset="0" sl="16" sc="9" el="16" ec="10" bec="0" bev="0" fileid="3" />
            </Method>
            <Method visited="true" cyclomaticComplexity="1" nPathComplexity="0" sequenceCoverage="100" branchCoverage="100" isConstructor="false" isStatic="false" isGetter="false" isSetter="false">
              <Summary numSequencePoints="10" visitedSequencePoints="10" numBranchPoints="1" visitedBranchPoints="1" sequenceCoverage="100" branchCoverage="100" maxCyclomaticComplexity="1" minCyclomaticComplexity="1" visitedClasses="0" numClasses="0" visitedMethods="1" numMethods="1" />
              <MetadataToken>100663334</MetadataToken>
              <Name>System.Void Helpful.TextParser.Test.LineValueExtractor.DelimitedLineValueExtractorTest::Extract_WithLinesAndParentElement_ReturnsResult(System.String,System.String,System.Int32,System.Boolean,System.String)</Name>
              <FileRef uid="3" />
              <SequencePoints>
                <SequencePoint vc="4" uspid="63" ordinal="0" offset="0" sl="36" sc="9" el="36" ec="10" bec="0" bev="0" fileid="3" />
                <SequencePoint vc="4" uspid="64" ordinal="1" offset="1" sl="37" sc="13" el="37" ec="41" bec="0" bev="0" fileid="3" />
                <SequencePoint vc="4" uspid="65" ordinal="2" offset="7" sl="39" sc="13" el="39" ec="57" bec="0" bev="0" fileid="3" />
                <SequencePoint vc="4" uspid="66" ordinal="3" offset="25" sl="41" sc="13" el="41" ec="47" bec="0" bev="0" fileid="3" />
                <SequencePoint vc="4" uspid="67" ordinal="4" offset="31" sl="43" sc="13" el="43" ec="80" bec="0" bev="0" fileid="3" />
                <SequencePoint vc="4" uspid="68" ordinal="5" offset="49" sl="45" sc="13" el="45" ec="57" bec="0" bev="0" fileid="3" />
                <SequencePoint vc="4" uspid="69" ordinal="6" offset="55" sl="47" sc="13" el="47" ec="68" bec="0" bev="0" fileid="3" />
                <SequencePoint vc="4" uspid="70" ordinal="7" offset="65" sl="49" sc="13" el="49" ec="46" bec="0" bev="0" fileid="3" />
                <SequencePoint vc="4" uspid="71" ordinal="8" offset="79" sl="50" sc="13" el="50" ec="50" bec="0" bev="0" fileid="3" />
                <SequencePoint vc="4" uspid="72" ordinal="9" offset="93" sl="51" sc="9" el="51" ec="10" bec="0" bev="0" fileid="3" />
              </SequencePoints>
              <BranchPoints />
              <MethodPoint xsi:type="SequencePoint" vc="4" uspid="63" ordinal="0" offset="0" sl="36" sc="9" el="36" ec="10" bec="0" bev="0" fileid="3" />
            </Method>
            <Method visited="true" cyclomaticComplexity="1" nPathComplexity="0" sequenceCoverage="0" branchCoverage="0" isConstructor="true" isStatic="false" isGetter="false" isSetter="false">
              <Summary numSequencePoints="0" visitedSequencePoints="0" numBranchPoints="0" visitedBranchPoints="0" sequenceCoverage="0" branchCoverage="0" maxCyclomaticComplexity="1" minCyclomaticComplexity="1" visitedClasses="0" numClasses="0" visitedMethods="0" numMethods="0" />
              <MetadataToken>100663335</MetadataToken>
              <Name>System.Void Helpful.TextParser.Test.LineValueExtractor.DelimitedLineValueExtractorTest::.ctor()</Name>
              <SequencePoints />
              <BranchPoints />
              <MethodPoint vc="1" uspid="73" ordinal="0" offset="0" />
            </Method>
          </Methods>
        </Class>
        <Class>
          <Summary numSequencePoints="8" visitedSequencePoints="8" numBranchPoints="1" visitedBranchPoints="1" sequenceCoverage="100" branchCoverage="100" maxCyclomaticComplexity="1" minCyclomaticComplexity="1" visitedClasses="1" numClasses="1" visitedMethods="1" numMethods="1" />
          <FullName>Helpful.TextParser.Test.LineValueExtractor.LineValueExtractorFactoryTest</FullName>
          <Methods>
            <Method visited="true" cyclomaticComplexity="1" nPathComplexity="0" sequenceCoverage="100" branchCoverage="100" isConstructor="false" isStatic="false" isGetter="false" isSetter="false">
              <Summary numSequencePoints="8" visitedSequencePoints="8" numBranchPoints="1" visitedBranchPoints="1" sequenceCoverage="100" branchCoverage="100" maxCyclomaticComplexity="1" minCyclomaticComplexity="1" visitedClasses="0" numClasses="0" visitedMethods="1" numMethods="1" />
              <MetadataToken>100663336</MetadataToken>
              <Name>System.Void Helpful.TextParser.Test.LineValueExtractor.LineValueExtractorFactoryTest::Get_ObtainsExtractor_Returns(Helpful.TextParser.Model.LineValueExtractorType)</Name>
              <FileRef uid="4" />
              <SequencePoints>
                <SequencePoint vc="2" uspid="74" ordinal="0" offset="0" sl="16" sc="9" el="16" ec="10" bec="0" bev="0" fileid="4" />
                <SequencePoint vc="2" uspid="75" ordinal="1" offset="1" sl="17" sc="13" el="17" ec="62" bec="0" bev="0" fileid="4" />
                <SequencePoint vc="2" uspid="76" ordinal="2" offset="7" sl="18" sc="13" el="18" ec="86" bec="0" bev="0" fileid="4" />
                <SequencePoint vc="2" uspid="77" ordinal="3" offset="77" sl="20" sc="13" el="20" ec="62" bec="0" bev="0" fileid="4" />
                <SequencePoint vc="2" uspid="78" ordinal="4" offset="83" sl="21" sc="13" el="21" ec="93" bec="0" bev="0" fileid="4" />
                <SequencePoint vc="2" uspid="79" ordinal="5" offset="153" sl="23" sc="13" el="23" ec="101" bec="0" bev="0" fileid="4" />
                <SequencePoint vc="2" uspid="80" ordinal="6" offset="183" sl="25" sc="13" el="25" ec="83" bec="0" bev="0" fileid="4" />
                <SequencePoint vc="2" uspid="81" ordinal="7" offset="202" sl="26" sc="9" el="26" ec="10" bec="0" bev="0" fileid="4" />
              </SequencePoints>
              <BranchPoints />
              <MethodPoint xsi:type="SequencePoint" vc="2" uspid="74" ordinal="0" offset="0" sl="16" sc="9" el="16" ec="10" bec="0" bev="0" fileid="4" />
            </Method>
            <Method visited="true" cyclomaticComplexity="1" nPathComplexity="0" sequenceCoverage="0" branchCoverage="0" isConstructor="true" isStatic="false" isGetter="false" isSetter="false">
              <Summary numSequencePoints="0" visitedSequencePoints="0" numBranchPoints="0" visitedBranchPoints="0" sequenceCoverage="0" branchCoverage="0" maxCyclomaticComplexity="1" minCyclomaticComplexity="1" visitedClasses="0" numClasses="0" visitedMethods="0" numMethods="0" />
              <MetadataToken>100663337</MetadataToken>
              <Name>System.Void Helpful.TextParser.Test.LineValueExtractor.LineValueExtractorFactoryTest::.ctor()</Name>
              <SequencePoints />
              <BranchPoints />
              <MethodPoint vc="1" uspid="82" ordinal="0" offset="0" />
            </Method>
          </Methods>
        </Class>
        <Class>
          <Summary numSequencePoints="9" visitedSequencePoints="9" numBranchPoints="1" visitedBranchPoints="1" sequenceCoverage="100" branchCoverage="100" maxCyclomaticComplexity="1" minCyclomaticComplexity="1" visitedClasses="1" numClasses="1" visitedMethods="1" numMethods="1" />
          <FullName>Helpful.TextParser.Test.LineValueExtractor.PositionedLineValueExtractorTest</FullName>
          <Methods>
            <Method visited="true" cyclomaticComplexity="1" nPathComplexity="0" sequenceCoverage="100" branchCoverage="100" isConstructor="false" isStatic="false" isGetter="false" isSetter="false">
              <Summary numSequencePoints="9" visitedSequencePoints="9" numBranchPoints="1" visitedBranchPoints="1" sequenceCoverage="100" branchCoverage="100" maxCyclomaticComplexity="1" minCyclomaticComplexity="1" visitedClasses="0" numClasses="0" visitedMethods="1" numMethods="1" />
              <MetadataToken>100663338</MetadataToken>
              <Name>System.Void Helpful.TextParser.Test.LineValueExtractor.PositionedLineValueExtractorTest::Extract_WithLines_ReturnsResult(System.String,System.Int32,System.Int32,System.Boolean,System.String)</Name>
              <FileRef uid="5" />
              <SequencePoints>
                <SequencePoint vc="4" uspid="83" ordinal="0" offset="0" sl="16" sc="9" el="16" ec="10" bec="0" bev="0" fileid="5" />
                <SequencePoint vc="4" uspid="84" ordinal="1" offset="1" sl="17" sc="13" el="17" ec="41" bec="0" bev="0" fileid="5" />
                <SequencePoint vc="4" uspid="85" ordinal="2" offset="7" sl="19" sc="13" el="19" ec="67" bec="0" bev="0" fileid="5" />
                <SequencePoint vc="4" uspid="86" ordinal="3" offset="25" sl="20" sc="13" el="20" ec="63" bec="0" bev="0" fileid="5" />
                <SequencePoint vc="4" uspid="87" ordinal="4" offset="43" sl="22" sc="13" el="22" ec="58" bec="0" bev="0" fileid="5" />
                <SequencePoint vc="4" uspid="88" ordinal="5" offset="49" sl="24" sc="13" el="24" ec="53" bec="0" bev="0" fileid="5" />
                <SequencePoint vc="4" uspid="89" ordinal="6" offset="59" sl="26" sc="13" el="26" ec="46" bec="0" bev="0" fileid="5" />
                <SequencePoint vc="4" uspid="90" ordinal="7" offset="73" sl="27" sc="13" el="27" ec="50" bec="0" bev="0" fileid="5" />
                <SequencePoint vc="4" uspid="91" ordinal="8" offset="87" sl="28" sc="9" el="28" ec="10" bec="0" bev="0" fileid="5" />
              </SequencePoints>
              <BranchPoints />
              <MethodPoint xsi:type="SequencePoint" vc="4" uspid="83" ordinal="0" offset="0" sl="16" sc="9" el="16" ec="10" bec="0" bev="0" fileid="5" />
            </Method>
            <Method visited="true" cyclomaticComplexity="1" nPathComplexity="0" sequenceCoverage="0" branchCoverage="0" isConstructor="true" isStatic="false" isGetter="false" isSetter="false">
              <Summary numSequencePoints="0" visitedSequencePoints="0" numBranchPoints="0" visitedBranchPoints="0" sequenceCoverage="0" branchCoverage="0" maxCyclomaticComplexity="1" minCyclomaticComplexity="1" visitedClasses="0" numClasses="0" visitedMethods="0" numMethods="0" />
              <MetadataToken>100663339</MetadataToken>
              <Name>System.Void Helpful.TextParser.Test.LineValueExtractor.PositionedLineValueExtractorTest::.ctor()</Name>
              <SequencePoints />
              <BranchPoints />
              <MethodPoint vc="1" uspid="92" ordinal="0" offset="0" />
            </Method>
          </Methods>
        </Class>
        <Class>
          <Summary numSequencePoints="75" visitedSequencePoints="75" numBranchPoints="7" visitedBranchPoints="7" sequenceCoverage="100" branchCoverage="100" maxCyclomaticComplexity="52" minCyclomaticComplexity="1" visitedClasses="1" numClasses="1" visitedMethods="7" numMethods="7" />
          <FullName>Helpful.TextParser.Test.Fluent.DelimitedDescriptorTest</FullName>
          <Methods>
            <Method visited="true" cyclomaticComplexity="1" nPathComplexity="0" sequenceCoverage="100" branchCoverage="100" isConstructor="false" isStatic="false" isGetter="false" isSetter="false">
              <Summary numSequencePoints="5" visitedSequencePoints="5" numBranchPoints="1" visitedBranchPoints="1" sequenceCoverage="100" branchCoverage="100" maxCyclomaticComplexity="1" minCyclomaticComplexity="1" visitedClasses="0" numClasses="0" visitedMethods="1" numMethods="1" />
              <MetadataToken>100663340</MetadataToken>
              <Name>System.Void Helpful.TextParser.Test.Fluent.DelimitedDescriptorTest::DelimitedDescriptor_Constructor_InitializeComponentCorrectly(System.String,System.String)</Name>
              <FileRef uid="6" />
              <SequencePoints>
                <SequencePoint vc="3" uspid="93" ordinal="0" offset="0" sl="20" sc="9" el="20" ec="10" bec="0" bev="0" fileid="6" />
                <SequencePoint vc="3" uspid="94" ordinal="1" offset="1" sl="21" sc="13" el="21" ec="92" bec="0" bev="0" fileid="6" />
                <SequencePoint vc="3" uspid="95" ordinal="2" offset="13" sl="23" sc="12" el="23" ec="77" bec="0" bev="0" fileid="6" />
                <SequencePoint vc="3" uspid="96" ordinal="3" offset="41" sl="24" sc="12" el="24" ec="98" bec="0" bev="0" fileid="6" />
                <SequencePoint vc="3" uspid="97" ordinal="4" offset="59" sl="25" sc="9" el="25" ec="10" bec="0" bev="0" fileid="6" />
              </SequencePoints>
              <BranchPoints />
              <MethodPoint xsi:type="SequencePoint" vc="3" uspid="93" ordinal="0" offset="0" sl="20" sc="9" el="20" ec="10" bec="0" bev="0" fileid="6" />
            </Method>
            <Method visited="true" cyclomaticComplexity="1" nPathComplexity="0" sequenceCoverage="100" branchCoverage="100" isConstructor="false" isStatic="false" isGetter="false" isSetter="false">
              <Summary numSequencePoints="6" visitedSequencePoints="6" numBranchPoints="1" visitedBranchPoints="1" sequenceCoverage="100" branchCoverage="100" maxCyclomaticComplexity="1" minCyclomaticComplexity="1" visitedClasses="0" numClasses="0" visitedMethods="1" numMethods="1" />
              <MetadataToken>100663341</MetadataToken>
              <Name>System.Void Helpful.TextParser.Test.Fluent.DelimitedDescriptorTest::DelimitedDescriptor_WithoutTagProperties_RightQuantityOfProperties()</Name>
              <FileRef uid="6" />
              <SequencePoints>
                <SequencePoint vc="1" uspid="98" ordinal="0" offset="0" sl="29" sc="9" el="29" ec="10" bec="0" bev="0" fileid="6" />
                <SequencePoint vc="1" uspid="99" ordinal="1" offset="1" sl="30" sc="13" el="30" ec="92" bec="0" bev="0" fileid="6" />
                <SequencePoint vc="1" uspid="100" ordinal="2" offset="17" sl="32" sc="13" el="32" ec="44" bec="0" bev="0" fileid="6" />
                <SequencePoint vc="1" uspid="101" ordinal="3" offset="24" sl="34" sc="13" el="34" ec="78" bec="0" bev="0" fileid="6" />
                <SequencePoint vc="1" uspid="102" ordinal="4" offset="42" sl="35" sc="13" el="35" ec="66" bec="0" bev="0" fileid="6" />
                <SequencePoint vc="1" uspid="103" ordinal="5" offset="69" sl="36" sc="9" el="36" ec="10" bec="0" bev="0" fileid="6" />
              </SequencePoints>
              <BranchPoints />
              <MethodPoint xsi:type="SequencePoint" vc="1" uspid="98" ordinal="0" offset="0" sl="29" sc="9" el="29" ec="10" bec="0" bev="0" fileid="6" />
            </Method>
            <Method visited="true" cyclomaticComplexity="9" nPathComplexity="0" sequenceCoverage="100" branchCoverage="100" isConstructor="false" isStatic="false" isGetter="false" isSetter="false">
              <Summary numSequencePoints="12" visitedSequencePoints="12" numBranchPoints="1" visitedBranchPoints="1" sequenceCoverage="100" branchCoverage="100" maxCyclomaticComplexity="9" minCyclomaticComplexity="9" visitedClasses="0" numClasses="0" visitedMethods="1" numMethods="1" />
              <MetadataToken>100663342</MetadataToken>
              <Name>System.Void Helpful.TextParser.Test.Fluent.DelimitedDescriptorTest::DelimitedDescriptor_MapToWithoutTag_ElementIsPropertyCollection()</Name>
              <FileRef uid="6" />
              <SequencePoints>
                <SequencePoint vc="1" uspid="104" ordinal="0" offset="0" sl="40" sc="9" el="40" ec="10" bec="0" bev="0" fileid="6" />
                <SequencePoint vc="1" uspid="105" ordinal="1" offset="1" sl="41" sc="13" el="41" ec="92" bec="0" bev="0" fileid="6" />
                <SequencePoint vc="1" uspid="106" ordinal="2" offset="17" sl="43" sc="13" el="48" ec="20" bec="0" bev="0" fileid="6" />
                <SequencePoint vc="1" uspid="107" ordinal="3" offset="60" sl="48" sc="21" el="48" ec="22" bec="0" bev="0" fileid="6" />
                <SequencePoint vc="1" uspid="108" ordinal="4" offset="61" sl="50" sc="13" el="50" ec="98" bec="0" bev="0" fileid="6" />
                <SequencePoint vc="1" uspid="109" ordinal="5" offset="114" sl="51" sc="13" el="51" ec="123" bec="0" bev="0" fileid="6" />
                <SequencePoint vc="1" uspid="110" ordinal="6" offset="173" sl="52" sc="13" el="52" ec="114" bec="0" bev="0" fileid="6" />
                <SequencePoint vc="1" uspid="111" ordinal="7" offset="242" sl="53" sc="13" el="53" ec="98" bec="0" bev="0" fileid="6" />
                <SequencePoint vc="1" uspid="112" ordinal="8" offset="295" sl="54" sc="13" el="54" ec="123" bec="0" bev="0" fileid="6" />
                <SequencePoint vc="1" uspid="113" ordinal="9" offset="354" sl="55" sc="13" el="55" ec="114" bec="0" bev="0" fileid="6" />
                <SequencePoint vc="1" uspid="114" ordinal="10" offset="423" sl="57" sc="13" el="57" ec="121" bec="0" bev="0" fileid="6" />
                <SequencePoint vc="1" uspid="115" ordinal="11" offset="492" sl="58" sc="9" el="58" ec="10" bec="0" bev="0" fileid="6" />
              </SequencePoints>
              <BranchPoints />
              <MethodPoint xsi:type="SequencePoint" vc="1" uspid="104" ordinal="0" offset="0" sl="40" sc="9" el="40" ec="10" bec="0" bev="0" fileid="6" />
            </Method>
            <Method visited="true" cyclomaticComplexity="1" nPathComplexity="0" sequenceCoverage="100" branchCoverage="100" isConstructor="false" isStatic="false" isGetter="false" isSetter="false">
              <Summary numSequencePoints="7" visitedSequencePoints="7" numBranchPoints="1" visitedBranchPoints="1" sequenceCoverage="100" branchCoverage="100" maxCyclomaticComplexity="1" minCyclomaticComplexity="1" visitedClasses="0" numClasses="0" visitedMethods="1" numMethods="1" />
              <MetadataToken>100663343</MetadataToken>
              <Name>System.Void Helpful.TextParser.Test.Fluent.DelimitedDescriptorTest::DelimitedDescriptor_MapToWithTag_HasRightTag(System.String,System.String)</Name>
              <FileRef uid="6" />
              <SequencePoints>
                <SequencePoint vc="3" uspid="132" ordinal="0" offset="0" sl="65" sc="9" el="65" ec="10" bec="0" bev="0" fileid="6" />
                <SequencePoint vc="3" uspid="133" ordinal="1" offset="1" sl="66" sc="13" el="66" ec="92" bec="0" bev="0" fileid="6" />
                <SequencePoint vc="3" uspid="134" ordinal="2" offset="17" sl="68" sc="13" el="68" ec="47" bec="0" bev="0" fileid="6" />
                <SequencePoint vc="3" uspid="135" ordinal="3" offset="25" sl="70" sc="13" el="70" ec="63" bec="0" bev="0" fileid="6" />
                <SequencePoint vc="3" uspid="136" ordinal="4" offset="43" sl="71" sc="13" el="71" ec="54" bec="0" bev="0" fileid="6" />
                <SequencePoint vc="3" uspid="137" ordinal="5" offset="61" sl="72" sc="13" el="72" ec="66" bec="0" bev="0" fileid="6" />
                <SequencePoint vc="3" uspid="138" ordinal="6" offset="88" sl="73" sc="9" el="73" ec="10" bec="0" bev="0" fileid="6" />
              </SequencePoints>
              <BranchPoints />
              <MethodPoint xsi:type="SequencePoint" vc="3" uspid="132" ordinal="0" offset="0" sl="65" sc="9" el="65" ec="10" bec="0" bev="0" fileid="6" />
            </Method>
            <Method visited="true" cyclomaticComplexity="1" nPathComplexity="0" sequenceCoverage="100" branchCoverage="100" isConstructor="false" isStatic="false" isGetter="false" isSetter="false">
              <Summary numSequencePoints="4" visitedSequencePoints="4" numBranchPoints="1" visitedBranchPoints="1" sequenceCoverage="100" branchCoverage="100" maxCyclomaticComplexity="1" minCyclomaticComplexity="1" visitedClasses="0" numClasses="0" visitedMethods="1" numMethods="1" />
              <MetadataToken>100663344</MetadataToken>
              <Name>System.Void Helpful.TextParser.Test.Fluent.DelimitedDescriptorTest::DelimitedDescriptor_TagIsEmpty_ThrowsArgumentException(System.String)</Name>
              <FileRef uid="6" />
              <SequencePoints>
                <SequencePoint vc="2" uspid="139" ordinal="0" offset="13" sl="79" sc="9" el="79" ec="10" bec="0" bev="0" fileid="6" />
                <SequencePoint vc="2" uspid="140" ordinal="1" offset="14" sl="80" sc="13" el="80" ec="92" bec="0" bev="0" fileid="6" />
                <SequencePoint vc="2" uspid="141" ordinal="2" offset="35" sl="82" sc="13" el="82" ec="87" bec="0" bev="0" fileid="6" />
                <SequencePoint vc="2" uspid="142" ordinal="3" offset="53" sl="83" sc="9" el="83" ec="10" bec="0" bev="0" fileid="6" />
              </SequencePoints>
              <BranchPoints />
              <MethodPoint vc="2" uspid="143" ordinal="0" offset="0" />
            </Method>
            <Method visited="true" cyclomaticComplexity="1" nPathComplexity="0" sequenceCoverage="100" branchCoverage="100" isConstructor="false" isStatic="false" isGetter="false" isSetter="false">
              <Summary numSequencePoints="5" visitedSequencePoints="5" numBranchPoints="1" visitedBranchPoints="1" sequenceCoverage="100" branchCoverage="100" maxCyclomaticComplexity="1" minCyclomaticComplexity="1" visitedClasses="0" numClasses="0" visitedMethods="1" numMethods="1" />
              <MetadataToken>100663345</MetadataToken>
              <Name>System.Void Helpful.TextParser.Test.Fluent.DelimitedDescriptorTest::DelimitedDescriptor_Position_HasRightPosition(System.Int32,System.Int32)</Name>
              <FileRef uid="6" />
              <SequencePoints>
                <SequencePoint vc="3" uspid="144" ordinal="0" offset="0" sl="90" sc="9" el="90" ec="10" bec="0" bev="0" fileid="6" />
                <SequencePoint vc="3" uspid="145" ordinal="1" offset="1" sl="91" sc="13" el="91" ec="92" bec="0" bev="0" fileid="6" />
                <SequencePoint vc="3" uspid="146" ordinal="2" offset="17" sl="93" sc="13" el="93" ec="68" bec="0" bev="0" fileid="6" />
                <SequencePoint vc="3" uspid="147" ordinal="3" offset="35" sl="95" sc="13" el="95" ec="71" bec="0" bev="0" fileid="6" />
                <SequencePoint vc="3" uspid="148" ordinal="4" offset="63" sl="96" sc="9" el="96" ec="10" bec="0" bev="0" fileid="6" />
              </SequencePoints>
              <BranchPoints />
              <MethodPoint xsi:type="SequencePoint" vc="3" uspid="144" ordinal="0" offset="0" sl="90" sc="9" el="90" ec="10" bec="0" bev="0" fileid="6" />
            </Method>
            <Method visited="true" cyclomaticComplexity="52" nPathComplexity="0" sequenceCoverage="100" branchCoverage="100" isConstructor="false" isStatic="false" isGetter="false" isSetter="false">
              <Summary numSequencePoints="36" visitedSequencePoints="36" numBranchPoints="1" visitedBranchPoints="1" sequenceCoverage="100" branchCoverage="100" maxCyclomaticComplexity="52" minCyclomaticComplexity="52" visitedClasses="0" numClasses="0" visitedMethods="1" numMethods="1" />
              <MetadataToken>100663346</MetadataToken>
              <Name>System.Void Helpful.TextParser.Test.Fluent.DelimitedDescriptorTest::DelimitedDescriptor_WithTagAddProperties_AllTagsHaveParentDelimitationString()</Name>
              <FileRef uid="6" />
              <SequencePoints>
                <SequencePoint vc="1" uspid="149" ordinal="0" offset="0" sl="100" sc="9" el="100" ec="10" bec="0" bev="0" fileid="6" />
                <SequencePoint vc="1" uspid="150" ordinal="1" offset="1" sl="101" sc="13" el="101" ec="97" bec="0" bev="0" fileid="6" />
                <SequencePoint vc="1" uspid="151" ordinal="2" offset="17" sl="103" sc="13" el="121" ec="20" bec="0" bev="0" fileid="6" />
                <SequencePoint vc="1" uspid="152" ordinal="3" offset="71" sl="123" sc="13" el="123" ec="98" bec="0" bev="0" fileid="6" />
                <SequencePoint vc="1" uspid="153" ordinal="4" offset="124" sl="124" sc="13" el="124" ec="123" bec="0" bev="0" fileid="6" />
[...]
                <SequencePoint vc="2" uspid="1359" ordinal="3" offset="25" sl="26" sc="13" el="29" ec="15" bec="0" bev="0" fileid="61" />
                <SequencePoint vc="2" uspid="1360" ordinal="4" offset="44" sl="31" sc="13" el="31" ec="50" bec="0" bev="0" fileid="61" />
                <SequencePoint vc="2" uspid="1361" ordinal="5" offset="62" sl="33" sc="13" el="33" ec="25" bec="0" bev="0" fileid="61" />
                <SequencePoint vc="2" uspid="1362" ordinal="6" offset="66" sl="34" sc="9" el="34" ec="10" bec="0" bev="0" fileid="61" />
              </SequencePoints>
              <BranchPoints />
              <MethodPoint xsi:type="SequencePoint" vc="2" uspid="1356" ordinal="0" offset="0" sl="21" sc="9" el="21" ec="10" bec="0" bev="0" fileid="61" />
            </Method>
            <Method visited="true" cyclomaticComplexity="1" nPathComplexity="0" sequenceCoverage="100" branchCoverage="100" isConstructor="false" isStatic="false" isGetter="false" isSetter="false">
              <Summary numSequencePoints="6" visitedSequencePoints="6" numBranchPoints="1" visitedBranchPoints="1" sequenceCoverage="100" branchCoverage="100" maxCyclomaticComplexity="1" minCyclomaticComplexity="1" visitedClasses="0" numClasses="0" visitedMethods="1" numMethods="1" />
              <MetadataToken>100663434</MetadataToken>
              <Name>Helpful.TextParser.Fluent.Interface.IDelimitedPropertyOnlyRequiredDescriptor Helpful.TextParser.Fluent.Impl.DelimitedPropertyOnlyDescriptor`1::Position(System.Int32)</Name>
              <FileRef uid="61" />
              <SequencePoints>
                <SequencePoint vc="2" uspid="1363" ordinal="0" offset="0" sl="37" sc="9" el="37" ec="10" bec="0" bev="0" fileid="61" />
                <SequencePoint vc="2" uspid="1364" ordinal="1" offset="1" sl="38" sc="13" el="38" ec="58" bec="0" bev="0" fileid="61" />
                <SequencePoint vc="2" uspid="1365" ordinal="2" offset="18" sl="40" sc="13" el="40" ec="56" bec="0" bev="0" fileid="61" />
                <SequencePoint vc="2" uspid="1366" ordinal="3" offset="26" sl="41" sc="13" el="41" ec="57" bec="0" bev="0" fileid="61" />
                <SequencePoint vc="2" uspid="1367" ordinal="4" offset="44" sl="43" sc="13" el="43" ec="25" bec="0" bev="0" fileid="61" />
                <SequencePoint vc="2" uspid="1368" ordinal="5" offset="48" sl="44" sc="9" el="44" ec="10" bec="0" bev="0" fileid="61" />
              </SequencePoints>
              <BranchPoints />
              <MethodPoint xsi:type="SequencePoint" vc="2" uspid="1363" ordinal="0" offset="0" sl="37" sc="9" el="37" ec="10" bec="0" bev="0" fileid="61" />
            </Method>
            <Method visited="true" cyclomaticComplexity="1" nPathComplexity="0" sequenceCoverage="100" branchCoverage="100" isConstructor="false" isStatic="false" isGetter="false" isSetter="false">
              <Summary numSequencePoints="4" visitedSequencePoints="4" numBranchPoints="1" visitedBranchPoints="1" sequenceCoverage="100" branchCoverage="100" maxCyclomaticComplexity="1" minCyclomaticComplexity="1" visitedClasses="0" numClasses="0" visitedMethods="1" numMethods="1" />
              <MetadataToken>100663435</MetadataToken>
              <Name>System.Void Helpful.TextParser.Fluent.Impl.DelimitedPropertyOnlyDescriptor`1::Required()</Name>
              <FileRef uid="61" />
              <SequencePoints>
                <SequencePoint vc="1" uspid="1369" ordinal="0" offset="0" sl="47" sc="9" el="47" ec="10" bec="0" bev="0" fileid="61" />
                <SequencePoint vc="1" uspid="1370" ordinal="1" offset="1" sl="48" sc="13" el="48" ec="58" bec="0" bev="0" fileid="61" />
                <SequencePoint vc="1" uspid="1371" ordinal="2" offset="18" sl="50" sc="13" el="50" ec="37" bec="0" bev="0" fileid="61" />
                <SequencePoint vc="1" uspid="1372" ordinal="3" offset="26" sl="51" sc="9" el="51" ec="10" bec="0" bev="0" fileid="61" />
              </SequencePoints>
              <BranchPoints />
              <MethodPoint xsi:type="SequencePoint" vc="1" uspid="1369" ordinal="0" offset="0" sl="47" sc="9" el="47" ec="10" bec="0" bev="0" fileid="61" />
            </Method>
            <Method visited="true" cyclomaticComplexity="1" nPathComplexity="0" sequenceCoverage="100" branchCoverage="100" isConstructor="false" isStatic="false" isGetter="false" isSetter="false">
              <Summary numSequencePoints="4" visitedSequencePoints="4" numBranchPoints="1" visitedBranchPoints="1" sequenceCoverage="100" branchCoverage="100" maxCyclomaticComplexity="1" minCyclomaticComplexity="1" visitedClasses="0" numClasses="0" visitedMethods="1" numMethods="1" />
              <MetadataToken>100663436</MetadataToken>
              <Name>System.Void Helpful.TextParser.Fluent.Impl.DelimitedPropertyOnlyDescriptor`1::NotRequired()</Name>
              <FileRef uid="61" />
              <SequencePoints>
                <SequencePoint vc="1" uspid="1373" ordinal="0" offset="0" sl="54" sc="9" el="54" ec="10" bec="0" bev="0" fileid="61" />
                <SequencePoint vc="1" uspid="1374" ordinal="1" offset="1" sl="55" sc="13" el="55" ec="58" bec="0" bev="0" fileid="61" />
                <SequencePoint vc="1" uspid="1375" ordinal="2" offset="18" sl="57" sc="13" el="57" ec="38" bec="0" bev="0" fileid="61" />
                <SequencePoint vc="1" uspid="1376" ordinal="3" offset="26" sl="58" sc="9" el="58" ec="10" bec="0" bev="0" fileid="61" />
              </SequencePoints>
              <BranchPoints />
              <MethodPoint xsi:type="SequencePoint" vc="1" uspid="1373" ordinal="0" offset="0" sl="54" sc="9" el="54" ec="10" bec="0" bev="0" fileid="61" />
            </Method>
          </Methods>
        </Class>
        <Class>
          <Summary numSequencePoints="17" visitedSequencePoints="15" numBranchPoints="5" visitedBranchPoints="4" sequenceCoverage="88.24" branchCoverage="80" maxCyclomaticComplexity="2" minCyclomaticComplexity="1" visitedClasses="1" numClasses="1" visitedMethods="3" numMethods="3" />
          <FullName>Helpful.TextParser.Fluent.Impl.PositionedPropertyPositionDescriptor`1</FullName>
          <Methods>
            <Method visited="true" cyclomaticComplexity="1" nPathComplexity="0" sequenceCoverage="100" branchCoverage="100" isConstructor="true" isStatic="false" isGetter="false" isSetter="false">
              <Summary numSequencePoints="4" visitedSequencePoints="4" numBranchPoints="1" visitedBranchPoints="1" sequenceCoverage="100" branchCoverage="100" maxCyclomaticComplexity="1" minCyclomaticComplexity="1" visitedClasses="0" numClasses="0" visitedMethods="1" numMethods="1" />
              <MetadataToken>100663437</MetadataToken>
              <Name>System.Void Helpful.TextParser.Fluent.Impl.PositionedPropertyPositionDescriptor`1::.ctor(Helpful.TextParser.Model.Element)</Name>
              <FileRef uid="62" />
              <SequencePoints>
                <SequencePoint vc="3" uspid="1377" ordinal="0" offset="0" sl="13" sc="9" el="13" ec="69" bec="0" bev="0" fileid="62" />
                <SequencePoint vc="3" uspid="1378" ordinal="1" offset="7" sl="14" sc="9" el="14" ec="10" bec="0" bev="0" fileid="62" />
                <SequencePoint vc="3" uspid="1379" ordinal="2" offset="8" sl="15" sc="13" el="15" ec="32" bec="0" bev="0" fileid="62" />
                <SequencePoint vc="3" uspid="1380" ordinal="3" offset="15" sl="16" sc="9" el="16" ec="10" bec="0" bev="0" fileid="62" />
              </SequencePoints>
              <BranchPoints />
              <MethodPoint xsi:type="SequencePoint" vc="3" uspid="1377" ordinal="0" offset="0" sl="13" sc="9" el="13" ec="69" bec="0" bev="0" fileid="62" />
            </Method>
            <Method visited="true" cyclomaticComplexity="2" nPathComplexity="2" sequenceCoverage="75" branchCoverage="66.67" isConstructor="false" isStatic="false" isGetter="false" isSetter="false">
              <Summary numSequencePoints="8" visitedSequencePoints="6" numBranchPoints="3" visitedBranchPoints="2" sequenceCoverage="75" branchCoverage="66.67" maxCyclomaticComplexity="2" minCyclomaticComplexity="2" visitedClasses="0" numClasses="0" visitedMethods="1" numMethods="1" />
              <MetadataToken>100663438</MetadataToken>
              <Name>Helpful.TextParser.Fluent.Interface.IPositionedPropertyPropertiesDescriptor`1&lt;TClass&gt; Helpful.TextParser.Fluent.Impl.PositionedPropertyPositionDescriptor`1::Position(System.Int32,System.Int32)</Name>
              <FileRef uid="62" />
              <SequencePoints>
                <SequencePoint vc="3" uspid="1381" ordinal="0" offset="0" sl="19" sc="9" el="19" ec="10" bec="0" bev="0" fileid="62" />
                <SequencePoint vc="3" uspid="1382" ordinal="1" offset="1" sl="20" sc="13" el="20" ec="46" bec="2" bev="1" fileid="62" />
                <SequencePoint vc="0" uspid="1383" ordinal="2" offset="12" sl="21" sc="13" el="21" ec="14" bec="0" bev="0" fileid="62" />
                <SequencePoint vc="0" uspid="1384" ordinal="3" offset="13" sl="22" sc="17" el="22" ec="150" bec="0" bev="0" fileid="62" />
                <SequencePoint vc="3" uspid="1385" ordinal="4" offset="56" sl="25" sc="13" el="25" ec="68" bec="0" bev="0" fileid="62" />
                <SequencePoint vc="3" uspid="1386" ordinal="5" offset="79" sl="26" sc="13" el="26" ec="64" bec="0" bev="0" fileid="62" />
                <SequencePoint vc="3" uspid="1387" ordinal="6" offset="102" sl="28" sc="13" el="28" ec="25" bec="0" bev="0" fileid="62" />
                <SequencePoint vc="3" uspid="1388" ordinal="7" offset="106" sl="29" sc="9" el="29" ec="10" bec="0" bev="0" fileid="62" />
              </SequencePoints>
              <BranchPoints>
                <BranchPoint vc="0" uspid="1389" ordinal="0" offset="10" sl="20" path="0" offsetend="12" fileid="62" />
                <BranchPoint vc="3" uspid="1390" ordinal="1" offset="10" sl="20" path="1" offsetend="56" fileid="62" />
              </BranchPoints>
              <MethodPoint xsi:type="SequencePoint" vc="3" uspid="1381" ordinal="0" offset="0" sl="19" sc="9" el="19" ec="10" bec="0" bev="0" fileid="62" />
            </Method>
            <Method visited="true" cyclomaticComplexity="1" nPathComplexity="0" sequenceCoverage="100" branchCoverage="100" isConstructor="false" isStatic="false" isGetter="false" isSetter="false">
              <Summary numSequencePoints="5" visitedSequencePoints="5" numBranchPoints="1" visitedBranchPoints="1" sequenceCoverage="100" branchCoverage="100" maxCyclomaticComplexity="1" minCyclomaticComplexity="1" visitedClasses="0" numClasses="0" visitedMethods="1" numMethods="1" />
              <MetadataToken>100663439</MetadataToken>
              <Name>System.Void Helpful.TextParser.Fluent.Impl.PositionedPropertyPositionDescriptor`1::Properties(System.Action`1&lt;Helpful.TextParser.Fluent.Interface.IPositionedPropertyDescriptor`1&lt;TClass&gt;&gt;)</Name>
              <FileRef uid="62" />
              <SequencePoints>
                <SequencePoint vc="2" uspid="1391" ordinal="0" offset="0" sl="32" sc="9" el="32" ec="10" bec="0" bev="0" fileid="62" />
                <SequencePoint vc="2" uspid="1392" ordinal="1" offset="1" sl="33" sc="13" el="33" ec="34" bec="0" bev="0" fileid="62" />
                <SequencePoint vc="2" uspid="1393" ordinal="2" offset="8" sl="35" sc="13" el="35" ec="98" bec="0" bev="0" fileid="62" />
                <SequencePoint vc="2" uspid="1394" ordinal="3" offset="20" sl="37" sc="13" el="37" ec="50" bec="0" bev="0" fileid="62" />
                <SequencePoint vc="2" uspid="1395" ordinal="4" offset="33" sl="38" sc="9" el="38" ec="10" bec="0" bev="0" fileid="62" />
              </SequencePoints>
              <BranchPoints />
              <MethodPoint xsi:type="SequencePoint" vc="2" uspid="1391" ordinal="0" offset="0" sl="32" sc="9" el="32" ec="10" bec="0" bev="0" fileid="62" />
            </Method>
          </Methods>
        </Class>
        <Class>
          <Summary numSequencePoints="13" visitedSequencePoints="13" numBranchPoints="3" visitedBranchPoints="3" sequenceCoverage="100" branchCoverage="100" maxCyclomaticComplexity="1" minCyclomaticComplexity="1" visitedClasses="1" numClasses="1" visitedMethods="3" numMethods="3" />
          <FullName>Helpful.TextParser.Fluent.Impl.DelimitedPropertyPositionDescriptor`1</FullName>
          <Methods>
            <Method visited="true" cyclomaticComplexity="1" nPathComplexity="0" sequenceCoverage="100" branchCoverage="100" isConstructor="true" isStatic="false" isGetter="false" isSetter="false">
              <Summary numSequencePoints="4" visitedSequencePoints="4" numBranchPoints="1" visitedBranchPoints="1" sequenceCoverage="100" branchCoverage="100" maxCyclomaticComplexity="1" minCyclomaticComplexity="1" visitedClasses="0" numClasses="0" visitedMethods="1" numMethods="1" />
              <MetadataToken>100663440</MetadataToken>
              <Name>System.Void Helpful.TextParser.Fluent.Impl.DelimitedPropertyPositionDescriptor`1::.ctor(Helpful.TextParser.Model.Element)</Name>
              <FileRef uid="63" />
              <SequencePoints>
                <SequencePoint vc="3" uspid="1396" ordinal="0" offset="0" sl="13" sc="9" el="13" ec="68" bec="0" bev="0" fileid="63" />
                <SequencePoint vc="3" uspid="1397" ordinal="1" offset="7" sl="14" sc="9" el="14" ec="10" bec="0" bev="0" fileid="63" />
                <SequencePoint vc="3" uspid="1398" ordinal="2" offset="8" sl="15" sc="13" el="15" ec="32" bec="0" bev="0" fileid="63" />
                <SequencePoint vc="3" uspid="1399" ordinal="3" offset="15" sl="16" sc="9" el="16" ec="10" bec="0" bev="0" fileid="63" />
              </SequencePoints>
              <BranchPoints />
              <MethodPoint xsi:type="SequencePoint" vc="3" uspid="1396" ordinal="0" offset="0" sl="13" sc="9" el="13" ec="68" bec="0" bev="0" fileid="63" />
            </Method>
            <Method visited="true" cyclomaticComplexity="1" nPathComplexity="0" sequenceCoverage="100" branchCoverage="100" isConstructor="false" isStatic="false" isGetter="false" isSetter="false">
              <Summary numSequencePoints="4" visitedSequencePoints="4" numBranchPoints="1" visitedBranchPoints="1" sequenceCoverage="100" branchCoverage="100" maxCyclomaticComplexity="1" minCyclomaticComplexity="1" visitedClasses="0" numClasses="0" visitedMethods="1" numMethods="1" />
              <MetadataToken>100663441</MetadataToken>
              <Name>Helpful.TextParser.Fluent.Interface.IDelimitedPropertyPropertiesDescriptor`1&lt;TClass&gt; Helpful.TextParser.Fluent.Impl.DelimitedPropertyPositionDescriptor`1::Position(System.Int32)</Name>
              <FileRef uid="63" />
              <SequencePoints>
                <SequencePoint vc="3" uspid="1400" ordinal="0" offset="0" sl="19" sc="9" el="19" ec="10" bec="0" bev="0" fileid="63" />
                <SequencePoint vc="3" uspid="1401" ordinal="1" offset="1" sl="20" sc="13" el="20" ec="58" bec="0" bev="0" fileid="63" />
                <SequencePoint vc="3" uspid="1402" ordinal="2" offset="24" sl="22" sc="13" el="22" ec="25" bec="0" bev="0" fileid="63" />
                <SequencePoint vc="3" uspid="1403" ordinal="3" offset="28" sl="23" sc="9" el="23" ec="10" bec="0" bev="0" fileid="63" />
              </SequencePoints>
              <BranchPoints />
              <MethodPoint xsi:type="SequencePoint" vc="3" uspid="1400" ordinal="0" offset="0" sl="19" sc="9" el="19" ec="10" bec="0" bev="0" fileid="63" />
            </Method>
            <Method visited="true" cyclomaticComplexity="1" nPathComplexity="0" sequenceCoverage="100" branchCoverage="100" isConstructor="false" isStatic="false" isGetter="false" isSetter="false">
              <Summary numSequencePoints="5" visitedSequencePoints="5" numBranchPoints="1" visitedBranchPoints="1" sequenceCoverage="100" branchCoverage="100" maxCyclomaticComplexity="1" minCyclomaticComplexity="1" visitedClasses="0" numClasses="0" visitedMethods="1" numMethods="1" />
              <MetadataToken>100663442</MetadataToken>
              <Name>System.Void Helpful.TextParser.Fluent.Impl.DelimitedPropertyPositionDescriptor`1::Properties(System.Action`1&lt;Helpful.TextParser.Fluent.Interface.IDelimitedPropertyDescriptor`1&lt;TClass&gt;&gt;)</Name>
              <FileRef uid="63" />
              <SequencePoints>
                <SequencePoint vc="2" uspid="1404" ordinal="0" offset="0" sl="26" sc="9" el="26" ec="10" bec="0" bev="0" fileid="63" />
                <SequencePoint vc="2" uspid="1405" ordinal="1" offset="1" sl="27" sc="13" el="27" ec="34" bec="0" bev="0" fileid="63" />
                <SequencePoint vc="2" uspid="1406" ordinal="2" offset="8" sl="29" sc="13" el="29" ec="97" bec="0" bev="0" fileid="63" />
                <SequencePoint vc="2" uspid="1407" ordinal="3" offset="20" sl="31" sc="13" el="31" ec="50" bec="0" bev="0" fileid="63" />
                <SequencePoint vc="2" uspid="1408" ordinal="4" offset="33" sl="32" sc="9" el="32" ec="10" bec="0" bev="0" fileid="63" />
              </SequencePoints>
              <BranchPoints />
              <MethodPoint xsi:type="SequencePoint" vc="2" uspid="1404" ordinal="0" offset="0" sl="26" sc="9" el="26" ec="10" bec="0" bev="0" fileid="63" />
            </Method>
          </Methods>
        </Class>
      </Classes>
    </Module>
    <Module skippedDueTo="Filter" hash="88-45-F0-9C-3C-9F-72-79-CB-6A-82-FA-D7-DB-C3-4A-59-80-3C-6B">
      <ModulePath>C:\WINDOWS\Microsoft.Net\assembly\GAC_MSIL\System.Xml\v4.0_4.0.0.0__b77a5c561934e089\System.Xml.dll</ModulePath>
      <ModuleTime>2016-07-16T11:43:55.4992744Z</ModuleTime>
      <ModuleName>System.Xml</ModuleName>
      <Classes />
    </Module>
    <Module skippedDueTo="Filter" hash="34-9C-B1-D6-36-C6-B5-9F-A6-6E-83-F4-85-9A-0F-37-A7-F0-8D-02">
      <ModulePath>C:\Users\RonaldRicardo\Source\Repos\Helpful.TextParser\Helpful.TextParser.Test\bin\Debug\Moq.dll</ModulePath>
      <ModuleTime>2017-03-27T00:59:10Z</ModuleTime>
      <ModuleName>Moq</ModuleName>
      <Classes />
    </Module>
    <Module skippedDueTo="Filter" hash="75-89-DB-0A-A4-AC-9C-22-21-F2-A6-FE-5C-75-4A-49-28-CE-5B-B3">
      <ModulePath>C:\Users\RonaldRicardo\Source\Repos\Helpful.TextParser\Helpful.TextParser.Test\bin\Debug\Shouldly.dll</ModulePath>
      <ModuleTime>2016-08-13T07:02:38Z</ModuleTime>
      <ModuleName>Shouldly</ModuleName>
      <Classes />
    </Module>
    <Module skippedDueTo="Filter" hash="">
      <ModulePath>RefEmit_InMemoryManifestModule</ModulePath>
      <ModuleTime>0001-01-01T00:00:00</ModuleTime>
      <ModuleName>Anonymously Hosted DynamicMethods Assembly</ModuleName>
      <Classes />
    </Module>
    <Module skippedDueTo="Filter" hash="A3-09-9D-C9-2F-8D-F7-55-B0-7D-76-E4-D8-07-6F-8D-70-0A-35-14">
      <ModulePath>C:\Users\RonaldRicardo\Source\Repos\Helpful.TextParser\Helpful.TextParser.Test\bin\Debug\Castle.Core.dll</ModulePath>
      <ModuleTime>2017-01-24T22:26:06Z</ModuleTime>
      <ModuleName>Castle.Core</ModuleName>
      <Classes />
    </Module>
    <Module skippedDueTo="Filter" hash="34-A3-5D-67-8E-E7-DB-60-FE-97-F3-BD-D4-E7-40-6B-00-DA-51-C8">
      <ModulePath>C:\WINDOWS\Microsoft.Net\assembly\GAC_MSIL\System.Configuration\v4.0_4.0.0.0__b03f5f7f11d50a3a\System.Configuration.dll</ModulePath>
      <ModuleTime>2016-07-16T11:43:53.9992781Z</ModuleTime>
      <ModuleName>System.Configuration</ModuleName>
      <Classes />
    </Module>
    <Module skippedDueTo="Filter" hash="">
      <ModulePath>RefEmit_InMemoryManifestModule</ModulePath>
      <ModuleTime>0001-01-01T00:00:00</ModuleTime>
      <ModuleName>DynamicProxyGenAssembly2</ModuleName>
      <Classes />
    </Module>
    <Module skippedDueTo="Filter" hash="">
      <ModulePath>RefEmit_InMemoryManifestModule</ModulePath>
      <ModuleTime>0001-01-01T00:00:00</ModuleTime>
      <ModuleName>DynamicProxyGenAssembly2</ModuleName>
      <Classes />
    </Module>
  </Modules>
</CoverageSession>